This file contains any messages produced by compilers while
running configure, to aid debugging if configure makes a mistake.

It was created by Berkeley DB configure 4.8.30, which was
generated by GNU Autoconf 2.65.  Invocation command line was

  $ ../dist/configure CC=/opt/buildroot-gcc463/usr/bin/mipsel-linux-gcc LD=/opt/buildroot-gcc463/usr/bin/mipsel-linux-ld --build=i686-redhat-linux --host=mipsel-linux CFLAGS=-Os --disable-cryptography --disable-hash --disable-queue --disable-replication --disable-statistics --disable-verify --disable-compat185 --disable-diagnostic --disable-dump185 --disable-java --disable-mingw --disable-o_direct --enable-posixmutexes --disable-smallbuild --disable-tcl --disable-test --disable-uimutexes --enable-umrw @touch db-4.8.30/build_unix/stamp-h1

## --------- ##
## Platform. ##
## --------- ##

hostname = wireless
uname -m = i686
uname -r = 2.6.32-642.3.1.el6.i686
uname -s = Linux
uname -v = #1 SMP Tue Jul 12 17:53:37 UTC 2016

/usr/bin/uname -p = unknown
/bin/uname -X     = unknown

/bin/arch              = i686
/usr/bin/arch -k       = unknown
/usr/convex/getsysinfo = unknown
/usr/bin/hostinfo      = unknown
/bin/machine           = unknown
/usr/bin/oslevel       = unknown
/bin/universe          = unknown

PATH: /home/zhangtianchuan/trunk/klocwork/bin
PATH: /usr/local/bin
PATH: /bin
PATH: /usr/bin
PATH: /usr/local/sbin
PATH: /usr/sbin
PATH: /sbin
PATH: /home/zhangtianchuan/bin
PATH: /home/zhangtianchuan/trunk/GPL_Code/source/tools


## ----------- ##
## Core tests. ##
## ----------- ##

configure:2900: checking build system type
configure:2914: result: i686-redhat-linux-gnu
configure:2934: checking host system type
configure:2947: result: mipsel-unknown-linux-gnu
configure:2979: checking if building in the top-level or dist directories
configure:2990: result: no
configure:3074: checking if --disable-cryptography option specified
configure:3085: result: yes
configure:3091: checking if --disable-hash option specified
configure:3102: result: yes
configure:3108: checking if --disable-partition option specified
configure:3121: result: no
configure:3125: checking if --disable-compression option specified
configure:3138: result: no
configure:3142: checking if --disable-mutexsupport option specified
configure:3155: result: no
configure:3159: checking if --disable-atomicsupport option specified
configure:3172: result: no
configure:3176: checking if --disable-queue option specified
configure:3187: result: yes
configure:3193: checking if --disable-replication option specified
configure:3204: result: yes
configure:3210: checking if --disable-statistics option specified
configure:3221: result: yes
configure:3227: checking if --disable-verify option specified
configure:3238: result: yes
configure:3244: checking if --enable-compat185 option specified
configure:3253: result: no
configure:3256: checking if --enable-cxx option specified
configure:3265: result: no
configure:3268: checking if --enable-debug option specified
configure:3277: result: no
configure:3280: checking if --enable-debug_rop option specified
configure:3289: result: no
configure:3292: checking if --enable-debug_wop option specified
configure:3301: result: no
configure:3304: checking if --enable-diagnostic option specified
configure:3328: result: no
configure:3332: checking if --enable-dump185 option specified
configure:3341: result: no
configure:3344: checking if --enable-java option specified
configure:3353: result: no
configure:3356: checking if --enable-mingw option specified
configure:3365: result: no
configure:3368: checking if --enable-o_direct option specified
configure:3377: result: no
configure:3380: checking if --enable-posixmutexes option specified
configure:3389: result: yes
configure:3406: checking if --enable-rpc option specified
configure:3419: result: no
configure:3422: checking if --enable-smallbuild option specified
configure:3441: result: no
configure:3444: checking if --enable-stl option specified
configure:3456: result: no
configure:3459: checking if --enable-tcl option specified
configure:3468: result: no
configure:3471: checking if --enable-test option specified
configure:3480: result: no
configure:3483: checking if --enable-uimutexes option specified
configure:3492: result: no
configure:3495: checking if --enable-umrw option specified
configure:3504: result: yes
configure:3507: checking if --with-mutex=MUTEX option specified
configure:3523: result: no
configure:3535: checking if --with-tcl=DIR option specified
configure:3545: result: no
configure:3551: checking if --with-uniquename=NAME option specified
configure:3564: result: no
configure:3622: checking for mipsel-linux-chmod
configure:3652: result: no
configure:3662: checking for chmod
configure:3678: found /bin/chmod
configure:3689: result: chmod
configure:3701: WARNING: using cross tools not prefixed with host triplet
configure:3716: checking for mipsel-linux-cp
configure:3746: result: no
configure:3756: checking for cp
configure:3772: found /bin/cp
configure:3783: result: cp
configure:3907: checking for mipsel-linux-ln
configure:3937: result: no
configure:3947: checking for ln
configure:3963: found /bin/ln
configure:3974: result: ln
configure:4001: checking for mipsel-linux-mkdir
configure:4031: result: no
configure:4041: checking for mkdir
configure:4057: found /bin/mkdir
configure:4068: result: mkdir
configure:4095: checking for mipsel-linux-rm
configure:4125: result: no
configure:4135: checking for rm
configure:4151: found /bin/rm
configure:4162: result: rm
configure:4292: checking for mipsel-linux-sh
configure:4325: result: no
configure:4335: checking for sh
configure:4353: found /bin/sh
configure:4365: result: /bin/sh
configure:4407: checking for a BSD-compatible install
configure:4475: result: /usr/bin/install -c
configure:4577: checking for mipsel-linux-cc
configure:4604: result: /opt/buildroot-gcc463/usr/bin/mipsel-linux-gcc
configure:4679: checking for C compiler version
configure:4688: /opt/buildroot-gcc463/usr/bin/mipsel-linux-gcc --version >&5
mipsel-linux-gcc (Buildroot 2012.11.1) 4.6.3
Copyright (C) 2011 Free Software Foundation, Inc.
This is free software; see the source for copying conditions.  There is NO
warranty; not even for MERCHANTABILITY or FITNESS FOR A PARTICULAR PURPOSE.

configure:4699: $? = 0
configure:4688: /opt/buildroot-gcc463/usr/bin/mipsel-linux-gcc -v >&5
Using built-in specs.
COLLECT_GCC=/opt/buildroot-gcc463/usr/bin/mipsel-linux-gcc
COLLECT_LTO_WRAPPER=/opt/buildroot-gcc463/usr/libexec/gcc/mipsel-buildroot-linux-uclibc/4.6.3/lto-wrapper
Target: mipsel-buildroot-linux-uclibc
Configured with: /home/ralink/buildroot-2012.11.1/output/toolchain/gcc-4.6.3/configure --prefix=/opt/buildroot-gcc463/usr --build=i686-pc-linux-gnu --host=i686-pc-linux-gnu --target=mipsel-buildroot-linux-uclibc --enable-languages=c,c++ --with-sysroot=/opt/buildroot-gcc463/usr/mipsel-buildroot-linux-uclibc/sysroot --with-build-time-tools=/opt/buildroot-gcc463/usr/mipsel-buildroot-linux-uclibc/bin --disable-__cxa_atexit --enable-target-optspace --disable-libgomp --with-gnu-ld --disable-libssp --disable-multilib --disable-tls --disable-shared --with-gmp=/opt/buildroot-gcc463/usr --with-mpfr=/opt/buildroot-gcc463/usr --with-mpc=/opt/buildroot-gcc463/usr --disable-nls --enable-threads --disable-decimal-float --with-float=soft --with-abi=32 --with-tune=mips32r2 --with-pkgversion='Buildroot 2012.11.1' --with-bugurl=http://bugs.buildroot.net/
Thread model: posix
gcc version 4.6.3 (Buildroot 2012.11.1) 
configure:4699: $? = 0
configure:4688: /opt/buildroot-gcc463/usr/bin/mipsel-linux-gcc -V >&5
mipsel-linux-gcc: error: unrecognized option '-V'
mipsel-linux-gcc: fatal error: no input files
compilation terminated.
configure:4699: $? = 1
configure:4688: /opt/buildroot-gcc463/usr/bin/mipsel-linux-gcc -qversion >&5
mipsel-linux-gcc: error: unrecognized option '-qversion'
mipsel-linux-gcc: fatal error: no input files
compilation terminated.
configure:4699: $? = 1
configure:4719: checking whether the C compiler works
configure:4741: /opt/buildroot-gcc463/usr/bin/mipsel-linux-gcc -Os  -D_GNU_SOURCE -D_REENTRANT  conftest.c  >&5
configure:4745: $? = 0
configure:4794: result: yes
configure:4797: checking for C compiler default output file name
configure:4799: result: a.out
configure:4805: checking for suffix of executables
configure:4812: /opt/buildroot-gcc463/usr/bin/mipsel-linux-gcc -o conftest -Os  -D_GNU_SOURCE -D_REENTRANT  conftest.c  >&5
configure:4816: $? = 0
configure:4838: result: 
configure:4860: checking whether we are cross compiling
configure:4898: result: yes
configure:4903: checking for suffix of object files
configure:4925: /opt/buildroot-gcc463/usr/bin/mipsel-linux-gcc -c -Os  -D_GNU_SOURCE -D_REENTRANT conftest.c >&5
configure:4929: $? = 0
configure:4950: result: o
configure:4954: checking whether we are using the GNU C compiler
configure:4973: /opt/buildroot-gcc463/usr/bin/mipsel-linux-gcc -c -Os  -D_GNU_SOURCE -D_REENTRANT conftest.c >&5
configure:4973: $? = 0
configure:4982: result: yes
configure:4991: checking whether /opt/buildroot-gcc463/usr/bin/mipsel-linux-gcc accepts -g
configure:5011: /opt/buildroot-gcc463/usr/bin/mipsel-linux-gcc -c -g  -D_GNU_SOURCE -D_REENTRANT conftest.c >&5
configure:5011: $? = 0
configure:5052: result: yes
configure:5069: checking for /opt/buildroot-gcc463/usr/bin/mipsel-linux-gcc option to accept ISO C89
configure:5133: /opt/buildroot-gcc463/usr/bin/mipsel-linux-gcc  -c -Os  -D_GNU_SOURCE -D_REENTRANT conftest.c >&5
configure:5133: $? = 0
configure:5146: result: none needed
configure:5189: checking for an ANSI C-conforming const
configure:5254: /opt/buildroot-gcc463/usr/bin/mipsel-linux-gcc -c -Os   -D_GNU_SOURCE -D_REENTRANT conftest.c >&5
configure:5254: $? = 0
configure:5261: result: yes
configure:5269: checking for inline
configure:5285: /opt/buildroot-gcc463/usr/bin/mipsel-linux-gcc -c -Os   -D_GNU_SOURCE -D_REENTRANT conftest.c >&5
configure:5285: $? = 0
configure:5293: result: inline
configure:6254: checking whether we are using gcc version 2.96
configure:6269: result: no
configure:6324: checking for a sed that does not truncate output
configure:6388: result: /bin/sed
configure:6406: checking for grep that handles long lines and -e
configure:6464: result: /bin/grep
configure:6469: checking for egrep
configure:6531: result: /bin/grep -E
configure:6536: checking for fgrep
configure:6598: result: /bin/grep -F
configure:6633: checking for ld used by /opt/buildroot-gcc463/usr/bin/mipsel-linux-gcc
configure:6700: result: /opt/buildroot-gcc463/usr/bin/mipsel-linux-ld
configure:6707: checking if the linker (/opt/buildroot-gcc463/usr/bin/mipsel-linux-ld) is GNU ld
configure:6722: result: yes
configure:6734: checking for BSD- or MS-compatible name lister (nm)
configure:6783: result: no
configure:6794: checking for mipsel-linux-dumpbin
configure:6824: result: no
configure:6794: checking for mipsel-linux-link
configure:6824: result: no
configure:6838: checking for dumpbin
configure:6868: result: no
configure:6838: checking for link
configure:6854: found /bin/link
configure:6865: result: link -dump -symbols
configure:6901: checking the name lister (link -dump -symbols) interface
configure:6908: /opt/buildroot-gcc463/usr/bin/mipsel-linux-gcc -c -Os   -D_GNU_SOURCE -D_REENTRANT conftest.c >&5
configure:6911: link -dump -symbols "conftest.o"
link: invalid option -- 'd'
Try `link --help' for more information.
configure:6914: output
configure:6921: result: BSD nm
configure:6924: checking whether ln -s works
configure:6928: result: yes
configure:6936: checking the maximum length of command line arguments
configure:7056: result: 1966080
configure:7073: checking whether the shell understands some XSI constructs
configure:7083: result: yes
configure:7087: checking whether the shell understands "+="
configure:7093: result: yes
configure:7128: checking for /opt/buildroot-gcc463/usr/bin/mipsel-linux-ld option to reload object files
configure:7135: result: -r
configure:7164: checking for mipsel-linux-objdump
configure:7194: result: no
configure:7204: checking for objdump
configure:7220: found /usr/bin/objdump
configure:7231: result: objdump
configure:7263: checking how to recognize dependent libraries
configure:7459: result: pass_all
configure:7479: checking for mipsel-linux-ar
configure:7506: result: "/opt/buildroot-gcc463/usr/bin"/mipsel-linux-ar
configure:7584: checking for mipsel-linux-strip
configure:7611: result: "/opt/buildroot-gcc463/usr/bin"/mipsel-linux-strip
configure:7683: checking for mipsel-linux-ranlib
configure:7710: result: "/opt/buildroot-gcc463/usr/bin"/mipsel-linux-ranlib
configure:7840: checking command to parse link -dump -symbols output from /opt/buildroot-gcc463/usr/bin/mipsel-linux-gcc object
configure:7958: /opt/buildroot-gcc463/usr/bin/mipsel-linux-gcc -c -Os   -D_GNU_SOURCE -D_REENTRANT conftest.c >&5
configure:7961: $? = 0
configure:7965: link -dump -symbols conftest.o \| sed -n -e 's/^.*[	 ]\([BCDEGRST][BCDEGRST]*\)[	 ][	 ]*\([_A-Za-z][_A-Za-z0-9]*\)$/\1 \2 \2/p' \> conftest.nm
link: invalid option -- 'd'
Try `link --help' for more information.
configure:7968: $? = 0
cannot run sed -n -e 's/^.*[	 ]\([BCDEGRST][BCDEGRST]*\)[	 ][	 ]*\([_A-Za-z][_A-Za-z0-9]*\)$/\1 \2 \2/p'
configure:7958: /opt/buildroot-gcc463/usr/bin/mipsel-linux-gcc -c -Os   -D_GNU_SOURCE -D_REENTRANT conftest.c >&5
configure:7961: $? = 0
configure:7965: link -dump -symbols conftest.o \| sed -n -e 's/^.*[	 ]\([BCDEGRST][BCDEGRST]*\)[	 ][	 ]*_\([_A-Za-z][_A-Za-z0-9]*\)$/\1 _\2 \2/p' \> conftest.nm
link: invalid option -- 'd'
Try `link --help' for more information.
configure:7968: $? = 0
cannot run sed -n -e 's/^.*[	 ]\([BCDEGRST][BCDEGRST]*\)[	 ][	 ]*_\([_A-Za-z][_A-Za-z0-9]*\)$/\1 _\2 \2/p'
configure:8060: result: failed
configure:8871: checking how to run the C preprocessor
configure:8902: /opt/buildroot-gcc463/usr/bin/mipsel-linux-gcc -E  -D_GNU_SOURCE -D_REENTRANT conftest.c
configure:8902: $? = 0
configure:8916: /opt/buildroot-gcc463/usr/bin/mipsel-linux-gcc -E  -D_GNU_SOURCE -D_REENTRANT conftest.c
conftest.c:11:28: fatal error: ac_nonexistent.h: No such file or directory
compilation terminated.
configure:8916: $? = 1
configure: failed program was:
| /* confdefs.h */
| #define PACKAGE_NAME "Berkeley DB"
| #define PACKAGE_TARNAME "db-4.8.30"
| #define PACKAGE_VERSION "4.8.30"
| #define PACKAGE_STRING "Berkeley DB 4.8.30"
| #define PACKAGE_BUGREPORT "Oracle Technology Network Berkeley DB forum"
| #define PACKAGE_URL ""
| #define UMRW 1
| #define HAVE_UPGRADE_SUPPORT 1
| /* end confdefs.h.  */
| #include <ac_nonexistent.h>
configure:8941: result: /opt/buildroot-gcc463/usr/bin/mipsel-linux-gcc -E
configure:8961: /opt/buildroot-gcc463/usr/bin/mipsel-linux-gcc -E  -D_GNU_SOURCE -D_REENTRANT conftest.c
configure:8961: $? = 0
configure:8975: /opt/buildroot-gcc463/usr/bin/mipsel-linux-gcc -E  -D_GNU_SOURCE -D_REENTRANT conftest.c
conftest.c:11:28: fatal error: ac_nonexistent.h: No such file or directory
compilation terminated.
configure:8975: $? = 1
configure: failed program was:
| /* confdefs.h */
| #define PACKAGE_NAME "Berkeley DB"
| #define PACKAGE_TARNAME "db-4.8.30"
| #define PACKAGE_VERSION "4.8.30"
| #define PACKAGE_STRING "Berkeley DB 4.8.30"
| #define PACKAGE_BUGREPORT "Oracle Technology Network Berkeley DB forum"
| #define PACKAGE_URL ""
| #define UMRW 1
| #define HAVE_UPGRADE_SUPPORT 1
| /* end confdefs.h.  */
| #include <ac_nonexistent.h>
configure:9004: checking for ANSI C header files
configure:9024: /opt/buildroot-gcc463/usr/bin/mipsel-linux-gcc -c -Os   -D_GNU_SOURCE -D_REENTRANT conftest.c >&5
configure:9024: $? = 0
configure:9108: result: yes
configure:9121: checking for sys/types.h
configure:9121: /opt/buildroot-gcc463/usr/bin/mipsel-linux-gcc -c -Os   -D_GNU_SOURCE -D_REENTRANT conftest.c >&5
configure:9121: $? = 0
configure:9121: result: yes
configure:9121: checking for sys/stat.h
configure:9121: /opt/buildroot-gcc463/usr/bin/mipsel-linux-gcc -c -Os   -D_GNU_SOURCE -D_REENTRANT conftest.c >&5
configure:9121: $? = 0
configure:9121: result: yes
configure:9121: checking for stdlib.h
configure:9121: /opt/buildroot-gcc463/usr/bin/mipsel-linux-gcc -c -Os   -D_GNU_SOURCE -D_REENTRANT conftest.c >&5
configure:9121: $? = 0
configure:9121: result: yes
configure:9121: checking for string.h
configure:9121: /opt/buildroot-gcc463/usr/bin/mipsel-linux-gcc -c -Os   -D_GNU_SOURCE -D_REENTRANT conftest.c >&5
configure:9121: $? = 0
configure:9121: result: yes
configure:9121: checking for memory.h
configure:9121: /opt/buildroot-gcc463/usr/bin/mipsel-linux-gcc -c -Os   -D_GNU_SOURCE -D_REENTRANT conftest.c >&5
configure:9121: $? = 0
configure:9121: result: yes
configure:9121: checking for strings.h
configure:9121: /opt/buildroot-gcc463/usr/bin/mipsel-linux-gcc -c -Os   -D_GNU_SOURCE -D_REENTRANT conftest.c >&5
configure:9121: $? = 0
configure:9121: result: yes
configure:9121: checking for inttypes.h
configure:9121: /opt/buildroot-gcc463/usr/bin/mipsel-linux-gcc -c -Os   -D_GNU_SOURCE -D_REENTRANT conftest.c >&5
configure:9121: $? = 0
configure:9121: result: yes
configure:9121: checking for stdint.h
configure:9121: /opt/buildroot-gcc463/usr/bin/mipsel-linux-gcc -c -Os   -D_GNU_SOURCE -D_REENTRANT conftest.c >&5
configure:9121: $? = 0
configure:9121: result: yes
configure:9121: checking for unistd.h
configure:9121: /opt/buildroot-gcc463/usr/bin/mipsel-linux-gcc -c -Os   -D_GNU_SOURCE -D_REENTRANT conftest.c >&5
configure:9121: $? = 0
configure:9121: result: yes
configure:9136: checking for dlfcn.h
configure:9136: /opt/buildroot-gcc463/usr/bin/mipsel-linux-gcc -c -Os   -D_GNU_SOURCE -D_REENTRANT conftest.c >&5
configure:9136: $? = 0
configure:9136: result: yes
configure:9261: checking for C++ compiler version
configure:9270: "/opt/buildroot-gcc463/usr/bin"/mipsel-linux-g++  --version >&5
../dist/configure: line 9272: "/opt/buildroot-gcc463/usr/bin"/mipsel-linux-g++: No such file or directory
configure:9281: $? = 127
configure:9270: "/opt/buildroot-gcc463/usr/bin"/mipsel-linux-g++  -v >&5
../dist/configure: line 9272: "/opt/buildroot-gcc463/usr/bin"/mipsel-linux-g++: No such file or directory
configure:9281: $? = 127
configure:9270: "/opt/buildroot-gcc463/usr/bin"/mipsel-linux-g++  -V >&5
../dist/configure: line 9272: "/opt/buildroot-gcc463/usr/bin"/mipsel-linux-g++: No such file or directory
configure:9281: $? = 127
configure:9270: "/opt/buildroot-gcc463/usr/bin"/mipsel-linux-g++  -qversion >&5
../dist/configure: line 9272: "/opt/buildroot-gcc463/usr/bin"/mipsel-linux-g++: No such file or directory
configure:9281: $? = 127
configure:9285: checking whether we are using the GNU C++ compiler
configure:9304: "/opt/buildroot-gcc463/usr/bin"/mipsel-linux-g++  -c -Os  -D_GNU_SOURCE -D_REENTRANT conftest.cpp >&5
../dist/configure: line 1804: "/opt/buildroot-gcc463/usr/bin"/mipsel-linux-g++: No such file or directory
configure:9304: $? = 127
configure: failed program was:
| /* confdefs.h */
| #define PACKAGE_NAME "Berkeley DB"
| #define PACKAGE_TARNAME "db-4.8.30"
| #define PACKAGE_VERSION "4.8.30"
| #define PACKAGE_STRING "Berkeley DB 4.8.30"
| #define PACKAGE_BUGREPORT "Oracle Technology Network Berkeley DB forum"
| #define PACKAGE_URL ""
| #define UMRW 1
| #define HAVE_UPGRADE_SUPPORT 1
| #define STDC_HEADERS 1
| #define HAVE_SYS_TYPES_H 1
| #define HAVE_SYS_STAT_H 1
| #define HAVE_STDLIB_H 1
| #define HAVE_STRING_H 1
| #define HAVE_MEMORY_H 1
| #define HAVE_STRINGS_H 1
| #define HAVE_INTTYPES_H 1
| #define HAVE_STDINT_H 1
| #define HAVE_UNISTD_H 1
| #define HAVE_DLFCN_H 1
| /* end confdefs.h.  */
| 
| int
| main ()
| {
| #ifndef __GNUC__
|        choke me
| #endif
| 
|   ;
|   return 0;
| }
configure:9313: result: no
configure:9322: checking whether "/opt/buildroot-gcc463/usr/bin"/mipsel-linux-g++  accepts -g
configure:9342: "/opt/buildroot-gcc463/usr/bin"/mipsel-linux-g++  -c -g  -D_GNU_SOURCE -D_REENTRANT conftest.cpp >&5
../dist/configure: line 1804: "/opt/buildroot-gcc463/usr/bin"/mipsel-linux-g++: No such file or directory
configure:9342: $? = 127
configure: failed program was:
| /* confdefs.h */
| #define PACKAGE_NAME "Berkeley DB"
| #define PACKAGE_TARNAME "db-4.8.30"
| #define PACKAGE_VERSION "4.8.30"
| #define PACKAGE_STRING "Berkeley DB 4.8.30"
| #define PACKAGE_BUGREPORT "Oracle Technology Network Berkeley DB forum"
| #define PACKAGE_URL ""
| #define UMRW 1
| #define HAVE_UPGRADE_SUPPORT 1
| #define STDC_HEADERS 1
| #define HAVE_SYS_TYPES_H 1
| #define HAVE_SYS_STAT_H 1
| #define HAVE_STDLIB_H 1
| #define HAVE_STRING_H 1
| #define HAVE_MEMORY_H 1
| #define HAVE_STRINGS_H 1
| #define HAVE_INTTYPES_H 1
| #define HAVE_STDINT_H 1
| #define HAVE_UNISTD_H 1
| #define HAVE_DLFCN_H 1
| /* end confdefs.h.  */
| 
| int
| main ()
| {
| 
|   ;
|   return 0;
| }
configure:9357: "/opt/buildroot-gcc463/usr/bin"/mipsel-linux-g++  -c   -D_GNU_SOURCE -D_REENTRANT conftest.cpp >&5
../dist/configure: line 1804: "/opt/buildroot-gcc463/usr/bin"/mipsel-linux-g++: No such file or directory
configure:9357: $? = 127
configure: failed program was:
| /* confdefs.h */
| #define PACKAGE_NAME "Berkeley DB"
| #define PACKAGE_TARNAME "db-4.8.30"
| #define PACKAGE_VERSION "4.8.30"
| #define PACKAGE_STRING "Berkeley DB 4.8.30"
| #define PACKAGE_BUGREPORT "Oracle Technology Network Berkeley DB forum"
| #define PACKAGE_URL ""
| #define UMRW 1
| #define HAVE_UPGRADE_SUPPORT 1
| #define STDC_HEADERS 1
| #define HAVE_SYS_TYPES_H 1
| #define HAVE_SYS_STAT_H 1
| #define HAVE_STDLIB_H 1
| #define HAVE_STRING_H 1
| #define HAVE_MEMORY_H 1
| #define HAVE_STRINGS_H 1
| #define HAVE_INTTYPES_H 1
| #define HAVE_STDINT_H 1
| #define HAVE_UNISTD_H 1
| #define HAVE_DLFCN_H 1
| /* end confdefs.h.  */
| 
| int
| main ()
| {
| 
|   ;
|   return 0;
| }
configure:9373: "/opt/buildroot-gcc463/usr/bin"/mipsel-linux-g++  -c -g  -D_GNU_SOURCE -D_REENTRANT conftest.cpp >&5
../dist/configure: line 1804: "/opt/buildroot-gcc463/usr/bin"/mipsel-linux-g++: No such file or directory
configure:9373: $? = 127
configure: failed program was:
| /* confdefs.h */
| #define PACKAGE_NAME "Berkeley DB"
| #define PACKAGE_TARNAME "db-4.8.30"
| #define PACKAGE_VERSION "4.8.30"
| #define PACKAGE_STRING "Berkeley DB 4.8.30"
| #define PACKAGE_BUGREPORT "Oracle Technology Network Berkeley DB forum"
| #define PACKAGE_URL ""
| #define UMRW 1
| #define HAVE_UPGRADE_SUPPORT 1
| #define STDC_HEADERS 1
| #define HAVE_SYS_TYPES_H 1
| #define HAVE_SYS_STAT_H 1
| #define HAVE_STDLIB_H 1
| #define HAVE_STRING_H 1
| #define HAVE_MEMORY_H 1
| #define HAVE_STRINGS_H 1
| #define HAVE_INTTYPES_H 1
| #define HAVE_STDINT_H 1
| #define HAVE_UNISTD_H 1
| #define HAVE_DLFCN_H 1
| /* end confdefs.h.  */
| 
| int
| main ()
| {
| 
|   ;
|   return 0;
| }
configure:9383: result: no
configure:9414: checking how to run the C++ preprocessor
configure:9441: "/opt/buildroot-gcc463/usr/bin"/mipsel-linux-g++  -E  -D_GNU_SOURCE -D_REENTRANT conftest.cpp
../dist/configure: line 1841: "/opt/buildroot-gcc463/usr/bin"/mipsel-linux-g++: No such file or directory
configure:9441: $? = 127
configure: failed program was:
| /* confdefs.h */
| #define PACKAGE_NAME "Berkeley DB"
| #define PACKAGE_TARNAME "db-4.8.30"
| #define PACKAGE_VERSION "4.8.30"
| #define PACKAGE_STRING "Berkeley DB 4.8.30"
| #define PACKAGE_BUGREPORT "Oracle Technology Network Berkeley DB forum"
| #define PACKAGE_URL ""
| #define UMRW 1
| #define HAVE_UPGRADE_SUPPORT 1
| #define STDC_HEADERS 1
| #define HAVE_SYS_TYPES_H 1
| #define HAVE_SYS_STAT_H 1
| #define HAVE_STDLIB_H 1
| #define HAVE_STRING_H 1
| #define HAVE_MEMORY_H 1
| #define HAVE_STRINGS_H 1
| #define HAVE_INTTYPES_H 1
| #define HAVE_STDINT_H 1
| #define HAVE_UNISTD_H 1
| #define HAVE_DLFCN_H 1
| /* end confdefs.h.  */
| #ifdef __STDC__
| # include <limits.h>
| #else
| # include <assert.h>
| #endif
| 		     Syntax error
configure:9441: "/opt/buildroot-gcc463/usr/bin"/mipsel-linux-g++  -E  -D_GNU_SOURCE -D_REENTRANT conftest.cpp
../dist/configure: line 1841: "/opt/buildroot-gcc463/usr/bin"/mipsel-linux-g++: No such file or directory
configure:9441: $? = 127
configure: failed program was:
| /* confdefs.h */
| #define PACKAGE_NAME "Berkeley DB"
| #define PACKAGE_TARNAME "db-4.8.30"
| #define PACKAGE_VERSION "4.8.30"
| #define PACKAGE_STRING "Berkeley DB 4.8.30"
| #define PACKAGE_BUGREPORT "Oracle Technology Network Berkeley DB forum"
| #define PACKAGE_URL ""
| #define UMRW 1
| #define HAVE_UPGRADE_SUPPORT 1
| #define STDC_HEADERS 1
| #define HAVE_SYS_TYPES_H 1
| #define HAVE_SYS_STAT_H 1
| #define HAVE_STDLIB_H 1
| #define HAVE_STRING_H 1
| #define HAVE_MEMORY_H 1
| #define HAVE_STRINGS_H 1
| #define HAVE_INTTYPES_H 1
| #define HAVE_STDINT_H 1
| #define HAVE_UNISTD_H 1
| #define HAVE_DLFCN_H 1
| /* end confdefs.h.  */
| #ifdef __STDC__
| # include <limits.h>
| #else
| # include <assert.h>
| #endif
| 		     Syntax error
configure:9441: /lib/cpp  -D_GNU_SOURCE -D_REENTRANT conftest.cpp
configure:9441: $? = 0
configure:9455: /lib/cpp  -D_GNU_SOURCE -D_REENTRANT conftest.cpp
conftest.cpp:22:28: error: ac_nonexistent.h: No such file or directory
configure:9455: $? = 1
configure: failed program was:
| /* confdefs.h */
| #define PACKAGE_NAME "Berkeley DB"
| #define PACKAGE_TARNAME "db-4.8.30"
| #define PACKAGE_VERSION "4.8.30"
| #define PACKAGE_STRING "Berkeley DB 4.8.30"
| #define PACKAGE_BUGREPORT "Oracle Technology Network Berkeley DB forum"
| #define PACKAGE_URL ""
| #define UMRW 1
| #define HAVE_UPGRADE_SUPPORT 1
| #define STDC_HEADERS 1
| #define HAVE_SYS_TYPES_H 1
| #define HAVE_SYS_STAT_H 1
| #define HAVE_STDLIB_H 1
| #define HAVE_STRING_H 1
| #define HAVE_MEMORY_H 1
| #define HAVE_STRINGS_H 1
| #define HAVE_INTTYPES_H 1
| #define HAVE_STDINT_H 1
| #define HAVE_UNISTD_H 1
| #define HAVE_DLFCN_H 1
| /* end confdefs.h.  */
| #include <ac_nonexistent.h>
configure:9480: result: /lib/cpp
configure:9500: /lib/cpp  -D_GNU_SOURCE -D_REENTRANT conftest.cpp
configure:9500: $? = 0
configure:9514: /lib/cpp  -D_GNU_SOURCE -D_REENTRANT conftest.cpp
conftest.cpp:22:28: error: ac_nonexistent.h: No such file or directory
configure:9514: $? = 1
configure: failed program was:
| /* confdefs.h */
| #define PACKAGE_NAME "Berkeley DB"
| #define PACKAGE_TARNAME "db-4.8.30"
| #define PACKAGE_VERSION "4.8.30"
| #define PACKAGE_STRING "Berkeley DB 4.8.30"
| #define PACKAGE_BUGREPORT "Oracle Technology Network Berkeley DB forum"
| #define PACKAGE_URL ""
| #define UMRW 1
| #define HAVE_UPGRADE_SUPPORT 1
| #define STDC_HEADERS 1
| #define HAVE_SYS_TYPES_H 1
| #define HAVE_SYS_STAT_H 1
| #define HAVE_STDLIB_H 1
| #define HAVE_STRING_H 1
| #define HAVE_MEMORY_H 1
| #define HAVE_STRINGS_H 1
| #define HAVE_INTTYPES_H 1
| #define HAVE_STDINT_H 1
| #define HAVE_UNISTD_H 1
| #define HAVE_DLFCN_H 1
| /* end confdefs.h.  */
| #include <ac_nonexistent.h>
configure:9722: checking for objdir
configure:9737: result: .libs
configure:10033: checking if /opt/buildroot-gcc463/usr/bin/mipsel-linux-gcc supports -fno-rtti -fno-exceptions
configure:10048: /opt/buildroot-gcc463/usr/bin/mipsel-linux-gcc -c -Os   -D_GNU_SOURCE -D_REENTRANT -fno-rtti -fno-exceptions conftest.c >&5
cc1: warning: command line option '-fno-rtti' is valid for C++/ObjC++ but not for C [enabled by default]
configure:10052: $? = 0
configure:10068: result: no
configure:10088: checking for /opt/buildroot-gcc463/usr/bin/mipsel-linux-gcc option to produce PIC
configure:10363: result: -fPIC -DPIC
configure:10375: checking if /opt/buildroot-gcc463/usr/bin/mipsel-linux-gcc PIC flag -fPIC -DPIC works
configure:10387: /opt/buildroot-gcc463/usr/bin/mipsel-linux-gcc -c -Os   -D_GNU_SOURCE -D_REENTRANT -fPIC -DPIC -DPIC conftest.c >&5
configure:10391: $? = 0
configure:10410: result: yes
configure:10435: checking if /opt/buildroot-gcc463/usr/bin/mipsel-linux-gcc static flag -static works
configure:10463: result: yes
configure:10478: checking if /opt/buildroot-gcc463/usr/bin/mipsel-linux-gcc supports -c -o file.o
configure:10492: /opt/buildroot-gcc463/usr/bin/mipsel-linux-gcc -c -Os   -D_GNU_SOURCE -D_REENTRANT -o out/conftest2.o conftest.c >&5
configure:10496: $? = 0
configure:10525: result: yes
configure:10533: checking if /opt/buildroot-gcc463/usr/bin/mipsel-linux-gcc supports -c -o file.o
configure:10580: result: yes
configure:10613: checking whether the /opt/buildroot-gcc463/usr/bin/mipsel-linux-gcc linker (/opt/buildroot-gcc463/usr/bin/mipsel-linux-ld) supports shared libraries
configure:11621: result: yes
configure:11662: checking whether -lc should be explicitly linked in
configure:11667: /opt/buildroot-gcc463/usr/bin/mipsel-linux-gcc -c -Os   -D_GNU_SOURCE -D_REENTRANT conftest.c >&5
configure:11670: $? = 0
configure:11685: /opt/buildroot-gcc463/usr/bin/mipsel-linux-gcc -shared conftest.o  -v -Wl,-soname -Wl,conftest -o conftest 2\>\&1 \| /bin/grep  -lc  \>/dev/null 2\>\&1
configure:11688: $? = 0
configure:11700: result: no
configure:11864: checking dynamic linker characteristics
configure:12298: /opt/buildroot-gcc463/usr/bin/mipsel-linux-gcc -o conftest -Os   -D_GNU_SOURCE -D_REENTRANT  -Wl,-rpath -Wl,/foo conftest.c  >&5
configure:12298: $? = 0
configure:12516: result: GNU/Linux ld.so
configure:12622: checking how to hardcode library paths into programs
configure:12647: result: immediate
configure:13167: checking whether stripping libraries is possible
configure:13189: result: no
configure:13207: checking if libtool supports shared libraries
configure:13209: result: yes
configure:13212: checking whether to build shared libraries
configure:13233: result: yes
configure:13236: checking whether to build static libraries
configure:13240: result: yes
configure:13534: checking whether the "/opt/buildroot-gcc463/usr/bin"/mipsel-linux-g++  linker (/opt/buildroot-gcc463/usr/bin/mipsel-linux-ld) supports shared libraries
configure:14447: result: yes
configure:14480: "/opt/buildroot-gcc463/usr/bin"/mipsel-linux-g++  -c -Os  -D_GNU_SOURCE -D_REENTRANT conftest.cpp >&5
../dist/configure: line 14481: "/opt/buildroot-gcc463/usr/bin"/mipsel-linux-g++: No such file or directory
configure:14483: $? = 127
configure:14665: checking for "/opt/buildroot-gcc463/usr/bin"/mipsel-linux-g++  option to produce PIC
configure:14982: result:  -DPIC
configure:14991: checking if "/opt/buildroot-gcc463/usr/bin"/mipsel-linux-g++  PIC flag  -DPIC works
configure:14966: "/opt/buildroot-gcc463/usr/bin"/mipsel-linux-g++  -c -Os  -D_GNU_SOURCE -D_REENTRANT  -DPIC -DPIC conftest.cpp >&5
../dist/configure: line 15010: "/opt/buildroot-gcc463/usr/bin"/mipsel-linux-g++: No such file or directory
configure:14970: $? = 127
configure:15026: result: no
configure:15047: checking if "/opt/buildroot-gcc463/usr/bin"/mipsel-linux-g++  static flag  works
configure:15075: result: no
configure:15087: checking if "/opt/buildroot-gcc463/usr/bin"/mipsel-linux-g++  supports -c -o file.o
configure:15065: "/opt/buildroot-gcc463/usr/bin"/mipsel-linux-g++  -c -Os  -D_GNU_SOURCE -D_REENTRANT -o out/conftest2.o conftest.cpp >&5
../dist/configure: line 15109: "/opt/buildroot-gcc463/usr/bin"/mipsel-linux-g++: No such file or directory
configure:15069: $? = 127
configure:15134: result: no
configure:15139: checking if "/opt/buildroot-gcc463/usr/bin"/mipsel-linux-g++  supports -c -o file.o
configure:15186: result: no
configure:15216: checking whether the "/opt/buildroot-gcc463/usr/bin"/mipsel-linux-g++  linker (/opt/buildroot-gcc463/usr/bin/mipsel-linux-ld) supports shared libraries
configure:15242: result: yes
configure:15383: checking dynamic linker characteristics
configure:15765: "/opt/buildroot-gcc463/usr/bin"/mipsel-linux-g++  -o conftest -Os  -D_GNU_SOURCE -D_REENTRANT   conftest.cpp  >&5
../dist/configure: line 2102: "/opt/buildroot-gcc463/usr/bin"/mipsel-linux-g++: No such file or directory
configure:15765: $? = 127
configure: failed program was:
| /* confdefs.h */
| #define PACKAGE_NAME "Berkeley DB"
| #define PACKAGE_TARNAME "db-4.8.30"
| #define PACKAGE_VERSION "4.8.30"
| #define PACKAGE_STRING "Berkeley DB 4.8.30"
| #define PACKAGE_BUGREPORT "Oracle Technology Network Berkeley DB forum"
| #define PACKAGE_URL ""
| #define UMRW 1
| #define HAVE_UPGRADE_SUPPORT 1
| #define STDC_HEADERS 1
| #define HAVE_SYS_TYPES_H 1
| #define HAVE_SYS_STAT_H 1
| #define HAVE_STDLIB_H 1
| #define HAVE_STRING_H 1
| #define HAVE_MEMORY_H 1
| #define HAVE_STRINGS_H 1
| #define HAVE_INTTYPES_H 1
| #define HAVE_STDINT_H 1
| #define HAVE_UNISTD_H 1
| #define HAVE_DLFCN_H 1
| #define LT_OBJDIR ".libs/"
| /* end confdefs.h.  */
| 
| int
| main ()
| {
| 
|   ;
|   return 0;
| }
configure:15983: result: GNU/Linux ld.so
configure:16038: checking how to hardcode library paths into programs
configure:16063: result: unsupported
configure:16126: checking SOSUFFIX from libtool
configure:16148: result: .so
configure:16153: checking MODSUFFIX from libtool
configure:16175: result: .so
configure:16180: checking JMODSUFFIX from libtool
configure:16206: result: .so
configure:17476: checking whether stat file-mode macros are broken
configure:17503: /opt/buildroot-gcc463/usr/bin/mipsel-linux-gcc -c -Os   -D_GNU_SOURCE -D_REENTRANT conftest.c >&5
configure:17503: $? = 0
configure:17510: result: no
configure:17518: checking whether time.h and sys/time.h may both be included
configure:17538: /opt/buildroot-gcc463/usr/bin/mipsel-linux-gcc -c -Os   -D_GNU_SOURCE -D_REENTRANT conftest.c >&5
configure:17538: $? = 0
configure:17545: result: yes
configure:17556: checking for dirent.h that defines DIR
configure:17575: /opt/buildroot-gcc463/usr/bin/mipsel-linux-gcc -c -Os   -D_GNU_SOURCE -D_REENTRANT conftest.c >&5
configure:17575: $? = 0
configure:17583: result: yes
configure:17597: checking for library containing opendir
configure:17628: /opt/buildroot-gcc463/usr/bin/mipsel-linux-gcc -o conftest -Os   -D_GNU_SOURCE -D_REENTRANT  conftest.c  >&5
configure:17628: $? = 0
configure:17645: result: none required
configure:17715: checking execinfo.h usability
configure:17715: /opt/buildroot-gcc463/usr/bin/mipsel-linux-gcc -c -Os   -D_GNU_SOURCE -D_REENTRANT conftest.c >&5
conftest.c:59:22: fatal error: execinfo.h: No such file or directory
compilation terminated.
configure:17715: $? = 1
configure: failed program was:
| /* confdefs.h */
| #define PACKAGE_NAME "Berkeley DB"
| #define PACKAGE_TARNAME "db-4.8.30"
| #define PACKAGE_VERSION "4.8.30"
| #define PACKAGE_STRING "Berkeley DB 4.8.30"
| #define PACKAGE_BUGREPORT "Oracle Technology Network Berkeley DB forum"
| #define PACKAGE_URL ""
| #define UMRW 1
| #define HAVE_UPGRADE_SUPPORT 1
| #define STDC_HEADERS 1
| #define HAVE_SYS_TYPES_H 1
| #define HAVE_SYS_STAT_H 1
| #define HAVE_STDLIB_H 1
| #define HAVE_STRING_H 1
| #define HAVE_MEMORY_H 1
| #define HAVE_STRINGS_H 1
| #define HAVE_INTTYPES_H 1
| #define HAVE_STDINT_H 1
| #define HAVE_UNISTD_H 1
| #define HAVE_DLFCN_H 1
| #define LT_OBJDIR ".libs/"
| #define HAVE_SYSTEM_INCLUDE_FILES 1
| #define TIME_WITH_SYS_TIME 1
| #define HAVE_DIRENT_H 1
| /* end confdefs.h.  */
| #include <stdio.h>
| #ifdef HAVE_SYS_TYPES_H
| # include <sys/types.h>
| #endif
| #ifdef HAVE_SYS_STAT_H
| # include <sys/stat.h>
| #endif
| #ifdef STDC_HEADERS
| # include <stdlib.h>
| # include <stddef.h>
| #else
| # ifdef HAVE_STDLIB_H
| #  include <stdlib.h>
| # endif
| #endif
| #ifdef HAVE_STRING_H
| # if !defined STDC_HEADERS && defined HAVE_MEMORY_H
| #  include <memory.h>
| # endif
| # include <string.h>
| #endif
| #ifdef HAVE_STRINGS_H
| # include <strings.h>
| #endif
| #ifdef HAVE_INTTYPES_H
| # include <inttypes.h>
| #endif
| #ifdef HAVE_STDINT_H
| # include <stdint.h>
| #endif
| #ifdef HAVE_UNISTD_H
| # include <unistd.h>
| #endif
| #include <execinfo.h>
configure:17715: result: no
configure:17715: checking execinfo.h presence
configure:17715: /opt/buildroot-gcc463/usr/bin/mipsel-linux-gcc -E  -D_GNU_SOURCE -D_REENTRANT conftest.c
conftest.c:26:22: fatal error: execinfo.h: No such file or directory
compilation terminated.
configure:17715: $? = 1
configure: failed program was:
| /* confdefs.h */
| #define PACKAGE_NAME "Berkeley DB"
| #define PACKAGE_TARNAME "db-4.8.30"
| #define PACKAGE_VERSION "4.8.30"
| #define PACKAGE_STRING "Berkeley DB 4.8.30"
| #define PACKAGE_BUGREPORT "Oracle Technology Network Berkeley DB forum"
| #define PACKAGE_URL ""
| #define UMRW 1
| #define HAVE_UPGRADE_SUPPORT 1
| #define STDC_HEADERS 1
| #define HAVE_SYS_TYPES_H 1
| #define HAVE_SYS_STAT_H 1
| #define HAVE_STDLIB_H 1
| #define HAVE_STRING_H 1
| #define HAVE_MEMORY_H 1
| #define HAVE_STRINGS_H 1
| #define HAVE_INTTYPES_H 1
| #define HAVE_STDINT_H 1
| #define HAVE_UNISTD_H 1
| #define HAVE_DLFCN_H 1
| #define LT_OBJDIR ".libs/"
| #define HAVE_SYSTEM_INCLUDE_FILES 1
| #define TIME_WITH_SYS_TIME 1
| #define HAVE_DIRENT_H 1
| /* end confdefs.h.  */
| #include <execinfo.h>
configure:17715: result: no
configure:17715: checking for execinfo.h
configure:17715: result: no
configure:17715: checking sys/select.h usability
configure:17715: /opt/buildroot-gcc463/usr/bin/mipsel-linux-gcc -c -Os   -D_GNU_SOURCE -D_REENTRANT conftest.c >&5
configure:17715: $? = 0
configure:17715: result: yes
configure:17715: checking sys/select.h presence
configure:17715: /opt/buildroot-gcc463/usr/bin/mipsel-linux-gcc -E  -D_GNU_SOURCE -D_REENTRANT conftest.c
configure:17715: $? = 0
configure:17715: result: yes
configure:17715: checking for sys/select.h
configure:17715: result: yes
configure:17715: checking sys/socket.h usability
configure:17715: /opt/buildroot-gcc463/usr/bin/mipsel-linux-gcc -c -Os   -D_GNU_SOURCE -D_REENTRANT conftest.c >&5
configure:17715: $? = 0
configure:17715: result: yes
configure:17715: checking sys/socket.h presence
configure:17715: /opt/buildroot-gcc463/usr/bin/mipsel-linux-gcc -E  -D_GNU_SOURCE -D_REENTRANT conftest.c
configure:17715: $? = 0
configure:17715: result: yes
configure:17715: checking for sys/socket.h
configure:17715: result: yes
configure:17715: checking sys/time.h usability
configure:17715: /opt/buildroot-gcc463/usr/bin/mipsel-linux-gcc -c -Os   -D_GNU_SOURCE -D_REENTRANT conftest.c >&5
configure:17715: $? = 0
configure:17715: result: yes
configure:17715: checking sys/time.h presence
configure:17715: /opt/buildroot-gcc463/usr/bin/mipsel-linux-gcc -E  -D_GNU_SOURCE -D_REENTRANT conftest.c
configure:17715: $? = 0
configure:17715: result: yes
configure:17715: checking for sys/time.h
configure:17715: result: yes
configure:17726: checking for struct stat.st_blksize
configure:17726: /opt/buildroot-gcc463/usr/bin/mipsel-linux-gcc -c -Os   -D_GNU_SOURCE -D_REENTRANT conftest.c >&5
configure:17726: $? = 0
configure:17726: result: yes
configure:17750: checking for inttypes.h
configure:17750: result: yes
configure:17767: checking for stdint.h
configure:17777: /opt/buildroot-gcc463/usr/bin/mipsel-linux-gcc -c -Os   -D_GNU_SOURCE -D_REENTRANT conftest.c >&5
configure:17777: $? = 0
configure:17778: result: yes
configure:17835: checking stddef.h usability
configure:17835: /opt/buildroot-gcc463/usr/bin/mipsel-linux-gcc -c -Os   -D_GNU_SOURCE -D_REENTRANT conftest.c >&5
configure:17835: $? = 0
configure:17835: result: yes
configure:17835: checking stddef.h presence
configure:17835: /opt/buildroot-gcc463/usr/bin/mipsel-linux-gcc -E  -D_GNU_SOURCE -D_REENTRANT conftest.c
configure:17835: $? = 0
configure:17835: result: yes
configure:17835: checking for stddef.h
configure:17835: result: yes
configure:17845: checking for unistd.h
configure:17845: result: yes
configure:17862: checking size of char
configure:17867: /opt/buildroot-gcc463/usr/bin/mipsel-linux-gcc -c -Os   -D_GNU_SOURCE -D_REENTRANT conftest.c >&5
configure:17867: $? = 0
configure:17867: /opt/buildroot-gcc463/usr/bin/mipsel-linux-gcc -c -Os   -D_GNU_SOURCE -D_REENTRANT conftest.c >&5
conftest.c: In function 'main':
conftest.c:40:12: error: size of array 'test_array' is negative
configure:17867: $? = 1
configure: failed program was:
| /* confdefs.h */
| #define PACKAGE_NAME "Berkeley DB"
| #define PACKAGE_TARNAME "db-4.8.30"
| #define PACKAGE_VERSION "4.8.30"
| #define PACKAGE_STRING "Berkeley DB 4.8.30"
| #define PACKAGE_BUGREPORT "Oracle Technology Network Berkeley DB forum"
| #define PACKAGE_URL ""
| #define UMRW 1
| #define HAVE_UPGRADE_SUPPORT 1
| #define STDC_HEADERS 1
| #define HAVE_SYS_TYPES_H 1
| #define HAVE_SYS_STAT_H 1
| #define HAVE_STDLIB_H 1
| #define HAVE_STRING_H 1
| #define HAVE_MEMORY_H 1
| #define HAVE_STRINGS_H 1
| #define HAVE_INTTYPES_H 1
| #define HAVE_STDINT_H 1
| #define HAVE_UNISTD_H 1
| #define HAVE_DLFCN_H 1
| #define LT_OBJDIR ".libs/"
| #define HAVE_SYSTEM_INCLUDE_FILES 1
| #define TIME_WITH_SYS_TIME 1
| #define HAVE_DIRENT_H 1
| #define HAVE_SYS_SELECT_H 1
| #define HAVE_SYS_SOCKET_H 1
| #define HAVE_SYS_TIME_H 1
| #define HAVE_STRUCT_STAT_ST_BLKSIZE 1
| /* end confdefs.h.  */
| #include <sys/types.h>
| #include <inttypes.h>
| #include <stdint.h>
| #include <stddef.h>
| #include <unistd.h>
| #include <stdio.h>
| 
| int
| main ()
| {
| static int test_array [1 - 2 * !(((long int) (sizeof (char))) <= 0)];
| test_array [0] = 0
| 
|   ;
|   return 0;
| }
configure:17867: /opt/buildroot-gcc463/usr/bin/mipsel-linux-gcc -c -Os   -D_GNU_SOURCE -D_REENTRANT conftest.c >&5
configure:17867: $? = 0
configure:17883: result: 1
configure:17897: checking size of unsigned char
configure:17902: /opt/buildroot-gcc463/usr/bin/mipsel-linux-gcc -c -Os   -D_GNU_SOURCE -D_REENTRANT conftest.c >&5
configure:17902: $? = 0
configure:17902: /opt/buildroot-gcc463/usr/bin/mipsel-linux-gcc -c -Os   -D_GNU_SOURCE -D_REENTRANT conftest.c >&5
conftest.c: In function 'main':
conftest.c:41:12: error: size of array 'test_array' is negative
configure:17902: $? = 1
configure: failed program was:
| /* confdefs.h */
| #define PACKAGE_NAME "Berkeley DB"
| #define PACKAGE_TARNAME "db-4.8.30"
| #define PACKAGE_VERSION "4.8.30"
| #define PACKAGE_STRING "Berkeley DB 4.8.30"
| #define PACKAGE_BUGREPORT "Oracle Technology Network Berkeley DB forum"
| #define PACKAGE_URL ""
| #define UMRW 1
| #define HAVE_UPGRADE_SUPPORT 1
| #define STDC_HEADERS 1
| #define HAVE_SYS_TYPES_H 1
| #define HAVE_SYS_STAT_H 1
| #define HAVE_STDLIB_H 1
| #define HAVE_STRING_H 1
| #define HAVE_MEMORY_H 1
| #define HAVE_STRINGS_H 1
| #define HAVE_INTTYPES_H 1
| #define HAVE_STDINT_H 1
| #define HAVE_UNISTD_H 1
| #define HAVE_DLFCN_H 1
| #define LT_OBJDIR ".libs/"
| #define HAVE_SYSTEM_INCLUDE_FILES 1
| #define TIME_WITH_SYS_TIME 1
| #define HAVE_DIRENT_H 1
| #define HAVE_SYS_SELECT_H 1
| #define HAVE_SYS_SOCKET_H 1
| #define HAVE_SYS_TIME_H 1
| #define HAVE_STRUCT_STAT_ST_BLKSIZE 1
| #define SIZEOF_CHAR 1
| /* end confdefs.h.  */
| #include <sys/types.h>
| #include <inttypes.h>
| #include <stdint.h>
| #include <stddef.h>
| #include <unistd.h>
| #include <stdio.h>
| 
| int
| main ()
| {
| static int test_array [1 - 2 * !(((long int) (sizeof (unsigned char))) <= 0)];
| test_array [0] = 0
| 
|   ;
|   return 0;
| }
configure:17902: /opt/buildroot-gcc463/usr/bin/mipsel-linux-gcc -c -Os   -D_GNU_SOURCE -D_REENTRANT conftest.c >&5
configure:17902: $? = 0
configure:17918: result: 1
configure:17932: checking size of short
configure:17937: /opt/buildroot-gcc463/usr/bin/mipsel-linux-gcc -c -Os   -D_GNU_SOURCE -D_REENTRANT conftest.c >&5
configure:17937: $? = 0
configure:17937: /opt/buildroot-gcc463/usr/bin/mipsel-linux-gcc -c -Os   -D_GNU_SOURCE -D_REENTRANT conftest.c >&5
conftest.c: In function 'main':
conftest.c:42:12: error: size of array 'test_array' is negative
configure:17937: $? = 1
configure: failed program was:
| /* confdefs.h */
| #define PACKAGE_NAME "Berkeley DB"
| #define PACKAGE_TARNAME "db-4.8.30"
| #define PACKAGE_VERSION "4.8.30"
| #define PACKAGE_STRING "Berkeley DB 4.8.30"
| #define PACKAGE_BUGREPORT "Oracle Technology Network Berkeley DB forum"
| #define PACKAGE_URL ""
| #define UMRW 1
| #define HAVE_UPGRADE_SUPPORT 1
| #define STDC_HEADERS 1
| #define HAVE_SYS_TYPES_H 1
| #define HAVE_SYS_STAT_H 1
| #define HAVE_STDLIB_H 1
| #define HAVE_STRING_H 1
| #define HAVE_MEMORY_H 1
| #define HAVE_STRINGS_H 1
| #define HAVE_INTTYPES_H 1
| #define HAVE_STDINT_H 1
| #define HAVE_UNISTD_H 1
| #define HAVE_DLFCN_H 1
| #define LT_OBJDIR ".libs/"
| #define HAVE_SYSTEM_INCLUDE_FILES 1
| #define TIME_WITH_SYS_TIME 1
| #define HAVE_DIRENT_H 1
| #define HAVE_SYS_SELECT_H 1
| #define HAVE_SYS_SOCKET_H 1
| #define HAVE_SYS_TIME_H 1
| #define HAVE_STRUCT_STAT_ST_BLKSIZE 1
| #define SIZEOF_CHAR 1
| #define SIZEOF_UNSIGNED_CHAR 1
| /* end confdefs.h.  */
| #include <sys/types.h>
| #include <inttypes.h>
| #include <stdint.h>
| #include <stddef.h>
| #include <unistd.h>
| #include <stdio.h>
| 
| int
| main ()
| {
| static int test_array [1 - 2 * !(((long int) (sizeof (short))) <= 0)];
| test_array [0] = 0
| 
|   ;
|   return 0;
| }
configure:17937: /opt/buildroot-gcc463/usr/bin/mipsel-linux-gcc -c -Os   -D_GNU_SOURCE -D_REENTRANT conftest.c >&5
conftest.c: In function 'main':
conftest.c:42:12: error: size of array 'test_array' is negative
configure:17937: $? = 1
configure: failed program was:
| /* confdefs.h */
| #define PACKAGE_NAME "Berkeley DB"
| #define PACKAGE_TARNAME "db-4.8.30"
| #define PACKAGE_VERSION "4.8.30"
| #define PACKAGE_STRING "Berkeley DB 4.8.30"
| #define PACKAGE_BUGREPORT "Oracle Technology Network Berkeley DB forum"
| #define PACKAGE_URL ""
| #define UMRW 1
| #define HAVE_UPGRADE_SUPPORT 1
| #define STDC_HEADERS 1
| #define HAVE_SYS_TYPES_H 1
| #define HAVE_SYS_STAT_H 1
| #define HAVE_STDLIB_H 1
| #define HAVE_STRING_H 1
| #define HAVE_MEMORY_H 1
| #define HAVE_STRINGS_H 1
| #define HAVE_INTTYPES_H 1
| #define HAVE_STDINT_H 1
| #define HAVE_UNISTD_H 1
| #define HAVE_DLFCN_H 1
| #define LT_OBJDIR ".libs/"
| #define HAVE_SYSTEM_INCLUDE_FILES 1
| #define TIME_WITH_SYS_TIME 1
| #define HAVE_DIRENT_H 1
| #define HAVE_SYS_SELECT_H 1
| #define HAVE_SYS_SOCKET_H 1
| #define HAVE_SYS_TIME_H 1
| #define HAVE_STRUCT_STAT_ST_BLKSIZE 1
| #define SIZEOF_CHAR 1
| #define SIZEOF_UNSIGNED_CHAR 1
| /* end confdefs.h.  */
| #include <sys/types.h>
| #include <inttypes.h>
| #include <stdint.h>
| #include <stddef.h>
| #include <unistd.h>
| #include <stdio.h>
| 
| int
| main ()
| {
| static int test_array [1 - 2 * !(((long int) (sizeof (short))) <= 1)];
| test_array [0] = 0
| 
|   ;
|   return 0;
| }
configure:17937: /opt/buildroot-gcc463/usr/bin/mipsel-linux-gcc -c -Os   -D_GNU_SOURCE -D_REENTRANT conftest.c >&5
configure:17937: $? = 0
configure:17937: /opt/buildroot-gcc463/usr/bin/mipsel-linux-gcc -c -Os   -D_GNU_SOURCE -D_REENTRANT conftest.c >&5
configure:17937: $? = 0
configure:17953: result: 2
configure:17967: checking size of unsigned short
configure:17972: /opt/buildroot-gcc463/usr/bin/mipsel-linux-gcc -c -Os   -D_GNU_SOURCE -D_REENTRANT conftest.c >&5
configure:17972: $? = 0
configure:17972: /opt/buildroot-gcc463/usr/bin/mipsel-linux-gcc -c -Os   -D_GNU_SOURCE -D_REENTRANT conftest.c >&5
conftest.c: In function 'main':
conftest.c:43:12: error: size of array 'test_array' is negative
configure:17972: $? = 1
configure: failed program was:
| /* confdefs.h */
| #define PACKAGE_NAME "Berkeley DB"
| #define PACKAGE_TARNAME "db-4.8.30"
| #define PACKAGE_VERSION "4.8.30"
| #define PACKAGE_STRING "Berkeley DB 4.8.30"
| #define PACKAGE_BUGREPORT "Oracle Technology Network Berkeley DB forum"
| #define PACKAGE_URL ""
| #define UMRW 1
| #define HAVE_UPGRADE_SUPPORT 1
| #define STDC_HEADERS 1
| #define HAVE_SYS_TYPES_H 1
| #define HAVE_SYS_STAT_H 1
| #define HAVE_STDLIB_H 1
| #define HAVE_STRING_H 1
| #define HAVE_MEMORY_H 1
| #define HAVE_STRINGS_H 1
| #define HAVE_INTTYPES_H 1
| #define HAVE_STDINT_H 1
| #define HAVE_UNISTD_H 1
| #define HAVE_DLFCN_H 1
| #define LT_OBJDIR ".libs/"
| #define HAVE_SYSTEM_INCLUDE_FILES 1
| #define TIME_WITH_SYS_TIME 1
| #define HAVE_DIRENT_H 1
| #define HAVE_SYS_SELECT_H 1
| #define HAVE_SYS_SOCKET_H 1
| #define HAVE_SYS_TIME_H 1
| #define HAVE_STRUCT_STAT_ST_BLKSIZE 1
| #define SIZEOF_CHAR 1
| #define SIZEOF_UNSIGNED_CHAR 1
| #define SIZEOF_SHORT 2
| /* end confdefs.h.  */
| #include <sys/types.h>
| #include <inttypes.h>
| #include <stdint.h>
| #include <stddef.h>
| #include <unistd.h>
| #include <stdio.h>
| 
| int
| main ()
| {
| static int test_array [1 - 2 * !(((long int) (sizeof (unsigned short))) <= 0)];
| test_array [0] = 0
| 
|   ;
|   return 0;
| }
configure:17972: /opt/buildroot-gcc463/usr/bin/mipsel-linux-gcc -c -Os   -D_GNU_SOURCE -D_REENTRANT conftest.c >&5
conftest.c: In function 'main':
conftest.c:43:12: error: size of array 'test_array' is negative
configure:17972: $? = 1
configure: failed program was:
| /* confdefs.h */
| #define PACKAGE_NAME "Berkeley DB"
| #define PACKAGE_TARNAME "db-4.8.30"
| #define PACKAGE_VERSION "4.8.30"
| #define PACKAGE_STRING "Berkeley DB 4.8.30"
| #define PACKAGE_BUGREPORT "Oracle Technology Network Berkeley DB forum"
| #define PACKAGE_URL ""
| #define UMRW 1
| #define HAVE_UPGRADE_SUPPORT 1
| #define STDC_HEADERS 1
| #define HAVE_SYS_TYPES_H 1
| #define HAVE_SYS_STAT_H 1
| #define HAVE_STDLIB_H 1
| #define HAVE_STRING_H 1
| #define HAVE_MEMORY_H 1
| #define HAVE_STRINGS_H 1
| #define HAVE_INTTYPES_H 1
| #define HAVE_STDINT_H 1
| #define HAVE_UNISTD_H 1
| #define HAVE_DLFCN_H 1
| #define LT_OBJDIR ".libs/"
| #define HAVE_SYSTEM_INCLUDE_FILES 1
| #define TIME_WITH_SYS_TIME 1
| #define HAVE_DIRENT_H 1
| #define HAVE_SYS_SELECT_H 1
| #define HAVE_SYS_SOCKET_H 1
| #define HAVE_SYS_TIME_H 1
| #define HAVE_STRUCT_STAT_ST_BLKSIZE 1
| #define SIZEOF_CHAR 1
| #define SIZEOF_UNSIGNED_CHAR 1
| #define SIZEOF_SHORT 2
| /* end confdefs.h.  */
| #include <sys/types.h>
| #include <inttypes.h>
| #include <stdint.h>
| #include <stddef.h>
| #include <unistd.h>
| #include <stdio.h>
| 
| int
| main ()
| {
| static int test_array [1 - 2 * !(((long int) (sizeof (unsigned short))) <= 1)];
| test_array [0] = 0
| 
|   ;
|   return 0;
| }
configure:17972: /opt/buildroot-gcc463/usr/bin/mipsel-linux-gcc -c -Os   -D_GNU_SOURCE -D_REENTRANT conftest.c >&5
configure:17972: $? = 0
configure:17972: /opt/buildroot-gcc463/usr/bin/mipsel-linux-gcc -c -Os   -D_GNU_SOURCE -D_REENTRANT conftest.c >&5
configure:17972: $? = 0
configure:17988: result: 2
configure:18002: checking size of int
configure:18007: /opt/buildroot-gcc463/usr/bin/mipsel-linux-gcc -c -Os   -D_GNU_SOURCE -D_REENTRANT conftest.c >&5
configure:18007: $? = 0
configure:18007: /opt/buildroot-gcc463/usr/bin/mipsel-linux-gcc -c -Os   -D_GNU_SOURCE -D_REENTRANT conftest.c >&5
conftest.c: In function 'main':
conftest.c:44:12: error: size of array 'test_array' is negative
configure:18007: $? = 1
configure: failed program was:
| /* confdefs.h */
| #define PACKAGE_NAME "Berkeley DB"
| #define PACKAGE_TARNAME "db-4.8.30"
| #define PACKAGE_VERSION "4.8.30"
| #define PACKAGE_STRING "Berkeley DB 4.8.30"
| #define PACKAGE_BUGREPORT "Oracle Technology Network Berkeley DB forum"
| #define PACKAGE_URL ""
| #define UMRW 1
| #define HAVE_UPGRADE_SUPPORT 1
| #define STDC_HEADERS 1
| #define HAVE_SYS_TYPES_H 1
| #define HAVE_SYS_STAT_H 1
| #define HAVE_STDLIB_H 1
| #define HAVE_STRING_H 1
| #define HAVE_MEMORY_H 1
| #define HAVE_STRINGS_H 1
| #define HAVE_INTTYPES_H 1
| #define HAVE_STDINT_H 1
| #define HAVE_UNISTD_H 1
| #define HAVE_DLFCN_H 1
| #define LT_OBJDIR ".libs/"
| #define HAVE_SYSTEM_INCLUDE_FILES 1
| #define TIME_WITH_SYS_TIME 1
| #define HAVE_DIRENT_H 1
| #define HAVE_SYS_SELECT_H 1
| #define HAVE_SYS_SOCKET_H 1
| #define HAVE_SYS_TIME_H 1
| #define HAVE_STRUCT_STAT_ST_BLKSIZE 1
| #define SIZEOF_CHAR 1
| #define SIZEOF_UNSIGNED_CHAR 1
| #define SIZEOF_SHORT 2
| #define SIZEOF_UNSIGNED_SHORT 2
| /* end confdefs.h.  */
| #include <sys/types.h>
| #include <inttypes.h>
| #include <stdint.h>
| #include <stddef.h>
| #include <unistd.h>
| #include <stdio.h>
| 
| int
| main ()
| {
| static int test_array [1 - 2 * !(((long int) (sizeof (int))) <= 0)];
| test_array [0] = 0
| 
|   ;
|   return 0;
| }
configure:18007: /opt/buildroot-gcc463/usr/bin/mipsel-linux-gcc -c -Os   -D_GNU_SOURCE -D_REENTRANT conftest.c >&5
conftest.c: In function 'main':
conftest.c:44:12: error: size of array 'test_array' is negative
configure:18007: $? = 1
configure: failed program was:
| /* confdefs.h */
| #define PACKAGE_NAME "Berkeley DB"
| #define PACKAGE_TARNAME "db-4.8.30"
| #define PACKAGE_VERSION "4.8.30"
| #define PACKAGE_STRING "Berkeley DB 4.8.30"
| #define PACKAGE_BUGREPORT "Oracle Technology Network Berkeley DB forum"
| #define PACKAGE_URL ""
| #define UMRW 1
| #define HAVE_UPGRADE_SUPPORT 1
| #define STDC_HEADERS 1
| #define HAVE_SYS_TYPES_H 1
| #define HAVE_SYS_STAT_H 1
| #define HAVE_STDLIB_H 1
| #define HAVE_STRING_H 1
| #define HAVE_MEMORY_H 1
| #define HAVE_STRINGS_H 1
| #define HAVE_INTTYPES_H 1
| #define HAVE_STDINT_H 1
| #define HAVE_UNISTD_H 1
| #define HAVE_DLFCN_H 1
| #define LT_OBJDIR ".libs/"
| #define HAVE_SYSTEM_INCLUDE_FILES 1
| #define TIME_WITH_SYS_TIME 1
| #define HAVE_DIRENT_H 1
| #define HAVE_SYS_SELECT_H 1
| #define HAVE_SYS_SOCKET_H 1
| #define HAVE_SYS_TIME_H 1
| #define HAVE_STRUCT_STAT_ST_BLKSIZE 1
| #define SIZEOF_CHAR 1
| #define SIZEOF_UNSIGNED_CHAR 1
| #define SIZEOF_SHORT 2
| #define SIZEOF_UNSIGNED_SHORT 2
| /* end confdefs.h.  */
| #include <sys/types.h>
| #include <inttypes.h>
| #include <stdint.h>
| #include <stddef.h>
| #include <unistd.h>
| #include <stdio.h>
| 
| int
| main ()
| {
| static int test_array [1 - 2 * !(((long int) (sizeof (int))) <= 1)];
| test_array [0] = 0
| 
|   ;
|   return 0;
| }
configure:18007: /opt/buildroot-gcc463/usr/bin/mipsel-linux-gcc -c -Os   -D_GNU_SOURCE -D_REENTRANT conftest.c >&5
conftest.c: In function 'main':
conftest.c:44:12: error: size of array 'test_array' is negative
configure:18007: $? = 1
configure: failed program was:
| /* confdefs.h */
| #define PACKAGE_NAME "Berkeley DB"
| #define PACKAGE_TARNAME "db-4.8.30"
| #define PACKAGE_VERSION "4.8.30"
| #define PACKAGE_STRING "Berkeley DB 4.8.30"
| #define PACKAGE_BUGREPORT "Oracle Technology Network Berkeley DB forum"
| #define PACKAGE_URL ""
| #define UMRW 1
| #define HAVE_UPGRADE_SUPPORT 1
| #define STDC_HEADERS 1
| #define HAVE_SYS_TYPES_H 1
| #define HAVE_SYS_STAT_H 1
| #define HAVE_STDLIB_H 1
| #define HAVE_STRING_H 1
| #define HAVE_MEMORY_H 1
| #define HAVE_STRINGS_H 1
| #define HAVE_INTTYPES_H 1
| #define HAVE_STDINT_H 1
| #define HAVE_UNISTD_H 1
| #define HAVE_DLFCN_H 1
| #define LT_OBJDIR ".libs/"
| #define HAVE_SYSTEM_INCLUDE_FILES 1
| #define TIME_WITH_SYS_TIME 1
| #define HAVE_DIRENT_H 1
| #define HAVE_SYS_SELECT_H 1
| #define HAVE_SYS_SOCKET_H 1
| #define HAVE_SYS_TIME_H 1
| #define HAVE_STRUCT_STAT_ST_BLKSIZE 1
| #define SIZEOF_CHAR 1
| #define SIZEOF_UNSIGNED_CHAR 1
| #define SIZEOF_SHORT 2
| #define SIZEOF_UNSIGNED_SHORT 2
| /* end confdefs.h.  */
| #include <sys/types.h>
| #include <inttypes.h>
| #include <stdint.h>
| #include <stddef.h>
| #include <unistd.h>
| #include <stdio.h>
| 
| int
| main ()
| {
| static int test_array [1 - 2 * !(((long int) (sizeof (int))) <= 3)];
| test_array [0] = 0
| 
|   ;
|   return 0;
| }
configure:18007: /opt/buildroot-gcc463/usr/bin/mipsel-linux-gcc -c -Os   -D_GNU_SOURCE -D_REENTRANT conftest.c >&5
configure:18007: $? = 0
configure:18007: /opt/buildroot-gcc463/usr/bin/mipsel-linux-gcc -c -Os   -D_GNU_SOURCE -D_REENTRANT conftest.c >&5
configure:18007: $? = 0
configure:18007: /opt/buildroot-gcc463/usr/bin/mipsel-linux-gcc -c -Os   -D_GNU_SOURCE -D_REENTRANT conftest.c >&5
configure:18007: $? = 0
configure:18023: result: 4
configure:18037: checking size of unsigned int
configure:18042: /opt/buildroot-gcc463/usr/bin/mipsel-linux-gcc -c -Os   -D_GNU_SOURCE -D_REENTRANT conftest.c >&5
configure:18042: $? = 0
configure:18042: /opt/buildroot-gcc463/usr/bin/mipsel-linux-gcc -c -Os   -D_GNU_SOURCE -D_REENTRANT conftest.c >&5
conftest.c: In function 'main':
conftest.c:45:12: error: size of array 'test_array' is negative
configure:18042: $? = 1
configure: failed program was:
| /* confdefs.h */
| #define PACKAGE_NAME "Berkeley DB"
| #define PACKAGE_TARNAME "db-4.8.30"
| #define PACKAGE_VERSION "4.8.30"
| #define PACKAGE_STRING "Berkeley DB 4.8.30"
| #define PACKAGE_BUGREPORT "Oracle Technology Network Berkeley DB forum"
| #define PACKAGE_URL ""
| #define UMRW 1
| #define HAVE_UPGRADE_SUPPORT 1
| #define STDC_HEADERS 1
| #define HAVE_SYS_TYPES_H 1
| #define HAVE_SYS_STAT_H 1
| #define HAVE_STDLIB_H 1
| #define HAVE_STRING_H 1
| #define HAVE_MEMORY_H 1
| #define HAVE_STRINGS_H 1
| #define HAVE_INTTYPES_H 1
| #define HAVE_STDINT_H 1
| #define HAVE_UNISTD_H 1
| #define HAVE_DLFCN_H 1
| #define LT_OBJDIR ".libs/"
| #define HAVE_SYSTEM_INCLUDE_FILES 1
| #define TIME_WITH_SYS_TIME 1
| #define HAVE_DIRENT_H 1
| #define HAVE_SYS_SELECT_H 1
| #define HAVE_SYS_SOCKET_H 1
| #define HAVE_SYS_TIME_H 1
| #define HAVE_STRUCT_STAT_ST_BLKSIZE 1
| #define SIZEOF_CHAR 1
| #define SIZEOF_UNSIGNED_CHAR 1
| #define SIZEOF_SHORT 2
| #define SIZEOF_UNSIGNED_SHORT 2
| #define SIZEOF_INT 4
| /* end confdefs.h.  */
| #include <sys/types.h>
| #include <inttypes.h>
| #include <stdint.h>
| #include <stddef.h>
| #include <unistd.h>
| #include <stdio.h>
| 
| int
| main ()
| {
| static int test_array [1 - 2 * !(((long int) (sizeof (unsigned int))) <= 0)];
| test_array [0] = 0
| 
|   ;
|   return 0;
| }
configure:18042: /opt/buildroot-gcc463/usr/bin/mipsel-linux-gcc -c -Os   -D_GNU_SOURCE -D_REENTRANT conftest.c >&5
conftest.c: In function 'main':
conftest.c:45:12: error: size of array 'test_array' is negative
configure:18042: $? = 1
configure: failed program was:
| /* confdefs.h */
| #define PACKAGE_NAME "Berkeley DB"
| #define PACKAGE_TARNAME "db-4.8.30"
| #define PACKAGE_VERSION "4.8.30"
| #define PACKAGE_STRING "Berkeley DB 4.8.30"
| #define PACKAGE_BUGREPORT "Oracle Technology Network Berkeley DB forum"
| #define PACKAGE_URL ""
| #define UMRW 1
| #define HAVE_UPGRADE_SUPPORT 1
| #define STDC_HEADERS 1
| #define HAVE_SYS_TYPES_H 1
| #define HAVE_SYS_STAT_H 1
| #define HAVE_STDLIB_H 1
| #define HAVE_STRING_H 1
| #define HAVE_MEMORY_H 1
| #define HAVE_STRINGS_H 1
| #define HAVE_INTTYPES_H 1
| #define HAVE_STDINT_H 1
| #define HAVE_UNISTD_H 1
| #define HAVE_DLFCN_H 1
| #define LT_OBJDIR ".libs/"
| #define HAVE_SYSTEM_INCLUDE_FILES 1
| #define TIME_WITH_SYS_TIME 1
| #define HAVE_DIRENT_H 1
| #define HAVE_SYS_SELECT_H 1
| #define HAVE_SYS_SOCKET_H 1
| #define HAVE_SYS_TIME_H 1
| #define HAVE_STRUCT_STAT_ST_BLKSIZE 1
| #define SIZEOF_CHAR 1
| #define SIZEOF_UNSIGNED_CHAR 1
| #define SIZEOF_SHORT 2
| #define SIZEOF_UNSIGNED_SHORT 2
| #define SIZEOF_INT 4
| /* end confdefs.h.  */
| #include <sys/types.h>
| #include <inttypes.h>
| #include <stdint.h>
| #include <stddef.h>
| #include <unistd.h>
| #include <stdio.h>
| 
| int
| main ()
| {
| static int test_array [1 - 2 * !(((long int) (sizeof (unsigned int))) <= 1)];
| test_array [0] = 0
| 
|   ;
|   return 0;
| }
configure:18042: /opt/buildroot-gcc463/usr/bin/mipsel-linux-gcc -c -Os   -D_GNU_SOURCE -D_REENTRANT conftest.c >&5
conftest.c: In function 'main':
conftest.c:45:12: error: size of array 'test_array' is negative
configure:18042: $? = 1
configure: failed program was:
| /* confdefs.h */
| #define PACKAGE_NAME "Berkeley DB"
| #define PACKAGE_TARNAME "db-4.8.30"
| #define PACKAGE_VERSION "4.8.30"
| #define PACKAGE_STRING "Berkeley DB 4.8.30"
| #define PACKAGE_BUGREPORT "Oracle Technology Network Berkeley DB forum"
| #define PACKAGE_URL ""
| #define UMRW 1
| #define HAVE_UPGRADE_SUPPORT 1
| #define STDC_HEADERS 1
| #define HAVE_SYS_TYPES_H 1
| #define HAVE_SYS_STAT_H 1
| #define HAVE_STDLIB_H 1
| #define HAVE_STRING_H 1
| #define HAVE_MEMORY_H 1
| #define HAVE_STRINGS_H 1
| #define HAVE_INTTYPES_H 1
| #define HAVE_STDINT_H 1
| #define HAVE_UNISTD_H 1
| #define HAVE_DLFCN_H 1
| #define LT_OBJDIR ".libs/"
| #define HAVE_SYSTEM_INCLUDE_FILES 1
| #define TIME_WITH_SYS_TIME 1
| #define HAVE_DIRENT_H 1
| #define HAVE_SYS_SELECT_H 1
| #define HAVE_SYS_SOCKET_H 1
| #define HAVE_SYS_TIME_H 1
| #define HAVE_STRUCT_STAT_ST_BLKSIZE 1
| #define SIZEOF_CHAR 1
| #define SIZEOF_UNSIGNED_CHAR 1
| #define SIZEOF_SHORT 2
| #define SIZEOF_UNSIGNED_SHORT 2
| #define SIZEOF_INT 4
| /* end confdefs.h.  */
| #include <sys/types.h>
| #include <inttypes.h>
| #include <stdint.h>
| #include <stddef.h>
| #include <unistd.h>
| #include <stdio.h>
| 
| int
| main ()
| {
| static int test_array [1 - 2 * !(((long int) (sizeof (unsigned int))) <= 3)];
| test_array [0] = 0
| 
|   ;
|   return 0;
| }
configure:18042: /opt/buildroot-gcc463/usr/bin/mipsel-linux-gcc -c -Os   -D_GNU_SOURCE -D_REENTRANT conftest.c >&5
configure:18042: $? = 0
configure:18042: /opt/buildroot-gcc463/usr/bin/mipsel-linux-gcc -c -Os   -D_GNU_SOURCE -D_REENTRANT conftest.c >&5
configure:18042: $? = 0
configure:18042: /opt/buildroot-gcc463/usr/bin/mipsel-linux-gcc -c -Os   -D_GNU_SOURCE -D_REENTRANT conftest.c >&5
configure:18042: $? = 0
configure:18058: result: 4
configure:18072: checking size of long
configure:18077: /opt/buildroot-gcc463/usr/bin/mipsel-linux-gcc -c -Os   -D_GNU_SOURCE -D_REENTRANT conftest.c >&5
configure:18077: $? = 0
configure:18077: /opt/buildroot-gcc463/usr/bin/mipsel-linux-gcc -c -Os   -D_GNU_SOURCE -D_REENTRANT conftest.c >&5
conftest.c: In function 'main':
conftest.c:46:12: error: size of array 'test_array' is negative
configure:18077: $? = 1
configure: failed program was:
| /* confdefs.h */
| #define PACKAGE_NAME "Berkeley DB"
| #define PACKAGE_TARNAME "db-4.8.30"
| #define PACKAGE_VERSION "4.8.30"
| #define PACKAGE_STRING "Berkeley DB 4.8.30"
| #define PACKAGE_BUGREPORT "Oracle Technology Network Berkeley DB forum"
| #define PACKAGE_URL ""
| #define UMRW 1
| #define HAVE_UPGRADE_SUPPORT 1
| #define STDC_HEADERS 1
| #define HAVE_SYS_TYPES_H 1
| #define HAVE_SYS_STAT_H 1
| #define HAVE_STDLIB_H 1
| #define HAVE_STRING_H 1
| #define HAVE_MEMORY_H 1
| #define HAVE_STRINGS_H 1
| #define HAVE_INTTYPES_H 1
| #define HAVE_STDINT_H 1
| #define HAVE_UNISTD_H 1
| #define HAVE_DLFCN_H 1
| #define LT_OBJDIR ".libs/"
| #define HAVE_SYSTEM_INCLUDE_FILES 1
| #define TIME_WITH_SYS_TIME 1
| #define HAVE_DIRENT_H 1
| #define HAVE_SYS_SELECT_H 1
| #define HAVE_SYS_SOCKET_H 1
| #define HAVE_SYS_TIME_H 1
| #define HAVE_STRUCT_STAT_ST_BLKSIZE 1
| #define SIZEOF_CHAR 1
| #define SIZEOF_UNSIGNED_CHAR 1
| #define SIZEOF_SHORT 2
| #define SIZEOF_UNSIGNED_SHORT 2
| #define SIZEOF_INT 4
| #define SIZEOF_UNSIGNED_INT 4
| /* end confdefs.h.  */
| #include <sys/types.h>
| #include <inttypes.h>
| #include <stdint.h>
| #include <stddef.h>
| #include <unistd.h>
| #include <stdio.h>
| 
| int
| main ()
| {
| static int test_array [1 - 2 * !(((long int) (sizeof (long))) <= 0)];
| test_array [0] = 0
| 
|   ;
|   return 0;
| }
configure:18077: /opt/buildroot-gcc463/usr/bin/mipsel-linux-gcc -c -Os   -D_GNU_SOURCE -D_REENTRANT conftest.c >&5
conftest.c: In function 'main':
conftest.c:46:12: error: size of array 'test_array' is negative
configure:18077: $? = 1
configure: failed program was:
| /* confdefs.h */
| #define PACKAGE_NAME "Berkeley DB"
| #define PACKAGE_TARNAME "db-4.8.30"
| #define PACKAGE_VERSION "4.8.30"
| #define PACKAGE_STRING "Berkeley DB 4.8.30"
| #define PACKAGE_BUGREPORT "Oracle Technology Network Berkeley DB forum"
| #define PACKAGE_URL ""
| #define UMRW 1
| #define HAVE_UPGRADE_SUPPORT 1
| #define STDC_HEADERS 1
| #define HAVE_SYS_TYPES_H 1
| #define HAVE_SYS_STAT_H 1
| #define HAVE_STDLIB_H 1
| #define HAVE_STRING_H 1
| #define HAVE_MEMORY_H 1
| #define HAVE_STRINGS_H 1
| #define HAVE_INTTYPES_H 1
| #define HAVE_STDINT_H 1
| #define HAVE_UNISTD_H 1
| #define HAVE_DLFCN_H 1
| #define LT_OBJDIR ".libs/"
| #define HAVE_SYSTEM_INCLUDE_FILES 1
| #define TIME_WITH_SYS_TIME 1
| #define HAVE_DIRENT_H 1
| #define HAVE_SYS_SELECT_H 1
| #define HAVE_SYS_SOCKET_H 1
| #define HAVE_SYS_TIME_H 1
| #define HAVE_STRUCT_STAT_ST_BLKSIZE 1
| #define SIZEOF_CHAR 1
| #define SIZEOF_UNSIGNED_CHAR 1
| #define SIZEOF_SHORT 2
| #define SIZEOF_UNSIGNED_SHORT 2
| #define SIZEOF_INT 4
| #define SIZEOF_UNSIGNED_INT 4
| /* end confdefs.h.  */
| #include <sys/types.h>
| #include <inttypes.h>
| #include <stdint.h>
| #include <stddef.h>
| #include <unistd.h>
| #include <stdio.h>
| 
| int
| main ()
| {
| static int test_array [1 - 2 * !(((long int) (sizeof (long))) <= 1)];
| test_array [0] = 0
| 
|   ;
|   return 0;
| }
configure:18077: /opt/buildroot-gcc463/usr/bin/mipsel-linux-gcc -c -Os   -D_GNU_SOURCE -D_REENTRANT conftest.c >&5
conftest.c: In function 'main':
conftest.c:46:12: error: size of array 'test_array' is negative
configure:18077: $? = 1
configure: failed program was:
| /* confdefs.h */
| #define PACKAGE_NAME "Berkeley DB"
| #define PACKAGE_TARNAME "db-4.8.30"
| #define PACKAGE_VERSION "4.8.30"
| #define PACKAGE_STRING "Berkeley DB 4.8.30"
| #define PACKAGE_BUGREPORT "Oracle Technology Network Berkeley DB forum"
| #define PACKAGE_URL ""
| #define UMRW 1
| #define HAVE_UPGRADE_SUPPORT 1
| #define STDC_HEADERS 1
| #define HAVE_SYS_TYPES_H 1
| #define HAVE_SYS_STAT_H 1
| #define HAVE_STDLIB_H 1
| #define HAVE_STRING_H 1
| #define HAVE_MEMORY_H 1
| #define HAVE_STRINGS_H 1
| #define HAVE_INTTYPES_H 1
| #define HAVE_STDINT_H 1
| #define HAVE_UNISTD_H 1
| #define HAVE_DLFCN_H 1
| #define LT_OBJDIR ".libs/"
| #define HAVE_SYSTEM_INCLUDE_FILES 1
| #define TIME_WITH_SYS_TIME 1
| #define HAVE_DIRENT_H 1
| #define HAVE_SYS_SELECT_H 1
| #define HAVE_SYS_SOCKET_H 1
| #define HAVE_SYS_TIME_H 1
| #define HAVE_STRUCT_STAT_ST_BLKSIZE 1
| #define SIZEOF_CHAR 1
| #define SIZEOF_UNSIGNED_CHAR 1
| #define SIZEOF_SHORT 2
| #define SIZEOF_UNSIGNED_SHORT 2
| #define SIZEOF_INT 4
| #define SIZEOF_UNSIGNED_INT 4
| /* end confdefs.h.  */
| #include <sys/types.h>
| #include <inttypes.h>
| #include <stdint.h>
| #include <stddef.h>
| #include <unistd.h>
| #include <stdio.h>
| 
| int
| main ()
| {
| static int test_array [1 - 2 * !(((long int) (sizeof (long))) <= 3)];
| test_array [0] = 0
| 
|   ;
|   return 0;
| }
configure:18077: /opt/buildroot-gcc463/usr/bin/mipsel-linux-gcc -c -Os   -D_GNU_SOURCE -D_REENTRANT conftest.c >&5
configure:18077: $? = 0
configure:18077: /opt/buildroot-gcc463/usr/bin/mipsel-linux-gcc -c -Os   -D_GNU_SOURCE -D_REENTRANT conftest.c >&5
configure:18077: $? = 0
configure:18077: /opt/buildroot-gcc463/usr/bin/mipsel-linux-gcc -c -Os   -D_GNU_SOURCE -D_REENTRANT conftest.c >&5
configure:18077: $? = 0
configure:18093: result: 4
configure:18107: checking size of unsigned long
configure:18112: /opt/buildroot-gcc463/usr/bin/mipsel-linux-gcc -c -Os   -D_GNU_SOURCE -D_REENTRANT conftest.c >&5
configure:18112: $? = 0
configure:18112: /opt/buildroot-gcc463/usr/bin/mipsel-linux-gcc -c -Os   -D_GNU_SOURCE -D_REENTRANT conftest.c >&5
conftest.c: In function 'main':
conftest.c:47:12: error: size of array 'test_array' is negative
configure:18112: $? = 1
configure: failed program was:
| /* confdefs.h */
| #define PACKAGE_NAME "Berkeley DB"
| #define PACKAGE_TARNAME "db-4.8.30"
| #define PACKAGE_VERSION "4.8.30"
| #define PACKAGE_STRING "Berkeley DB 4.8.30"
| #define PACKAGE_BUGREPORT "Oracle Technology Network Berkeley DB forum"
| #define PACKAGE_URL ""
| #define UMRW 1
| #define HAVE_UPGRADE_SUPPORT 1
| #define STDC_HEADERS 1
| #define HAVE_SYS_TYPES_H 1
| #define HAVE_SYS_STAT_H 1
| #define HAVE_STDLIB_H 1
| #define HAVE_STRING_H 1
| #define HAVE_MEMORY_H 1
| #define HAVE_STRINGS_H 1
| #define HAVE_INTTYPES_H 1
| #define HAVE_STDINT_H 1
| #define HAVE_UNISTD_H 1
| #define HAVE_DLFCN_H 1
| #define LT_OBJDIR ".libs/"
| #define HAVE_SYSTEM_INCLUDE_FILES 1
| #define TIME_WITH_SYS_TIME 1
| #define HAVE_DIRENT_H 1
| #define HAVE_SYS_SELECT_H 1
| #define HAVE_SYS_SOCKET_H 1
| #define HAVE_SYS_TIME_H 1
| #define HAVE_STRUCT_STAT_ST_BLKSIZE 1
| #define SIZEOF_CHAR 1
| #define SIZEOF_UNSIGNED_CHAR 1
| #define SIZEOF_SHORT 2
| #define SIZEOF_UNSIGNED_SHORT 2
| #define SIZEOF_INT 4
| #define SIZEOF_UNSIGNED_INT 4
| #define SIZEOF_LONG 4
| /* end confdefs.h.  */
| #include <sys/types.h>
| #include <inttypes.h>
| #include <stdint.h>
| #include <stddef.h>
| #include <unistd.h>
| #include <stdio.h>
| 
| int
| main ()
| {
| static int test_array [1 - 2 * !(((long int) (sizeof (unsigned long))) <= 0)];
| test_array [0] = 0
| 
|   ;
|   return 0;
| }
configure:18112: /opt/buildroot-gcc463/usr/bin/mipsel-linux-gcc -c -Os   -D_GNU_SOURCE -D_REENTRANT conftest.c >&5
conftest.c: In function 'main':
conftest.c:47:12: error: size of array 'test_array' is negative
configure:18112: $? = 1
configure: failed program was:
| /* confdefs.h */
| #define PACKAGE_NAME "Berkeley DB"
| #define PACKAGE_TARNAME "db-4.8.30"
| #define PACKAGE_VERSION "4.8.30"
| #define PACKAGE_STRING "Berkeley DB 4.8.30"
| #define PACKAGE_BUGREPORT "Oracle Technology Network Berkeley DB forum"
| #define PACKAGE_URL ""
| #define UMRW 1
| #define HAVE_UPGRADE_SUPPORT 1
| #define STDC_HEADERS 1
| #define HAVE_SYS_TYPES_H 1
| #define HAVE_SYS_STAT_H 1
| #define HAVE_STDLIB_H 1
| #define HAVE_STRING_H 1
| #define HAVE_MEMORY_H 1
| #define HAVE_STRINGS_H 1
| #define HAVE_INTTYPES_H 1
| #define HAVE_STDINT_H 1
| #define HAVE_UNISTD_H 1
| #define HAVE_DLFCN_H 1
| #define LT_OBJDIR ".libs/"
| #define HAVE_SYSTEM_INCLUDE_FILES 1
| #define TIME_WITH_SYS_TIME 1
| #define HAVE_DIRENT_H 1
| #define HAVE_SYS_SELECT_H 1
| #define HAVE_SYS_SOCKET_H 1
| #define HAVE_SYS_TIME_H 1
| #define HAVE_STRUCT_STAT_ST_BLKSIZE 1
| #define SIZEOF_CHAR 1
| #define SIZEOF_UNSIGNED_CHAR 1
| #define SIZEOF_SHORT 2
| #define SIZEOF_UNSIGNED_SHORT 2
| #define SIZEOF_INT 4
| #define SIZEOF_UNSIGNED_INT 4
| #define SIZEOF_LONG 4
| /* end confdefs.h.  */
| #include <sys/types.h>
| #include <inttypes.h>
| #include <stdint.h>
| #include <stddef.h>
| #include <unistd.h>
| #include <stdio.h>
| 
| int
| main ()
| {
| static int test_array [1 - 2 * !(((long int) (sizeof (unsigned long))) <= 1)];
| test_array [0] = 0
| 
|   ;
|   return 0;
| }
configure:18112: /opt/buildroot-gcc463/usr/bin/mipsel-linux-gcc -c -Os   -D_GNU_SOURCE -D_REENTRANT conftest.c >&5
conftest.c: In function 'main':
conftest.c:47:12: error: size of array 'test_array' is negative
configure:18112: $? = 1
configure: failed program was:
| /* confdefs.h */
| #define PACKAGE_NAME "Berkeley DB"
| #define PACKAGE_TARNAME "db-4.8.30"
| #define PACKAGE_VERSION "4.8.30"
| #define PACKAGE_STRING "Berkeley DB 4.8.30"
| #define PACKAGE_BUGREPORT "Oracle Technology Network Berkeley DB forum"
| #define PACKAGE_URL ""
| #define UMRW 1
| #define HAVE_UPGRADE_SUPPORT 1
| #define STDC_HEADERS 1
| #define HAVE_SYS_TYPES_H 1
| #define HAVE_SYS_STAT_H 1
| #define HAVE_STDLIB_H 1
| #define HAVE_STRING_H 1
| #define HAVE_MEMORY_H 1
| #define HAVE_STRINGS_H 1
| #define HAVE_INTTYPES_H 1
| #define HAVE_STDINT_H 1
| #define HAVE_UNISTD_H 1
| #define HAVE_DLFCN_H 1
| #define LT_OBJDIR ".libs/"
| #define HAVE_SYSTEM_INCLUDE_FILES 1
| #define TIME_WITH_SYS_TIME 1
| #define HAVE_DIRENT_H 1
| #define HAVE_SYS_SELECT_H 1
| #define HAVE_SYS_SOCKET_H 1
| #define HAVE_SYS_TIME_H 1
| #define HAVE_STRUCT_STAT_ST_BLKSIZE 1
| #define SIZEOF_CHAR 1
| #define SIZEOF_UNSIGNED_CHAR 1
| #define SIZEOF_SHORT 2
| #define SIZEOF_UNSIGNED_SHORT 2
| #define SIZEOF_INT 4
| #define SIZEOF_UNSIGNED_INT 4
| #define SIZEOF_LONG 4
| /* end confdefs.h.  */
| #include <sys/types.h>
| #include <inttypes.h>
| #include <stdint.h>
| #include <stddef.h>
| #include <unistd.h>
| #include <stdio.h>
| 
| int
| main ()
| {
| static int test_array [1 - 2 * !(((long int) (sizeof (unsigned long))) <= 3)];
| test_array [0] = 0
| 
|   ;
|   return 0;
| }
configure:18112: /opt/buildroot-gcc463/usr/bin/mipsel-linux-gcc -c -Os   -D_GNU_SOURCE -D_REENTRANT conftest.c >&5
configure:18112: $? = 0
configure:18112: /opt/buildroot-gcc463/usr/bin/mipsel-linux-gcc -c -Os   -D_GNU_SOURCE -D_REENTRANT conftest.c >&5
configure:18112: $? = 0
configure:18112: /opt/buildroot-gcc463/usr/bin/mipsel-linux-gcc -c -Os   -D_GNU_SOURCE -D_REENTRANT conftest.c >&5
configure:18112: $? = 0
configure:18128: result: 4
configure:18142: checking size of long long
configure:18147: /opt/buildroot-gcc463/usr/bin/mipsel-linux-gcc -c -Os   -D_GNU_SOURCE -D_REENTRANT conftest.c >&5
configure:18147: $? = 0
configure:18147: /opt/buildroot-gcc463/usr/bin/mipsel-linux-gcc -c -Os   -D_GNU_SOURCE -D_REENTRANT conftest.c >&5
conftest.c: In function 'main':
conftest.c:48:12: error: size of array 'test_array' is negative
configure:18147: $? = 1
configure: failed program was:
| /* confdefs.h */
| #define PACKAGE_NAME "Berkeley DB"
| #define PACKAGE_TARNAME "db-4.8.30"
| #define PACKAGE_VERSION "4.8.30"
| #define PACKAGE_STRING "Berkeley DB 4.8.30"
| #define PACKAGE_BUGREPORT "Oracle Technology Network Berkeley DB forum"
| #define PACKAGE_URL ""
| #define UMRW 1
| #define HAVE_UPGRADE_SUPPORT 1
| #define STDC_HEADERS 1
| #define HAVE_SYS_TYPES_H 1
| #define HAVE_SYS_STAT_H 1
| #define HAVE_STDLIB_H 1
| #define HAVE_STRING_H 1
| #define HAVE_MEMORY_H 1
| #define HAVE_STRINGS_H 1
| #define HAVE_INTTYPES_H 1
| #define HAVE_STDINT_H 1
| #define HAVE_UNISTD_H 1
| #define HAVE_DLFCN_H 1
| #define LT_OBJDIR ".libs/"
| #define HAVE_SYSTEM_INCLUDE_FILES 1
| #define TIME_WITH_SYS_TIME 1
| #define HAVE_DIRENT_H 1
| #define HAVE_SYS_SELECT_H 1
| #define HAVE_SYS_SOCKET_H 1
| #define HAVE_SYS_TIME_H 1
| #define HAVE_STRUCT_STAT_ST_BLKSIZE 1
| #define SIZEOF_CHAR 1
| #define SIZEOF_UNSIGNED_CHAR 1
| #define SIZEOF_SHORT 2
| #define SIZEOF_UNSIGNED_SHORT 2
| #define SIZEOF_INT 4
| #define SIZEOF_UNSIGNED_INT 4
| #define SIZEOF_LONG 4
| #define SIZEOF_UNSIGNED_LONG 4
| /* end confdefs.h.  */
| #include <sys/types.h>
| #include <inttypes.h>
| #include <stdint.h>
| #include <stddef.h>
| #include <unistd.h>
| #include <stdio.h>
| 
| int
| main ()
| {
| static int test_array [1 - 2 * !(((long int) (sizeof (long long))) <= 0)];
| test_array [0] = 0
| 
|   ;
|   return 0;
| }
configure:18147: /opt/buildroot-gcc463/usr/bin/mipsel-linux-gcc -c -Os   -D_GNU_SOURCE -D_REENTRANT conftest.c >&5
conftest.c: In function 'main':
conftest.c:48:12: error: size of array 'test_array' is negative
configure:18147: $? = 1
configure: failed program was:
| /* confdefs.h */
| #define PACKAGE_NAME "Berkeley DB"
| #define PACKAGE_TARNAME "db-4.8.30"
| #define PACKAGE_VERSION "4.8.30"
| #define PACKAGE_STRING "Berkeley DB 4.8.30"
| #define PACKAGE_BUGREPORT "Oracle Technology Network Berkeley DB forum"
| #define PACKAGE_URL ""
| #define UMRW 1
| #define HAVE_UPGRADE_SUPPORT 1
| #define STDC_HEADERS 1
| #define HAVE_SYS_TYPES_H 1
| #define HAVE_SYS_STAT_H 1
| #define HAVE_STDLIB_H 1
| #define HAVE_STRING_H 1
| #define HAVE_MEMORY_H 1
| #define HAVE_STRINGS_H 1
| #define HAVE_INTTYPES_H 1
| #define HAVE_STDINT_H 1
| #define HAVE_UNISTD_H 1
| #define HAVE_DLFCN_H 1
| #define LT_OBJDIR ".libs/"
| #define HAVE_SYSTEM_INCLUDE_FILES 1
| #define TIME_WITH_SYS_TIME 1
| #define HAVE_DIRENT_H 1
| #define HAVE_SYS_SELECT_H 1
| #define HAVE_SYS_SOCKET_H 1
| #define HAVE_SYS_TIME_H 1
| #define HAVE_STRUCT_STAT_ST_BLKSIZE 1
| #define SIZEOF_CHAR 1
| #define SIZEOF_UNSIGNED_CHAR 1
| #define SIZEOF_SHORT 2
| #define SIZEOF_UNSIGNED_SHORT 2
| #define SIZEOF_INT 4
| #define SIZEOF_UNSIGNED_INT 4
| #define SIZEOF_LONG 4
| #define SIZEOF_UNSIGNED_LONG 4
| /* end confdefs.h.  */
| #include <sys/types.h>
| #include <inttypes.h>
| #include <stdint.h>
| #include <stddef.h>
| #include <unistd.h>
| #include <stdio.h>
| 
| int
| main ()
| {
| static int test_array [1 - 2 * !(((long int) (sizeof (long long))) <= 1)];
| test_array [0] = 0
| 
|   ;
|   return 0;
| }
configure:18147: /opt/buildroot-gcc463/usr/bin/mipsel-linux-gcc -c -Os   -D_GNU_SOURCE -D_REENTRANT conftest.c >&5
conftest.c: In function 'main':
conftest.c:48:12: error: size of array 'test_array' is negative
configure:18147: $? = 1
configure: failed program was:
| /* confdefs.h */
| #define PACKAGE_NAME "Berkeley DB"
| #define PACKAGE_TARNAME "db-4.8.30"
| #define PACKAGE_VERSION "4.8.30"
| #define PACKAGE_STRING "Berkeley DB 4.8.30"
| #define PACKAGE_BUGREPORT "Oracle Technology Network Berkeley DB forum"
| #define PACKAGE_URL ""
| #define UMRW 1
| #define HAVE_UPGRADE_SUPPORT 1
| #define STDC_HEADERS 1
| #define HAVE_SYS_TYPES_H 1
| #define HAVE_SYS_STAT_H 1
| #define HAVE_STDLIB_H 1
| #define HAVE_STRING_H 1
| #define HAVE_MEMORY_H 1
| #define HAVE_STRINGS_H 1
| #define HAVE_INTTYPES_H 1
| #define HAVE_STDINT_H 1
| #define HAVE_UNISTD_H 1
| #define HAVE_DLFCN_H 1
| #define LT_OBJDIR ".libs/"
| #define HAVE_SYSTEM_INCLUDE_FILES 1
| #define TIME_WITH_SYS_TIME 1
| #define HAVE_DIRENT_H 1
| #define HAVE_SYS_SELECT_H 1
| #define HAVE_SYS_SOCKET_H 1
| #define HAVE_SYS_TIME_H 1
| #define HAVE_STRUCT_STAT_ST_BLKSIZE 1
| #define SIZEOF_CHAR 1
| #define SIZEOF_UNSIGNED_CHAR 1
| #define SIZEOF_SHORT 2
| #define SIZEOF_UNSIGNED_SHORT 2
| #define SIZEOF_INT 4
| #define SIZEOF_UNSIGNED_INT 4
| #define SIZEOF_LONG 4
| #define SIZEOF_UNSIGNED_LONG 4
| /* end confdefs.h.  */
| #include <sys/types.h>
| #include <inttypes.h>
| #include <stdint.h>
| #include <stddef.h>
| #include <unistd.h>
| #include <stdio.h>
| 
| int
| main ()
| {
| static int test_array [1 - 2 * !(((long int) (sizeof (long long))) <= 3)];
| test_array [0] = 0
| 
|   ;
|   return 0;
| }
configure:18147: /opt/buildroot-gcc463/usr/bin/mipsel-linux-gcc -c -Os   -D_GNU_SOURCE -D_REENTRANT conftest.c >&5
conftest.c: In function 'main':
conftest.c:48:12: error: size of array 'test_array' is negative
configure:18147: $? = 1
configure: failed program was:
| /* confdefs.h */
| #define PACKAGE_NAME "Berkeley DB"
| #define PACKAGE_TARNAME "db-4.8.30"
| #define PACKAGE_VERSION "4.8.30"
| #define PACKAGE_STRING "Berkeley DB 4.8.30"
| #define PACKAGE_BUGREPORT "Oracle Technology Network Berkeley DB forum"
| #define PACKAGE_URL ""
| #define UMRW 1
| #define HAVE_UPGRADE_SUPPORT 1
| #define STDC_HEADERS 1
| #define HAVE_SYS_TYPES_H 1
| #define HAVE_SYS_STAT_H 1
| #define HAVE_STDLIB_H 1
| #define HAVE_STRING_H 1
| #define HAVE_MEMORY_H 1
| #define HAVE_STRINGS_H 1
| #define HAVE_INTTYPES_H 1
| #define HAVE_STDINT_H 1
| #define HAVE_UNISTD_H 1
| #define HAVE_DLFCN_H 1
| #define LT_OBJDIR ".libs/"
| #define HAVE_SYSTEM_INCLUDE_FILES 1
| #define TIME_WITH_SYS_TIME 1
| #define HAVE_DIRENT_H 1
| #define HAVE_SYS_SELECT_H 1
| #define HAVE_SYS_SOCKET_H 1
| #define HAVE_SYS_TIME_H 1
| #define HAVE_STRUCT_STAT_ST_BLKSIZE 1
| #define SIZEOF_CHAR 1
| #define SIZEOF_UNSIGNED_CHAR 1
| #define SIZEOF_SHORT 2
| #define SIZEOF_UNSIGNED_SHORT 2
| #define SIZEOF_INT 4
| #define SIZEOF_UNSIGNED_INT 4
| #define SIZEOF_LONG 4
| #define SIZEOF_UNSIGNED_LONG 4
| /* end confdefs.h.  */
| #include <sys/types.h>
| #include <inttypes.h>
| #include <stdint.h>
| #include <stddef.h>
| #include <unistd.h>
| #include <stdio.h>
| 
| int
| main ()
| {
| static int test_array [1 - 2 * !(((long int) (sizeof (long long))) <= 7)];
| test_array [0] = 0
| 
|   ;
|   return 0;
| }
configure:18147: /opt/buildroot-gcc463/usr/bin/mipsel-linux-gcc -c -Os   -D_GNU_SOURCE -D_REENTRANT conftest.c >&5
configure:18147: $? = 0
configure:18147: /opt/buildroot-gcc463/usr/bin/mipsel-linux-gcc -c -Os   -D_GNU_SOURCE -D_REENTRANT conftest.c >&5
configure:18147: $? = 0
configure:18147: /opt/buildroot-gcc463/usr/bin/mipsel-linux-gcc -c -Os   -D_GNU_SOURCE -D_REENTRANT conftest.c >&5
configure:18147: $? = 0
configure:18147: /opt/buildroot-gcc463/usr/bin/mipsel-linux-gcc -c -Os   -D_GNU_SOURCE -D_REENTRANT conftest.c >&5
configure:18147: $? = 0
configure:18163: result: 8
configure:18177: checking size of unsigned long long
configure:18182: /opt/buildroot-gcc463/usr/bin/mipsel-linux-gcc -c -Os   -D_GNU_SOURCE -D_REENTRANT conftest.c >&5
configure:18182: $? = 0
configure:18182: /opt/buildroot-gcc463/usr/bin/mipsel-linux-gcc -c -Os   -D_GNU_SOURCE -D_REENTRANT conftest.c >&5
conftest.c: In function 'main':
conftest.c:49:12: error: size of array 'test_array' is negative
configure:18182: $? = 1
configure: failed program was:
| /* confdefs.h */
| #define PACKAGE_NAME "Berkeley DB"
| #define PACKAGE_TARNAME "db-4.8.30"
| #define PACKAGE_VERSION "4.8.30"
| #define PACKAGE_STRING "Berkeley DB 4.8.30"
| #define PACKAGE_BUGREPORT "Oracle Technology Network Berkeley DB forum"
| #define PACKAGE_URL ""
| #define UMRW 1
| #define HAVE_UPGRADE_SUPPORT 1
| #define STDC_HEADERS 1
| #define HAVE_SYS_TYPES_H 1
| #define HAVE_SYS_STAT_H 1
| #define HAVE_STDLIB_H 1
| #define HAVE_STRING_H 1
| #define HAVE_MEMORY_H 1
| #define HAVE_STRINGS_H 1
| #define HAVE_INTTYPES_H 1
| #define HAVE_STDINT_H 1
| #define HAVE_UNISTD_H 1
| #define HAVE_DLFCN_H 1
| #define LT_OBJDIR ".libs/"
| #define HAVE_SYSTEM_INCLUDE_FILES 1
| #define TIME_WITH_SYS_TIME 1
| #define HAVE_DIRENT_H 1
| #define HAVE_SYS_SELECT_H 1
| #define HAVE_SYS_SOCKET_H 1
| #define HAVE_SYS_TIME_H 1
| #define HAVE_STRUCT_STAT_ST_BLKSIZE 1
| #define SIZEOF_CHAR 1
| #define SIZEOF_UNSIGNED_CHAR 1
| #define SIZEOF_SHORT 2
| #define SIZEOF_UNSIGNED_SHORT 2
| #define SIZEOF_INT 4
| #define SIZEOF_UNSIGNED_INT 4
| #define SIZEOF_LONG 4
| #define SIZEOF_UNSIGNED_LONG 4
| #define SIZEOF_LONG_LONG 8
| /* end confdefs.h.  */
| #include <sys/types.h>
| #include <inttypes.h>
| #include <stdint.h>
| #include <stddef.h>
| #include <unistd.h>
| #include <stdio.h>
| 
| int
| main ()
| {
| static int test_array [1 - 2 * !(((long int) (sizeof (unsigned long long))) <= 0)];
| test_array [0] = 0
| 
|   ;
|   return 0;
| }
configure:18182: /opt/buildroot-gcc463/usr/bin/mipsel-linux-gcc -c -Os   -D_GNU_SOURCE -D_REENTRANT conftest.c >&5
conftest.c: In function 'main':
conftest.c:49:12: error: size of array 'test_array' is negative
configure:18182: $? = 1
configure: failed program was:
| /* confdefs.h */
| #define PACKAGE_NAME "Berkeley DB"
| #define PACKAGE_TARNAME "db-4.8.30"
| #define PACKAGE_VERSION "4.8.30"
| #define PACKAGE_STRING "Berkeley DB 4.8.30"
| #define PACKAGE_BUGREPORT "Oracle Technology Network Berkeley DB forum"
| #define PACKAGE_URL ""
| #define UMRW 1
| #define HAVE_UPGRADE_SUPPORT 1
| #define STDC_HEADERS 1
| #define HAVE_SYS_TYPES_H 1
| #define HAVE_SYS_STAT_H 1
| #define HAVE_STDLIB_H 1
| #define HAVE_STRING_H 1
| #define HAVE_MEMORY_H 1
| #define HAVE_STRINGS_H 1
| #define HAVE_INTTYPES_H 1
| #define HAVE_STDINT_H 1
| #define HAVE_UNISTD_H 1
| #define HAVE_DLFCN_H 1
| #define LT_OBJDIR ".libs/"
| #define HAVE_SYSTEM_INCLUDE_FILES 1
| #define TIME_WITH_SYS_TIME 1
| #define HAVE_DIRENT_H 1
| #define HAVE_SYS_SELECT_H 1
| #define HAVE_SYS_SOCKET_H 1
| #define HAVE_SYS_TIME_H 1
| #define HAVE_STRUCT_STAT_ST_BLKSIZE 1
| #define SIZEOF_CHAR 1
| #define SIZEOF_UNSIGNED_CHAR 1
| #define SIZEOF_SHORT 2
| #define SIZEOF_UNSIGNED_SHORT 2
| #define SIZEOF_INT 4
| #define SIZEOF_UNSIGNED_INT 4
| #define SIZEOF_LONG 4
| #define SIZEOF_UNSIGNED_LONG 4
| #define SIZEOF_LONG_LONG 8
| /* end confdefs.h.  */
| #include <sys/types.h>
| #include <inttypes.h>
| #include <stdint.h>
| #include <stddef.h>
| #include <unistd.h>
| #include <stdio.h>
| 
| int
| main ()
| {
| static int test_array [1 - 2 * !(((long int) (sizeof (unsigned long long))) <= 1)];
| test_array [0] = 0
| 
|   ;
|   return 0;
| }
configure:18182: /opt/buildroot-gcc463/usr/bin/mipsel-linux-gcc -c -Os   -D_GNU_SOURCE -D_REENTRANT conftest.c >&5
conftest.c: In function 'main':
conftest.c:49:12: error: size of array 'test_array' is negative
configure:18182: $? = 1
configure: failed program was:
| /* confdefs.h */
| #define PACKAGE_NAME "Berkeley DB"
| #define PACKAGE_TARNAME "db-4.8.30"
| #define PACKAGE_VERSION "4.8.30"
| #define PACKAGE_STRING "Berkeley DB 4.8.30"
| #define PACKAGE_BUGREPORT "Oracle Technology Network Berkeley DB forum"
| #define PACKAGE_URL ""
| #define UMRW 1
| #define HAVE_UPGRADE_SUPPORT 1
| #define STDC_HEADERS 1
| #define HAVE_SYS_TYPES_H 1
| #define HAVE_SYS_STAT_H 1
| #define HAVE_STDLIB_H 1
| #define HAVE_STRING_H 1
| #define HAVE_MEMORY_H 1
| #define HAVE_STRINGS_H 1
| #define HAVE_INTTYPES_H 1
| #define HAVE_STDINT_H 1
| #define HAVE_UNISTD_H 1
| #define HAVE_DLFCN_H 1
| #define LT_OBJDIR ".libs/"
| #define HAVE_SYSTEM_INCLUDE_FILES 1
| #define TIME_WITH_SYS_TIME 1
| #define HAVE_DIRENT_H 1
| #define HAVE_SYS_SELECT_H 1
| #define HAVE_SYS_SOCKET_H 1
| #define HAVE_SYS_TIME_H 1
| #define HAVE_STRUCT_STAT_ST_BLKSIZE 1
| #define SIZEOF_CHAR 1
| #define SIZEOF_UNSIGNED_CHAR 1
| #define SIZEOF_SHORT 2
| #define SIZEOF_UNSIGNED_SHORT 2
| #define SIZEOF_INT 4
| #define SIZEOF_UNSIGNED_INT 4
| #define SIZEOF_LONG 4
| #define SIZEOF_UNSIGNED_LONG 4
| #define SIZEOF_LONG_LONG 8
| /* end confdefs.h.  */
| #include <sys/types.h>
| #include <inttypes.h>
| #include <stdint.h>
| #include <stddef.h>
| #include <unistd.h>
| #include <stdio.h>
| 
| int
| main ()
| {
| static int test_array [1 - 2 * !(((long int) (sizeof (unsigned long long))) <= 3)];
| test_array [0] = 0
| 
|   ;
|   return 0;
| }
configure:18182: /opt/buildroot-gcc463/usr/bin/mipsel-linux-gcc -c -Os   -D_GNU_SOURCE -D_REENTRANT conftest.c >&5
conftest.c: In function 'main':
conftest.c:49:12: error: size of array 'test_array' is negative
configure:18182: $? = 1
configure: failed program was:
| /* confdefs.h */
| #define PACKAGE_NAME "Berkeley DB"
| #define PACKAGE_TARNAME "db-4.8.30"
| #define PACKAGE_VERSION "4.8.30"
| #define PACKAGE_STRING "Berkeley DB 4.8.30"
| #define PACKAGE_BUGREPORT "Oracle Technology Network Berkeley DB forum"
| #define PACKAGE_URL ""
| #define UMRW 1
| #define HAVE_UPGRADE_SUPPORT 1
| #define STDC_HEADERS 1
| #define HAVE_SYS_TYPES_H 1
| #define HAVE_SYS_STAT_H 1
| #define HAVE_STDLIB_H 1
| #define HAVE_STRING_H 1
| #define HAVE_MEMORY_H 1
| #define HAVE_STRINGS_H 1
| #define HAVE_INTTYPES_H 1
| #define HAVE_STDINT_H 1
| #define HAVE_UNISTD_H 1
| #define HAVE_DLFCN_H 1
| #define LT_OBJDIR ".libs/"
| #define HAVE_SYSTEM_INCLUDE_FILES 1
| #define TIME_WITH_SYS_TIME 1
| #define HAVE_DIRENT_H 1
| #define HAVE_SYS_SELECT_H 1
| #define HAVE_SYS_SOCKET_H 1
| #define HAVE_SYS_TIME_H 1
| #define HAVE_STRUCT_STAT_ST_BLKSIZE 1
| #define SIZEOF_CHAR 1
| #define SIZEOF_UNSIGNED_CHAR 1
| #define SIZEOF_SHORT 2
| #define SIZEOF_UNSIGNED_SHORT 2
| #define SIZEOF_INT 4
| #define SIZEOF_UNSIGNED_INT 4
| #define SIZEOF_LONG 4
| #define SIZEOF_UNSIGNED_LONG 4
| #define SIZEOF_LONG_LONG 8
| /* end confdefs.h.  */
| #include <sys/types.h>
| #include <inttypes.h>
| #include <stdint.h>
| #include <stddef.h>
| #include <unistd.h>
| #include <stdio.h>
| 
| int
| main ()
| {
| static int test_array [1 - 2 * !(((long int) (sizeof (unsigned long long))) <= 7)];
| test_array [0] = 0
| 
|   ;
|   return 0;
| }
configure:18182: /opt/buildroot-gcc463/usr/bin/mipsel-linux-gcc -c -Os   -D_GNU_SOURCE -D_REENTRANT conftest.c >&5
configure:18182: $? = 0
configure:18182: /opt/buildroot-gcc463/usr/bin/mipsel-linux-gcc -c -Os   -D_GNU_SOURCE -D_REENTRANT conftest.c >&5
configure:18182: $? = 0
configure:18182: /opt/buildroot-gcc463/usr/bin/mipsel-linux-gcc -c -Os   -D_GNU_SOURCE -D_REENTRANT conftest.c >&5
configure:18182: $? = 0
configure:18182: /opt/buildroot-gcc463/usr/bin/mipsel-linux-gcc -c -Os   -D_GNU_SOURCE -D_REENTRANT conftest.c >&5
configure:18182: $? = 0
configure:18198: result: 8
configure:18212: checking size of char *
configure:18217: /opt/buildroot-gcc463/usr/bin/mipsel-linux-gcc -c -Os   -D_GNU_SOURCE -D_REENTRANT conftest.c >&5
configure:18217: $? = 0
configure:18217: /opt/buildroot-gcc463/usr/bin/mipsel-linux-gcc -c -Os   -D_GNU_SOURCE -D_REENTRANT conftest.c >&5
conftest.c: In function 'main':
conftest.c:50:12: error: size of array 'test_array' is negative
configure:18217: $? = 1
configure: failed program was:
| /* confdefs.h */
| #define PACKAGE_NAME "Berkeley DB"
| #define PACKAGE_TARNAME "db-4.8.30"
| #define PACKAGE_VERSION "4.8.30"
| #define PACKAGE_STRING "Berkeley DB 4.8.30"
| #define PACKAGE_BUGREPORT "Oracle Technology Network Berkeley DB forum"
| #define PACKAGE_URL ""
| #define UMRW 1
| #define HAVE_UPGRADE_SUPPORT 1
| #define STDC_HEADERS 1
| #define HAVE_SYS_TYPES_H 1
| #define HAVE_SYS_STAT_H 1
| #define HAVE_STDLIB_H 1
| #define HAVE_STRING_H 1
| #define HAVE_MEMORY_H 1
| #define HAVE_STRINGS_H 1
| #define HAVE_INTTYPES_H 1
| #define HAVE_STDINT_H 1
| #define HAVE_UNISTD_H 1
| #define HAVE_DLFCN_H 1
| #define LT_OBJDIR ".libs/"
| #define HAVE_SYSTEM_INCLUDE_FILES 1
| #define TIME_WITH_SYS_TIME 1
| #define HAVE_DIRENT_H 1
| #define HAVE_SYS_SELECT_H 1
| #define HAVE_SYS_SOCKET_H 1
| #define HAVE_SYS_TIME_H 1
| #define HAVE_STRUCT_STAT_ST_BLKSIZE 1
| #define SIZEOF_CHAR 1
| #define SIZEOF_UNSIGNED_CHAR 1
| #define SIZEOF_SHORT 2
| #define SIZEOF_UNSIGNED_SHORT 2
| #define SIZEOF_INT 4
| #define SIZEOF_UNSIGNED_INT 4
| #define SIZEOF_LONG 4
| #define SIZEOF_UNSIGNED_LONG 4
| #define SIZEOF_LONG_LONG 8
| #define SIZEOF_UNSIGNED_LONG_LONG 8
| /* end confdefs.h.  */
| #include <sys/types.h>
| #include <inttypes.h>
| #include <stdint.h>
| #include <stddef.h>
| #include <unistd.h>
| #include <stdio.h>
| 
| int
| main ()
| {
| static int test_array [1 - 2 * !(((long int) (sizeof (char *))) <= 0)];
| test_array [0] = 0
| 
|   ;
|   return 0;
| }
configure:18217: /opt/buildroot-gcc463/usr/bin/mipsel-linux-gcc -c -Os   -D_GNU_SOURCE -D_REENTRANT conftest.c >&5
conftest.c: In function 'main':
conftest.c:50:12: error: size of array 'test_array' is negative
configure:18217: $? = 1
configure: failed program was:
| /* confdefs.h */
| #define PACKAGE_NAME "Berkeley DB"
| #define PACKAGE_TARNAME "db-4.8.30"
| #define PACKAGE_VERSION "4.8.30"
| #define PACKAGE_STRING "Berkeley DB 4.8.30"
| #define PACKAGE_BUGREPORT "Oracle Technology Network Berkeley DB forum"
| #define PACKAGE_URL ""
| #define UMRW 1
| #define HAVE_UPGRADE_SUPPORT 1
| #define STDC_HEADERS 1
| #define HAVE_SYS_TYPES_H 1
| #define HAVE_SYS_STAT_H 1
| #define HAVE_STDLIB_H 1
| #define HAVE_STRING_H 1
| #define HAVE_MEMORY_H 1
| #define HAVE_STRINGS_H 1
| #define HAVE_INTTYPES_H 1
| #define HAVE_STDINT_H 1
| #define HAVE_UNISTD_H 1
| #define HAVE_DLFCN_H 1
| #define LT_OBJDIR ".libs/"
| #define HAVE_SYSTEM_INCLUDE_FILES 1
| #define TIME_WITH_SYS_TIME 1
| #define HAVE_DIRENT_H 1
| #define HAVE_SYS_SELECT_H 1
| #define HAVE_SYS_SOCKET_H 1
| #define HAVE_SYS_TIME_H 1
| #define HAVE_STRUCT_STAT_ST_BLKSIZE 1
| #define SIZEOF_CHAR 1
| #define SIZEOF_UNSIGNED_CHAR 1
| #define SIZEOF_SHORT 2
| #define SIZEOF_UNSIGNED_SHORT 2
| #define SIZEOF_INT 4
| #define SIZEOF_UNSIGNED_INT 4
| #define SIZEOF_LONG 4
| #define SIZEOF_UNSIGNED_LONG 4
| #define SIZEOF_LONG_LONG 8
| #define SIZEOF_UNSIGNED_LONG_LONG 8
| /* end confdefs.h.  */
| #include <sys/types.h>
| #include <inttypes.h>
| #include <stdint.h>
| #include <stddef.h>
| #include <unistd.h>
| #include <stdio.h>
| 
| int
| main ()
| {
| static int test_array [1 - 2 * !(((long int) (sizeof (char *))) <= 1)];
| test_array [0] = 0
| 
|   ;
|   return 0;
| }
configure:18217: /opt/buildroot-gcc463/usr/bin/mipsel-linux-gcc -c -Os   -D_GNU_SOURCE -D_REENTRANT conftest.c >&5
conftest.c: In function 'main':
conftest.c:50:12: error: size of array 'test_array' is negative
configure:18217: $? = 1
configure: failed program was:
| /* confdefs.h */
| #define PACKAGE_NAME "Berkeley DB"
| #define PACKAGE_TARNAME "db-4.8.30"
| #define PACKAGE_VERSION "4.8.30"
| #define PACKAGE_STRING "Berkeley DB 4.8.30"
| #define PACKAGE_BUGREPORT "Oracle Technology Network Berkeley DB forum"
| #define PACKAGE_URL ""
| #define UMRW 1
| #define HAVE_UPGRADE_SUPPORT 1
| #define STDC_HEADERS 1
| #define HAVE_SYS_TYPES_H 1
| #define HAVE_SYS_STAT_H 1
| #define HAVE_STDLIB_H 1
| #define HAVE_STRING_H 1
| #define HAVE_MEMORY_H 1
| #define HAVE_STRINGS_H 1
| #define HAVE_INTTYPES_H 1
| #define HAVE_STDINT_H 1
| #define HAVE_UNISTD_H 1
| #define HAVE_DLFCN_H 1
| #define LT_OBJDIR ".libs/"
| #define HAVE_SYSTEM_INCLUDE_FILES 1
| #define TIME_WITH_SYS_TIME 1
| #define HAVE_DIRENT_H 1
| #define HAVE_SYS_SELECT_H 1
| #define HAVE_SYS_SOCKET_H 1
| #define HAVE_SYS_TIME_H 1
| #define HAVE_STRUCT_STAT_ST_BLKSIZE 1
| #define SIZEOF_CHAR 1
| #define SIZEOF_UNSIGNED_CHAR 1
| #define SIZEOF_SHORT 2
| #define SIZEOF_UNSIGNED_SHORT 2
| #define SIZEOF_INT 4
| #define SIZEOF_UNSIGNED_INT 4
| #define SIZEOF_LONG 4
| #define SIZEOF_UNSIGNED_LONG 4
| #define SIZEOF_LONG_LONG 8
| #define SIZEOF_UNSIGNED_LONG_LONG 8
| /* end confdefs.h.  */
| #include <sys/types.h>
| #include <inttypes.h>
| #include <stdint.h>
| #include <stddef.h>
| #include <unistd.h>
| #include <stdio.h>
| 
| int
| main ()
| {
| static int test_array [1 - 2 * !(((long int) (sizeof (char *))) <= 3)];
| test_array [0] = 0
| 
|   ;
|   return 0;
| }
configure:18217: /opt/buildroot-gcc463/usr/bin/mipsel-linux-gcc -c -Os   -D_GNU_SOURCE -D_REENTRANT conftest.c >&5
configure:18217: $? = 0
configure:18217: /opt/buildroot-gcc463/usr/bin/mipsel-linux-gcc -c -Os   -D_GNU_SOURCE -D_REENTRANT conftest.c >&5
configure:18217: $? = 0
configure:18217: /opt/buildroot-gcc463/usr/bin/mipsel-linux-gcc -c -Os   -D_GNU_SOURCE -D_REENTRANT conftest.c >&5
configure:18217: $? = 0
configure:18233: result: 4
configure:18247: checking for u_char
configure:18247: /opt/buildroot-gcc463/usr/bin/mipsel-linux-gcc -c -Os   -D_GNU_SOURCE -D_REENTRANT conftest.c >&5
configure:18247: $? = 0
configure:18247: /opt/buildroot-gcc463/usr/bin/mipsel-linux-gcc -c -Os   -D_GNU_SOURCE -D_REENTRANT conftest.c >&5
conftest.c: In function 'main':
conftest.c:51:21: error: expected expression before ')' token
configure:18247: $? = 1
configure: failed program was:
| /* confdefs.h */
| #define PACKAGE_NAME "Berkeley DB"
| #define PACKAGE_TARNAME "db-4.8.30"
| #define PACKAGE_VERSION "4.8.30"
| #define PACKAGE_STRING "Berkeley DB 4.8.30"
| #define PACKAGE_BUGREPORT "Oracle Technology Network Berkeley DB forum"
| #define PACKAGE_URL ""
| #define UMRW 1
| #define HAVE_UPGRADE_SUPPORT 1
| #define STDC_HEADERS 1
| #define HAVE_SYS_TYPES_H 1
| #define HAVE_SYS_STAT_H 1
| #define HAVE_STDLIB_H 1
| #define HAVE_STRING_H 1
| #define HAVE_MEMORY_H 1
| #define HAVE_STRINGS_H 1
| #define HAVE_INTTYPES_H 1
| #define HAVE_STDINT_H 1
| #define HAVE_UNISTD_H 1
| #define HAVE_DLFCN_H 1
| #define LT_OBJDIR ".libs/"
| #define HAVE_SYSTEM_INCLUDE_FILES 1
| #define TIME_WITH_SYS_TIME 1
| #define HAVE_DIRENT_H 1
| #define HAVE_SYS_SELECT_H 1
| #define HAVE_SYS_SOCKET_H 1
| #define HAVE_SYS_TIME_H 1
| #define HAVE_STRUCT_STAT_ST_BLKSIZE 1
| #define SIZEOF_CHAR 1
| #define SIZEOF_UNSIGNED_CHAR 1
| #define SIZEOF_SHORT 2
| #define SIZEOF_UNSIGNED_SHORT 2
| #define SIZEOF_INT 4
| #define SIZEOF_UNSIGNED_INT 4
| #define SIZEOF_LONG 4
| #define SIZEOF_UNSIGNED_LONG 4
| #define SIZEOF_LONG_LONG 8
| #define SIZEOF_UNSIGNED_LONG_LONG 8
| #define SIZEOF_CHAR_P 4
| /* end confdefs.h.  */
| #include <sys/types.h>
| #include <inttypes.h>
| #include <stdint.h>
| #include <stddef.h>
| #include <unistd.h>
| #include <stdio.h>
| 
| int
| main ()
| {
| if (sizeof ((u_char)))
| 	    return 0;
|   ;
|   return 0;
| }
configure:18247: result: yes
configure:18257: checking for u_short
configure:18257: /opt/buildroot-gcc463/usr/bin/mipsel-linux-gcc -c -Os   -D_GNU_SOURCE -D_REENTRANT conftest.c >&5
configure:18257: $? = 0
configure:18257: /opt/buildroot-gcc463/usr/bin/mipsel-linux-gcc -c -Os   -D_GNU_SOURCE -D_REENTRANT conftest.c >&5
conftest.c: In function 'main':
conftest.c:51:22: error: expected expression before ')' token
configure:18257: $? = 1
configure: failed program was:
| /* confdefs.h */
| #define PACKAGE_NAME "Berkeley DB"
| #define PACKAGE_TARNAME "db-4.8.30"
| #define PACKAGE_VERSION "4.8.30"
| #define PACKAGE_STRING "Berkeley DB 4.8.30"
| #define PACKAGE_BUGREPORT "Oracle Technology Network Berkeley DB forum"
| #define PACKAGE_URL ""
| #define UMRW 1
| #define HAVE_UPGRADE_SUPPORT 1
| #define STDC_HEADERS 1
| #define HAVE_SYS_TYPES_H 1
| #define HAVE_SYS_STAT_H 1
| #define HAVE_STDLIB_H 1
| #define HAVE_STRING_H 1
| #define HAVE_MEMORY_H 1
| #define HAVE_STRINGS_H 1
| #define HAVE_INTTYPES_H 1
| #define HAVE_STDINT_H 1
| #define HAVE_UNISTD_H 1
| #define HAVE_DLFCN_H 1
| #define LT_OBJDIR ".libs/"
| #define HAVE_SYSTEM_INCLUDE_FILES 1
| #define TIME_WITH_SYS_TIME 1
| #define HAVE_DIRENT_H 1
| #define HAVE_SYS_SELECT_H 1
| #define HAVE_SYS_SOCKET_H 1
| #define HAVE_SYS_TIME_H 1
| #define HAVE_STRUCT_STAT_ST_BLKSIZE 1
| #define SIZEOF_CHAR 1
| #define SIZEOF_UNSIGNED_CHAR 1
| #define SIZEOF_SHORT 2
| #define SIZEOF_UNSIGNED_SHORT 2
| #define SIZEOF_INT 4
| #define SIZEOF_UNSIGNED_INT 4
| #define SIZEOF_LONG 4
| #define SIZEOF_UNSIGNED_LONG 4
| #define SIZEOF_LONG_LONG 8
| #define SIZEOF_UNSIGNED_LONG_LONG 8
| #define SIZEOF_CHAR_P 4
| /* end confdefs.h.  */
| #include <sys/types.h>
| #include <inttypes.h>
| #include <stdint.h>
| #include <stddef.h>
| #include <unistd.h>
| #include <stdio.h>
| 
| int
| main ()
| {
| if (sizeof ((u_short)))
| 	    return 0;
|   ;
|   return 0;
| }
configure:18257: result: yes
configure:18267: checking for u_int
configure:18267: /opt/buildroot-gcc463/usr/bin/mipsel-linux-gcc -c -Os   -D_GNU_SOURCE -D_REENTRANT conftest.c >&5
configure:18267: $? = 0
configure:18267: /opt/buildroot-gcc463/usr/bin/mipsel-linux-gcc -c -Os   -D_GNU_SOURCE -D_REENTRANT conftest.c >&5
conftest.c: In function 'main':
conftest.c:51:20: error: expected expression before ')' token
configure:18267: $? = 1
configure: failed program was:
| /* confdefs.h */
| #define PACKAGE_NAME "Berkeley DB"
| #define PACKAGE_TARNAME "db-4.8.30"
| #define PACKAGE_VERSION "4.8.30"
| #define PACKAGE_STRING "Berkeley DB 4.8.30"
| #define PACKAGE_BUGREPORT "Oracle Technology Network Berkeley DB forum"
| #define PACKAGE_URL ""
| #define UMRW 1
| #define HAVE_UPGRADE_SUPPORT 1
| #define STDC_HEADERS 1
| #define HAVE_SYS_TYPES_H 1
| #define HAVE_SYS_STAT_H 1
| #define HAVE_STDLIB_H 1
| #define HAVE_STRING_H 1
| #define HAVE_MEMORY_H 1
| #define HAVE_STRINGS_H 1
| #define HAVE_INTTYPES_H 1
| #define HAVE_STDINT_H 1
| #define HAVE_UNISTD_H 1
| #define HAVE_DLFCN_H 1
| #define LT_OBJDIR ".libs/"
| #define HAVE_SYSTEM_INCLUDE_FILES 1
| #define TIME_WITH_SYS_TIME 1
| #define HAVE_DIRENT_H 1
| #define HAVE_SYS_SELECT_H 1
| #define HAVE_SYS_SOCKET_H 1
| #define HAVE_SYS_TIME_H 1
| #define HAVE_STRUCT_STAT_ST_BLKSIZE 1
| #define SIZEOF_CHAR 1
| #define SIZEOF_UNSIGNED_CHAR 1
| #define SIZEOF_SHORT 2
| #define SIZEOF_UNSIGNED_SHORT 2
| #define SIZEOF_INT 4
| #define SIZEOF_UNSIGNED_INT 4
| #define SIZEOF_LONG 4
| #define SIZEOF_UNSIGNED_LONG 4
| #define SIZEOF_LONG_LONG 8
| #define SIZEOF_UNSIGNED_LONG_LONG 8
| #define SIZEOF_CHAR_P 4
| /* end confdefs.h.  */
| #include <sys/types.h>
| #include <inttypes.h>
| #include <stdint.h>
| #include <stddef.h>
| #include <unistd.h>
| #include <stdio.h>
| 
| int
| main ()
| {
| if (sizeof ((u_int)))
| 	    return 0;
|   ;
|   return 0;
| }
configure:18267: result: yes
configure:18277: checking for u_long
configure:18277: /opt/buildroot-gcc463/usr/bin/mipsel-linux-gcc -c -Os   -D_GNU_SOURCE -D_REENTRANT conftest.c >&5
configure:18277: $? = 0
configure:18277: /opt/buildroot-gcc463/usr/bin/mipsel-linux-gcc -c -Os   -D_GNU_SOURCE -D_REENTRANT conftest.c >&5
conftest.c: In function 'main':
conftest.c:51:21: error: expected expression before ')' token
configure:18277: $? = 1
configure: failed program was:
| /* confdefs.h */
| #define PACKAGE_NAME "Berkeley DB"
| #define PACKAGE_TARNAME "db-4.8.30"
| #define PACKAGE_VERSION "4.8.30"
| #define PACKAGE_STRING "Berkeley DB 4.8.30"
| #define PACKAGE_BUGREPORT "Oracle Technology Network Berkeley DB forum"
| #define PACKAGE_URL ""
| #define UMRW 1
| #define HAVE_UPGRADE_SUPPORT 1
| #define STDC_HEADERS 1
| #define HAVE_SYS_TYPES_H 1
| #define HAVE_SYS_STAT_H 1
| #define HAVE_STDLIB_H 1
| #define HAVE_STRING_H 1
| #define HAVE_MEMORY_H 1
| #define HAVE_STRINGS_H 1
| #define HAVE_INTTYPES_H 1
| #define HAVE_STDINT_H 1
| #define HAVE_UNISTD_H 1
| #define HAVE_DLFCN_H 1
| #define LT_OBJDIR ".libs/"
| #define HAVE_SYSTEM_INCLUDE_FILES 1
| #define TIME_WITH_SYS_TIME 1
| #define HAVE_DIRENT_H 1
| #define HAVE_SYS_SELECT_H 1
| #define HAVE_SYS_SOCKET_H 1
| #define HAVE_SYS_TIME_H 1
| #define HAVE_STRUCT_STAT_ST_BLKSIZE 1
| #define SIZEOF_CHAR 1
| #define SIZEOF_UNSIGNED_CHAR 1
| #define SIZEOF_SHORT 2
| #define SIZEOF_UNSIGNED_SHORT 2
| #define SIZEOF_INT 4
| #define SIZEOF_UNSIGNED_INT 4
| #define SIZEOF_LONG 4
| #define SIZEOF_UNSIGNED_LONG 4
| #define SIZEOF_LONG_LONG 8
| #define SIZEOF_UNSIGNED_LONG_LONG 8
| #define SIZEOF_CHAR_P 4
| /* end confdefs.h.  */
| #include <sys/types.h>
| #include <inttypes.h>
| #include <stdint.h>
| #include <stddef.h>
| #include <unistd.h>
| #include <stdio.h>
| 
| int
| main ()
| {
| if (sizeof ((u_long)))
| 	    return 0;
|   ;
|   return 0;
| }
configure:18277: result: yes
configure:18288: checking for u_int8_t
configure:18288: /opt/buildroot-gcc463/usr/bin/mipsel-linux-gcc -c -Os   -D_GNU_SOURCE -D_REENTRANT conftest.c >&5
configure:18288: $? = 0
configure:18288: /opt/buildroot-gcc463/usr/bin/mipsel-linux-gcc -c -Os   -D_GNU_SOURCE -D_REENTRANT conftest.c >&5
conftest.c: In function 'main':
conftest.c:51:23: error: expected expression before ')' token
configure:18288: $? = 1
configure: failed program was:
| /* confdefs.h */
| #define PACKAGE_NAME "Berkeley DB"
| #define PACKAGE_TARNAME "db-4.8.30"
| #define PACKAGE_VERSION "4.8.30"
| #define PACKAGE_STRING "Berkeley DB 4.8.30"
| #define PACKAGE_BUGREPORT "Oracle Technology Network Berkeley DB forum"
| #define PACKAGE_URL ""
| #define UMRW 1
| #define HAVE_UPGRADE_SUPPORT 1
| #define STDC_HEADERS 1
| #define HAVE_SYS_TYPES_H 1
| #define HAVE_SYS_STAT_H 1
| #define HAVE_STDLIB_H 1
| #define HAVE_STRING_H 1
| #define HAVE_MEMORY_H 1
| #define HAVE_STRINGS_H 1
| #define HAVE_INTTYPES_H 1
| #define HAVE_STDINT_H 1
| #define HAVE_UNISTD_H 1
| #define HAVE_DLFCN_H 1
| #define LT_OBJDIR ".libs/"
| #define HAVE_SYSTEM_INCLUDE_FILES 1
| #define TIME_WITH_SYS_TIME 1
| #define HAVE_DIRENT_H 1
| #define HAVE_SYS_SELECT_H 1
| #define HAVE_SYS_SOCKET_H 1
| #define HAVE_SYS_TIME_H 1
| #define HAVE_STRUCT_STAT_ST_BLKSIZE 1
| #define SIZEOF_CHAR 1
| #define SIZEOF_UNSIGNED_CHAR 1
| #define SIZEOF_SHORT 2
| #define SIZEOF_UNSIGNED_SHORT 2
| #define SIZEOF_INT 4
| #define SIZEOF_UNSIGNED_INT 4
| #define SIZEOF_LONG 4
| #define SIZEOF_UNSIGNED_LONG 4
| #define SIZEOF_LONG_LONG 8
| #define SIZEOF_UNSIGNED_LONG_LONG 8
| #define SIZEOF_CHAR_P 4
| /* end confdefs.h.  */
| #include <sys/types.h>
| #include <inttypes.h>
| #include <stdint.h>
| #include <stddef.h>
| #include <unistd.h>
| #include <stdio.h>
| 
| int
| main ()
| {
| if (sizeof ((u_int8_t)))
| 	    return 0;
|   ;
|   return 0;
| }
configure:18288: result: yes
configure:18314: checking for u_int16_t
configure:18314: /opt/buildroot-gcc463/usr/bin/mipsel-linux-gcc -c -Os   -D_GNU_SOURCE -D_REENTRANT conftest.c >&5
configure:18314: $? = 0
configure:18314: /opt/buildroot-gcc463/usr/bin/mipsel-linux-gcc -c -Os   -D_GNU_SOURCE -D_REENTRANT conftest.c >&5
conftest.c: In function 'main':
conftest.c:51:24: error: expected expression before ')' token
configure:18314: $? = 1
configure: failed program was:
| /* confdefs.h */
| #define PACKAGE_NAME "Berkeley DB"
| #define PACKAGE_TARNAME "db-4.8.30"
| #define PACKAGE_VERSION "4.8.30"
| #define PACKAGE_STRING "Berkeley DB 4.8.30"
| #define PACKAGE_BUGREPORT "Oracle Technology Network Berkeley DB forum"
| #define PACKAGE_URL ""
| #define UMRW 1
| #define HAVE_UPGRADE_SUPPORT 1
| #define STDC_HEADERS 1
| #define HAVE_SYS_TYPES_H 1
| #define HAVE_SYS_STAT_H 1
| #define HAVE_STDLIB_H 1
| #define HAVE_STRING_H 1
| #define HAVE_MEMORY_H 1
| #define HAVE_STRINGS_H 1
| #define HAVE_INTTYPES_H 1
| #define HAVE_STDINT_H 1
| #define HAVE_UNISTD_H 1
| #define HAVE_DLFCN_H 1
| #define LT_OBJDIR ".libs/"
| #define HAVE_SYSTEM_INCLUDE_FILES 1
| #define TIME_WITH_SYS_TIME 1
| #define HAVE_DIRENT_H 1
| #define HAVE_SYS_SELECT_H 1
| #define HAVE_SYS_SOCKET_H 1
| #define HAVE_SYS_TIME_H 1
| #define HAVE_STRUCT_STAT_ST_BLKSIZE 1
| #define SIZEOF_CHAR 1
| #define SIZEOF_UNSIGNED_CHAR 1
| #define SIZEOF_SHORT 2
| #define SIZEOF_UNSIGNED_SHORT 2
| #define SIZEOF_INT 4
| #define SIZEOF_UNSIGNED_INT 4
| #define SIZEOF_LONG 4
| #define SIZEOF_UNSIGNED_LONG 4
| #define SIZEOF_LONG_LONG 8
| #define SIZEOF_UNSIGNED_LONG_LONG 8
| #define SIZEOF_CHAR_P 4
| /* end confdefs.h.  */
| #include <sys/types.h>
| #include <inttypes.h>
| #include <stdint.h>
| #include <stddef.h>
| #include <unistd.h>
| #include <stdio.h>
| 
| int
| main ()
| {
| if (sizeof ((u_int16_t)))
| 	    return 0;
|   ;
|   return 0;
| }
configure:18314: result: yes
configure:18340: checking for int16_t
configure:18340: /opt/buildroot-gcc463/usr/bin/mipsel-linux-gcc -c -Os   -D_GNU_SOURCE -D_REENTRANT conftest.c >&5
configure:18340: $? = 0
configure:18340: /opt/buildroot-gcc463/usr/bin/mipsel-linux-gcc -c -Os   -D_GNU_SOURCE -D_REENTRANT conftest.c >&5
conftest.c: In function 'main':
conftest.c:51:22: error: expected expression before ')' token
configure:18340: $? = 1
configure: failed program was:
| /* confdefs.h */
| #define PACKAGE_NAME "Berkeley DB"
| #define PACKAGE_TARNAME "db-4.8.30"
| #define PACKAGE_VERSION "4.8.30"
| #define PACKAGE_STRING "Berkeley DB 4.8.30"
| #define PACKAGE_BUGREPORT "Oracle Technology Network Berkeley DB forum"
| #define PACKAGE_URL ""
| #define UMRW 1
| #define HAVE_UPGRADE_SUPPORT 1
| #define STDC_HEADERS 1
| #define HAVE_SYS_TYPES_H 1
| #define HAVE_SYS_STAT_H 1
| #define HAVE_STDLIB_H 1
| #define HAVE_STRING_H 1
| #define HAVE_MEMORY_H 1
| #define HAVE_STRINGS_H 1
| #define HAVE_INTTYPES_H 1
| #define HAVE_STDINT_H 1
| #define HAVE_UNISTD_H 1
| #define HAVE_DLFCN_H 1
| #define LT_OBJDIR ".libs/"
| #define HAVE_SYSTEM_INCLUDE_FILES 1
| #define TIME_WITH_SYS_TIME 1
| #define HAVE_DIRENT_H 1
| #define HAVE_SYS_SELECT_H 1
| #define HAVE_SYS_SOCKET_H 1
| #define HAVE_SYS_TIME_H 1
| #define HAVE_STRUCT_STAT_ST_BLKSIZE 1
| #define SIZEOF_CHAR 1
| #define SIZEOF_UNSIGNED_CHAR 1
| #define SIZEOF_SHORT 2
| #define SIZEOF_UNSIGNED_SHORT 2
| #define SIZEOF_INT 4
| #define SIZEOF_UNSIGNED_INT 4
| #define SIZEOF_LONG 4
| #define SIZEOF_UNSIGNED_LONG 4
| #define SIZEOF_LONG_LONG 8
| #define SIZEOF_UNSIGNED_LONG_LONG 8
| #define SIZEOF_CHAR_P 4
| /* end confdefs.h.  */
| #include <sys/types.h>
| #include <inttypes.h>
| #include <stdint.h>
| #include <stddef.h>
| #include <unistd.h>
| #include <stdio.h>
| 
| int
| main ()
| {
| if (sizeof ((int16_t)))
| 	    return 0;
|   ;
|   return 0;
| }
configure:18340: result: yes
configure:18366: checking for u_int32_t
configure:18366: /opt/buildroot-gcc463/usr/bin/mipsel-linux-gcc -c -Os   -D_GNU_SOURCE -D_REENTRANT conftest.c >&5
configure:18366: $? = 0
configure:18366: /opt/buildroot-gcc463/usr/bin/mipsel-linux-gcc -c -Os   -D_GNU_SOURCE -D_REENTRANT conftest.c >&5
conftest.c: In function 'main':
conftest.c:51:24: error: expected expression before ')' token
configure:18366: $? = 1
configure: failed program was:
| /* confdefs.h */
| #define PACKAGE_NAME "Berkeley DB"
| #define PACKAGE_TARNAME "db-4.8.30"
| #define PACKAGE_VERSION "4.8.30"
| #define PACKAGE_STRING "Berkeley DB 4.8.30"
| #define PACKAGE_BUGREPORT "Oracle Technology Network Berkeley DB forum"
| #define PACKAGE_URL ""
| #define UMRW 1
| #define HAVE_UPGRADE_SUPPORT 1
| #define STDC_HEADERS 1
| #define HAVE_SYS_TYPES_H 1
| #define HAVE_SYS_STAT_H 1
| #define HAVE_STDLIB_H 1
| #define HAVE_STRING_H 1
| #define HAVE_MEMORY_H 1
| #define HAVE_STRINGS_H 1
| #define HAVE_INTTYPES_H 1
| #define HAVE_STDINT_H 1
| #define HAVE_UNISTD_H 1
| #define HAVE_DLFCN_H 1
| #define LT_OBJDIR ".libs/"
| #define HAVE_SYSTEM_INCLUDE_FILES 1
| #define TIME_WITH_SYS_TIME 1
| #define HAVE_DIRENT_H 1
| #define HAVE_SYS_SELECT_H 1
| #define HAVE_SYS_SOCKET_H 1
| #define HAVE_SYS_TIME_H 1
| #define HAVE_STRUCT_STAT_ST_BLKSIZE 1
| #define SIZEOF_CHAR 1
| #define SIZEOF_UNSIGNED_CHAR 1
| #define SIZEOF_SHORT 2
| #define SIZEOF_UNSIGNED_SHORT 2
| #define SIZEOF_INT 4
| #define SIZEOF_UNSIGNED_INT 4
| #define SIZEOF_LONG 4
| #define SIZEOF_UNSIGNED_LONG 4
| #define SIZEOF_LONG_LONG 8
| #define SIZEOF_UNSIGNED_LONG_LONG 8
| #define SIZEOF_CHAR_P 4
| /* end confdefs.h.  */
| #include <sys/types.h>
| #include <inttypes.h>
| #include <stdint.h>
| #include <stddef.h>
| #include <unistd.h>
| #include <stdio.h>
| 
| int
| main ()
| {
| if (sizeof ((u_int32_t)))
| 	    return 0;
|   ;
|   return 0;
| }
configure:18366: result: yes
configure:18392: checking for int32_t
configure:18392: /opt/buildroot-gcc463/usr/bin/mipsel-linux-gcc -c -Os   -D_GNU_SOURCE -D_REENTRANT conftest.c >&5
configure:18392: $? = 0
configure:18392: /opt/buildroot-gcc463/usr/bin/mipsel-linux-gcc -c -Os   -D_GNU_SOURCE -D_REENTRANT conftest.c >&5
conftest.c: In function 'main':
conftest.c:51:22: error: expected expression before ')' token
configure:18392: $? = 1
configure: failed program was:
| /* confdefs.h */
| #define PACKAGE_NAME "Berkeley DB"
| #define PACKAGE_TARNAME "db-4.8.30"
| #define PACKAGE_VERSION "4.8.30"
| #define PACKAGE_STRING "Berkeley DB 4.8.30"
| #define PACKAGE_BUGREPORT "Oracle Technology Network Berkeley DB forum"
| #define PACKAGE_URL ""
| #define UMRW 1
| #define HAVE_UPGRADE_SUPPORT 1
| #define STDC_HEADERS 1
| #define HAVE_SYS_TYPES_H 1
| #define HAVE_SYS_STAT_H 1
| #define HAVE_STDLIB_H 1
| #define HAVE_STRING_H 1
| #define HAVE_MEMORY_H 1
| #define HAVE_STRINGS_H 1
| #define HAVE_INTTYPES_H 1
| #define HAVE_STDINT_H 1
| #define HAVE_UNISTD_H 1
| #define HAVE_DLFCN_H 1
| #define LT_OBJDIR ".libs/"
| #define HAVE_SYSTEM_INCLUDE_FILES 1
| #define TIME_WITH_SYS_TIME 1
| #define HAVE_DIRENT_H 1
| #define HAVE_SYS_SELECT_H 1
| #define HAVE_SYS_SOCKET_H 1
| #define HAVE_SYS_TIME_H 1
| #define HAVE_STRUCT_STAT_ST_BLKSIZE 1
| #define SIZEOF_CHAR 1
| #define SIZEOF_UNSIGNED_CHAR 1
| #define SIZEOF_SHORT 2
| #define SIZEOF_UNSIGNED_SHORT 2
| #define SIZEOF_INT 4
| #define SIZEOF_UNSIGNED_INT 4
| #define SIZEOF_LONG 4
| #define SIZEOF_UNSIGNED_LONG 4
| #define SIZEOF_LONG_LONG 8
| #define SIZEOF_UNSIGNED_LONG_LONG 8
| #define SIZEOF_CHAR_P 4
| /* end confdefs.h.  */
| #include <sys/types.h>
| #include <inttypes.h>
| #include <stdint.h>
| #include <stddef.h>
| #include <unistd.h>
| #include <stdio.h>
| 
| int
| main ()
| {
| if (sizeof ((int32_t)))
| 	    return 0;
|   ;
|   return 0;
| }
configure:18392: result: yes
configure:18418: checking for u_int64_t
configure:18418: /opt/buildroot-gcc463/usr/bin/mipsel-linux-gcc -c -Os   -D_GNU_SOURCE -D_REENTRANT conftest.c >&5
configure:18418: $? = 0
configure:18418: /opt/buildroot-gcc463/usr/bin/mipsel-linux-gcc -c -Os   -D_GNU_SOURCE -D_REENTRANT conftest.c >&5
conftest.c: In function 'main':
conftest.c:51:24: error: expected expression before ')' token
configure:18418: $? = 1
configure: failed program was:
| /* confdefs.h */
| #define PACKAGE_NAME "Berkeley DB"
| #define PACKAGE_TARNAME "db-4.8.30"
| #define PACKAGE_VERSION "4.8.30"
| #define PACKAGE_STRING "Berkeley DB 4.8.30"
| #define PACKAGE_BUGREPORT "Oracle Technology Network Berkeley DB forum"
| #define PACKAGE_URL ""
| #define UMRW 1
| #define HAVE_UPGRADE_SUPPORT 1
| #define STDC_HEADERS 1
| #define HAVE_SYS_TYPES_H 1
| #define HAVE_SYS_STAT_H 1
| #define HAVE_STDLIB_H 1
| #define HAVE_STRING_H 1
| #define HAVE_MEMORY_H 1
| #define HAVE_STRINGS_H 1
| #define HAVE_INTTYPES_H 1
| #define HAVE_STDINT_H 1
| #define HAVE_UNISTD_H 1
| #define HAVE_DLFCN_H 1
| #define LT_OBJDIR ".libs/"
| #define HAVE_SYSTEM_INCLUDE_FILES 1
| #define TIME_WITH_SYS_TIME 1
| #define HAVE_DIRENT_H 1
| #define HAVE_SYS_SELECT_H 1
| #define HAVE_SYS_SOCKET_H 1
| #define HAVE_SYS_TIME_H 1
| #define HAVE_STRUCT_STAT_ST_BLKSIZE 1
| #define SIZEOF_CHAR 1
| #define SIZEOF_UNSIGNED_CHAR 1
| #define SIZEOF_SHORT 2
| #define SIZEOF_UNSIGNED_SHORT 2
| #define SIZEOF_INT 4
| #define SIZEOF_UNSIGNED_INT 4
| #define SIZEOF_LONG 4
| #define SIZEOF_UNSIGNED_LONG 4
| #define SIZEOF_LONG_LONG 8
| #define SIZEOF_UNSIGNED_LONG_LONG 8
| #define SIZEOF_CHAR_P 4
| /* end confdefs.h.  */
| #include <sys/types.h>
| #include <inttypes.h>
| #include <stdint.h>
| #include <stddef.h>
| #include <unistd.h>
| #include <stdio.h>
| 
| int
| main ()
| {
| if (sizeof ((u_int64_t)))
| 	    return 0;
|   ;
|   return 0;
| }
configure:18418: result: yes
configure:18444: checking for int64_t
configure:18444: /opt/buildroot-gcc463/usr/bin/mipsel-linux-gcc -c -Os   -D_GNU_SOURCE -D_REENTRANT conftest.c >&5
configure:18444: $? = 0
configure:18444: /opt/buildroot-gcc463/usr/bin/mipsel-linux-gcc -c -Os   -D_GNU_SOURCE -D_REENTRANT conftest.c >&5
conftest.c: In function 'main':
conftest.c:51:22: error: expected expression before ')' token
configure:18444: $? = 1
configure: failed program was:
| /* confdefs.h */
| #define PACKAGE_NAME "Berkeley DB"
| #define PACKAGE_TARNAME "db-4.8.30"
| #define PACKAGE_VERSION "4.8.30"
| #define PACKAGE_STRING "Berkeley DB 4.8.30"
| #define PACKAGE_BUGREPORT "Oracle Technology Network Berkeley DB forum"
| #define PACKAGE_URL ""
| #define UMRW 1
| #define HAVE_UPGRADE_SUPPORT 1
| #define STDC_HEADERS 1
| #define HAVE_SYS_TYPES_H 1
| #define HAVE_SYS_STAT_H 1
| #define HAVE_STDLIB_H 1
| #define HAVE_STRING_H 1
| #define HAVE_MEMORY_H 1
| #define HAVE_STRINGS_H 1
| #define HAVE_INTTYPES_H 1
| #define HAVE_STDINT_H 1
| #define HAVE_UNISTD_H 1
| #define HAVE_DLFCN_H 1
| #define LT_OBJDIR ".libs/"
| #define HAVE_SYSTEM_INCLUDE_FILES 1
| #define TIME_WITH_SYS_TIME 1
| #define HAVE_DIRENT_H 1
| #define HAVE_SYS_SELECT_H 1
| #define HAVE_SYS_SOCKET_H 1
| #define HAVE_SYS_TIME_H 1
| #define HAVE_STRUCT_STAT_ST_BLKSIZE 1
| #define SIZEOF_CHAR 1
| #define SIZEOF_UNSIGNED_CHAR 1
| #define SIZEOF_SHORT 2
| #define SIZEOF_UNSIGNED_SHORT 2
| #define SIZEOF_INT 4
| #define SIZEOF_UNSIGNED_INT 4
| #define SIZEOF_LONG 4
| #define SIZEOF_UNSIGNED_LONG 4
| #define SIZEOF_LONG_LONG 8
| #define SIZEOF_UNSIGNED_LONG_LONG 8
| #define SIZEOF_CHAR_P 4
| /* end confdefs.h.  */
| #include <sys/types.h>
| #include <inttypes.h>
| #include <stdint.h>
| #include <stddef.h>
| #include <unistd.h>
| #include <stdio.h>
| 
| int
| main ()
| {
| if (sizeof ((int64_t)))
| 	    return 0;
|   ;
|   return 0;
| }
configure:18444: result: yes
configure:18473: checking for FILE *
configure:18473: /opt/buildroot-gcc463/usr/bin/mipsel-linux-gcc -c -Os   -D_GNU_SOURCE -D_REENTRANT conftest.c >&5
configure:18473: $? = 0
configure:18473: /opt/buildroot-gcc463/usr/bin/mipsel-linux-gcc -c -Os   -D_GNU_SOURCE -D_REENTRANT conftest.c >&5
conftest.c: In function 'main':
conftest.c:51:21: error: expected expression before ')' token
configure:18473: $? = 1
configure: failed program was:
| /* confdefs.h */
| #define PACKAGE_NAME "Berkeley DB"
| #define PACKAGE_TARNAME "db-4.8.30"
| #define PACKAGE_VERSION "4.8.30"
| #define PACKAGE_STRING "Berkeley DB 4.8.30"
| #define PACKAGE_BUGREPORT "Oracle Technology Network Berkeley DB forum"
| #define PACKAGE_URL ""
| #define UMRW 1
| #define HAVE_UPGRADE_SUPPORT 1
| #define STDC_HEADERS 1
| #define HAVE_SYS_TYPES_H 1
| #define HAVE_SYS_STAT_H 1
| #define HAVE_STDLIB_H 1
| #define HAVE_STRING_H 1
| #define HAVE_MEMORY_H 1
| #define HAVE_STRINGS_H 1
| #define HAVE_INTTYPES_H 1
| #define HAVE_STDINT_H 1
| #define HAVE_UNISTD_H 1
| #define HAVE_DLFCN_H 1
| #define LT_OBJDIR ".libs/"
| #define HAVE_SYSTEM_INCLUDE_FILES 1
| #define TIME_WITH_SYS_TIME 1
| #define HAVE_DIRENT_H 1
| #define HAVE_SYS_SELECT_H 1
| #define HAVE_SYS_SOCKET_H 1
| #define HAVE_SYS_TIME_H 1
| #define HAVE_STRUCT_STAT_ST_BLKSIZE 1
| #define SIZEOF_CHAR 1
| #define SIZEOF_UNSIGNED_CHAR 1
| #define SIZEOF_SHORT 2
| #define SIZEOF_UNSIGNED_SHORT 2
| #define SIZEOF_INT 4
| #define SIZEOF_UNSIGNED_INT 4
| #define SIZEOF_LONG 4
| #define SIZEOF_UNSIGNED_LONG 4
| #define SIZEOF_LONG_LONG 8
| #define SIZEOF_UNSIGNED_LONG_LONG 8
| #define SIZEOF_CHAR_P 4
| /* end confdefs.h.  */
| #include <sys/types.h>
| #include <inttypes.h>
| #include <stdint.h>
| #include <stddef.h>
| #include <unistd.h>
| #include <stdio.h>
| 
| int
| main ()
| {
| if (sizeof ((FILE *)))
| 	    return 0;
|   ;
|   return 0;
| }
configure:18473: result: yes
configure:18482: checking for off_t
configure:18482: /opt/buildroot-gcc463/usr/bin/mipsel-linux-gcc -c -Os   -D_GNU_SOURCE -D_REENTRANT conftest.c >&5
configure:18482: $? = 0
configure:18482: /opt/buildroot-gcc463/usr/bin/mipsel-linux-gcc -c -Os   -D_GNU_SOURCE -D_REENTRANT conftest.c >&5
conftest.c: In function 'main':
conftest.c:51:20: error: expected expression before ')' token
configure:18482: $? = 1
configure: failed program was:
| /* confdefs.h */
| #define PACKAGE_NAME "Berkeley DB"
| #define PACKAGE_TARNAME "db-4.8.30"
| #define PACKAGE_VERSION "4.8.30"
| #define PACKAGE_STRING "Berkeley DB 4.8.30"
| #define PACKAGE_BUGREPORT "Oracle Technology Network Berkeley DB forum"
| #define PACKAGE_URL ""
| #define UMRW 1
| #define HAVE_UPGRADE_SUPPORT 1
| #define STDC_HEADERS 1
| #define HAVE_SYS_TYPES_H 1
| #define HAVE_SYS_STAT_H 1
| #define HAVE_STDLIB_H 1
| #define HAVE_STRING_H 1
| #define HAVE_MEMORY_H 1
| #define HAVE_STRINGS_H 1
| #define HAVE_INTTYPES_H 1
| #define HAVE_STDINT_H 1
| #define HAVE_UNISTD_H 1
| #define HAVE_DLFCN_H 1
| #define LT_OBJDIR ".libs/"
| #define HAVE_SYSTEM_INCLUDE_FILES 1
| #define TIME_WITH_SYS_TIME 1
| #define HAVE_DIRENT_H 1
| #define HAVE_SYS_SELECT_H 1
| #define HAVE_SYS_SOCKET_H 1
| #define HAVE_SYS_TIME_H 1
| #define HAVE_STRUCT_STAT_ST_BLKSIZE 1
| #define SIZEOF_CHAR 1
| #define SIZEOF_UNSIGNED_CHAR 1
| #define SIZEOF_SHORT 2
| #define SIZEOF_UNSIGNED_SHORT 2
| #define SIZEOF_INT 4
| #define SIZEOF_UNSIGNED_INT 4
| #define SIZEOF_LONG 4
| #define SIZEOF_UNSIGNED_LONG 4
| #define SIZEOF_LONG_LONG 8
| #define SIZEOF_UNSIGNED_LONG_LONG 8
| #define SIZEOF_CHAR_P 4
| /* end confdefs.h.  */
| #include <sys/types.h>
| #include <inttypes.h>
| #include <stdint.h>
| #include <stddef.h>
| #include <unistd.h>
| #include <stdio.h>
| 
| int
| main ()
| {
| if (sizeof ((off_t)))
| 	    return 0;
|   ;
|   return 0;
| }
configure:18482: result: yes
configure:18491: checking for pid_t
configure:18491: /opt/buildroot-gcc463/usr/bin/mipsel-linux-gcc -c -Os   -D_GNU_SOURCE -D_REENTRANT conftest.c >&5
configure:18491: $? = 0
configure:18491: /opt/buildroot-gcc463/usr/bin/mipsel-linux-gcc -c -Os   -D_GNU_SOURCE -D_REENTRANT conftest.c >&5
conftest.c: In function 'main':
conftest.c:51:20: error: expected expression before ')' token
configure:18491: $? = 1
configure: failed program was:
| /* confdefs.h */
| #define PACKAGE_NAME "Berkeley DB"
| #define PACKAGE_TARNAME "db-4.8.30"
| #define PACKAGE_VERSION "4.8.30"
| #define PACKAGE_STRING "Berkeley DB 4.8.30"
| #define PACKAGE_BUGREPORT "Oracle Technology Network Berkeley DB forum"
| #define PACKAGE_URL ""
| #define UMRW 1
| #define HAVE_UPGRADE_SUPPORT 1
| #define STDC_HEADERS 1
| #define HAVE_SYS_TYPES_H 1
| #define HAVE_SYS_STAT_H 1
| #define HAVE_STDLIB_H 1
| #define HAVE_STRING_H 1
| #define HAVE_MEMORY_H 1
| #define HAVE_STRINGS_H 1
| #define HAVE_INTTYPES_H 1
| #define HAVE_STDINT_H 1
| #define HAVE_UNISTD_H 1
| #define HAVE_DLFCN_H 1
| #define LT_OBJDIR ".libs/"
| #define HAVE_SYSTEM_INCLUDE_FILES 1
| #define TIME_WITH_SYS_TIME 1
| #define HAVE_DIRENT_H 1
| #define HAVE_SYS_SELECT_H 1
| #define HAVE_SYS_SOCKET_H 1
| #define HAVE_SYS_TIME_H 1
| #define HAVE_STRUCT_STAT_ST_BLKSIZE 1
| #define SIZEOF_CHAR 1
| #define SIZEOF_UNSIGNED_CHAR 1
| #define SIZEOF_SHORT 2
| #define SIZEOF_UNSIGNED_SHORT 2
| #define SIZEOF_INT 4
| #define SIZEOF_UNSIGNED_INT 4
| #define SIZEOF_LONG 4
| #define SIZEOF_UNSIGNED_LONG 4
| #define SIZEOF_LONG_LONG 8
| #define SIZEOF_UNSIGNED_LONG_LONG 8
| #define SIZEOF_CHAR_P 4
| /* end confdefs.h.  */
| #include <sys/types.h>
| #include <inttypes.h>
| #include <stdint.h>
| #include <stddef.h>
| #include <unistd.h>
| #include <stdio.h>
| 
| int
| main ()
| {
| if (sizeof ((pid_t)))
| 	    return 0;
|   ;
|   return 0;
| }
configure:18491: result: yes
configure:18500: checking for size_t
configure:18500: /opt/buildroot-gcc463/usr/bin/mipsel-linux-gcc -c -Os   -D_GNU_SOURCE -D_REENTRANT conftest.c >&5
configure:18500: $? = 0
configure:18500: /opt/buildroot-gcc463/usr/bin/mipsel-linux-gcc -c -Os   -D_GNU_SOURCE -D_REENTRANT conftest.c >&5
conftest.c: In function 'main':
conftest.c:51:21: error: expected expression before ')' token
configure:18500: $? = 1
configure: failed program was:
| /* confdefs.h */
| #define PACKAGE_NAME "Berkeley DB"
| #define PACKAGE_TARNAME "db-4.8.30"
| #define PACKAGE_VERSION "4.8.30"
| #define PACKAGE_STRING "Berkeley DB 4.8.30"
| #define PACKAGE_BUGREPORT "Oracle Technology Network Berkeley DB forum"
| #define PACKAGE_URL ""
| #define UMRW 1
| #define HAVE_UPGRADE_SUPPORT 1
| #define STDC_HEADERS 1
| #define HAVE_SYS_TYPES_H 1
| #define HAVE_SYS_STAT_H 1
| #define HAVE_STDLIB_H 1
| #define HAVE_STRING_H 1
| #define HAVE_MEMORY_H 1
| #define HAVE_STRINGS_H 1
| #define HAVE_INTTYPES_H 1
| #define HAVE_STDINT_H 1
| #define HAVE_UNISTD_H 1
| #define HAVE_DLFCN_H 1
| #define LT_OBJDIR ".libs/"
| #define HAVE_SYSTEM_INCLUDE_FILES 1
| #define TIME_WITH_SYS_TIME 1
| #define HAVE_DIRENT_H 1
| #define HAVE_SYS_SELECT_H 1
| #define HAVE_SYS_SOCKET_H 1
| #define HAVE_SYS_TIME_H 1
| #define HAVE_STRUCT_STAT_ST_BLKSIZE 1
| #define SIZEOF_CHAR 1
| #define SIZEOF_UNSIGNED_CHAR 1
| #define SIZEOF_SHORT 2
| #define SIZEOF_UNSIGNED_SHORT 2
| #define SIZEOF_INT 4
| #define SIZEOF_UNSIGNED_INT 4
| #define SIZEOF_LONG 4
| #define SIZEOF_UNSIGNED_LONG 4
| #define SIZEOF_LONG_LONG 8
| #define SIZEOF_UNSIGNED_LONG_LONG 8
| #define SIZEOF_CHAR_P 4
| /* end confdefs.h.  */
| #include <sys/types.h>
| #include <inttypes.h>
| #include <stdint.h>
| #include <stddef.h>
| #include <unistd.h>
| #include <stdio.h>
| 
| int
| main ()
| {
| if (sizeof ((size_t)))
| 	    return 0;
|   ;
|   return 0;
| }
configure:18500: result: yes
configure:18509: checking for time_t
configure:18509: /opt/buildroot-gcc463/usr/bin/mipsel-linux-gcc -c -Os   -D_GNU_SOURCE -D_REENTRANT conftest.c >&5
configure:18509: $? = 0
configure:18509: /opt/buildroot-gcc463/usr/bin/mipsel-linux-gcc -c -Os   -D_GNU_SOURCE -D_REENTRANT conftest.c >&5
conftest.c: In function 'main':
conftest.c:51:21: error: expected expression before ')' token
configure:18509: $? = 1
configure: failed program was:
| /* confdefs.h */
| #define PACKAGE_NAME "Berkeley DB"
| #define PACKAGE_TARNAME "db-4.8.30"
| #define PACKAGE_VERSION "4.8.30"
| #define PACKAGE_STRING "Berkeley DB 4.8.30"
| #define PACKAGE_BUGREPORT "Oracle Technology Network Berkeley DB forum"
| #define PACKAGE_URL ""
| #define UMRW 1
| #define HAVE_UPGRADE_SUPPORT 1
| #define STDC_HEADERS 1
| #define HAVE_SYS_TYPES_H 1
| #define HAVE_SYS_STAT_H 1
| #define HAVE_STDLIB_H 1
| #define HAVE_STRING_H 1
| #define HAVE_MEMORY_H 1
| #define HAVE_STRINGS_H 1
| #define HAVE_INTTYPES_H 1
| #define HAVE_STDINT_H 1
| #define HAVE_UNISTD_H 1
| #define HAVE_DLFCN_H 1
| #define LT_OBJDIR ".libs/"
| #define HAVE_SYSTEM_INCLUDE_FILES 1
| #define TIME_WITH_SYS_TIME 1
| #define HAVE_DIRENT_H 1
| #define HAVE_SYS_SELECT_H 1
| #define HAVE_SYS_SOCKET_H 1
| #define HAVE_SYS_TIME_H 1
| #define HAVE_STRUCT_STAT_ST_BLKSIZE 1
| #define SIZEOF_CHAR 1
| #define SIZEOF_UNSIGNED_CHAR 1
| #define SIZEOF_SHORT 2
| #define SIZEOF_UNSIGNED_SHORT 2
| #define SIZEOF_INT 4
| #define SIZEOF_UNSIGNED_INT 4
| #define SIZEOF_LONG 4
| #define SIZEOF_UNSIGNED_LONG 4
| #define SIZEOF_LONG_LONG 8
| #define SIZEOF_UNSIGNED_LONG_LONG 8
| #define SIZEOF_CHAR_P 4
| /* end confdefs.h.  */
| #include <sys/types.h>
| #include <inttypes.h>
| #include <stdint.h>
| #include <stddef.h>
| #include <unistd.h>
| #include <stdio.h>
| 
| int
| main ()
| {
| if (sizeof ((time_t)))
| 	    return 0;
|   ;
|   return 0;
| }
configure:18509: result: yes
configure:18524: checking size of size_t
configure:18529: /opt/buildroot-gcc463/usr/bin/mipsel-linux-gcc -c -Os   -D_GNU_SOURCE -D_REENTRANT conftest.c >&5
configure:18529: $? = 0
configure:18529: /opt/buildroot-gcc463/usr/bin/mipsel-linux-gcc -c -Os   -D_GNU_SOURCE -D_REENTRANT conftest.c >&5
conftest.c: In function 'main':
conftest.c:51:12: error: size of array 'test_array' is negative
configure:18529: $? = 1
configure: failed program was:
| /* confdefs.h */
| #define PACKAGE_NAME "Berkeley DB"
| #define PACKAGE_TARNAME "db-4.8.30"
| #define PACKAGE_VERSION "4.8.30"
| #define PACKAGE_STRING "Berkeley DB 4.8.30"
| #define PACKAGE_BUGREPORT "Oracle Technology Network Berkeley DB forum"
| #define PACKAGE_URL ""
| #define UMRW 1
| #define HAVE_UPGRADE_SUPPORT 1
| #define STDC_HEADERS 1
| #define HAVE_SYS_TYPES_H 1
| #define HAVE_SYS_STAT_H 1
| #define HAVE_STDLIB_H 1
| #define HAVE_STRING_H 1
| #define HAVE_MEMORY_H 1
| #define HAVE_STRINGS_H 1
| #define HAVE_INTTYPES_H 1
| #define HAVE_STDINT_H 1
| #define HAVE_UNISTD_H 1
| #define HAVE_DLFCN_H 1
| #define LT_OBJDIR ".libs/"
| #define HAVE_SYSTEM_INCLUDE_FILES 1
| #define TIME_WITH_SYS_TIME 1
| #define HAVE_DIRENT_H 1
| #define HAVE_SYS_SELECT_H 1
| #define HAVE_SYS_SOCKET_H 1
| #define HAVE_SYS_TIME_H 1
| #define HAVE_STRUCT_STAT_ST_BLKSIZE 1
| #define SIZEOF_CHAR 1
| #define SIZEOF_UNSIGNED_CHAR 1
| #define SIZEOF_SHORT 2
| #define SIZEOF_UNSIGNED_SHORT 2
| #define SIZEOF_INT 4
| #define SIZEOF_UNSIGNED_INT 4
| #define SIZEOF_LONG 4
| #define SIZEOF_UNSIGNED_LONG 4
| #define SIZEOF_LONG_LONG 8
| #define SIZEOF_UNSIGNED_LONG_LONG 8
| #define SIZEOF_CHAR_P 4
| /* end confdefs.h.  */
| #include <sys/types.h>
| #include <inttypes.h>
| #include <stdint.h>
| #include <stddef.h>
| #include <unistd.h>
| #include <stdio.h>
| 
| int
| main ()
| {
| static int test_array [1 - 2 * !(((long int) (sizeof (size_t))) <= 0)];
| test_array [0] = 0
| 
|   ;
|   return 0;
| }
configure:18529: /opt/buildroot-gcc463/usr/bin/mipsel-linux-gcc -c -Os   -D_GNU_SOURCE -D_REENTRANT conftest.c >&5
conftest.c: In function 'main':
conftest.c:51:12: error: size of array 'test_array' is negative
configure:18529: $? = 1
configure: failed program was:
| /* confdefs.h */
| #define PACKAGE_NAME "Berkeley DB"
| #define PACKAGE_TARNAME "db-4.8.30"
| #define PACKAGE_VERSION "4.8.30"
| #define PACKAGE_STRING "Berkeley DB 4.8.30"
| #define PACKAGE_BUGREPORT "Oracle Technology Network Berkeley DB forum"
| #define PACKAGE_URL ""
| #define UMRW 1
| #define HAVE_UPGRADE_SUPPORT 1
| #define STDC_HEADERS 1
| #define HAVE_SYS_TYPES_H 1
| #define HAVE_SYS_STAT_H 1
| #define HAVE_STDLIB_H 1
| #define HAVE_STRING_H 1
| #define HAVE_MEMORY_H 1
| #define HAVE_STRINGS_H 1
| #define HAVE_INTTYPES_H 1
| #define HAVE_STDINT_H 1
| #define HAVE_UNISTD_H 1
| #define HAVE_DLFCN_H 1
| #define LT_OBJDIR ".libs/"
| #define HAVE_SYSTEM_INCLUDE_FILES 1
| #define TIME_WITH_SYS_TIME 1
| #define HAVE_DIRENT_H 1
| #define HAVE_SYS_SELECT_H 1
| #define HAVE_SYS_SOCKET_H 1
| #define HAVE_SYS_TIME_H 1
| #define HAVE_STRUCT_STAT_ST_BLKSIZE 1
| #define SIZEOF_CHAR 1
| #define SIZEOF_UNSIGNED_CHAR 1
| #define SIZEOF_SHORT 2
| #define SIZEOF_UNSIGNED_SHORT 2
| #define SIZEOF_INT 4
| #define SIZEOF_UNSIGNED_INT 4
| #define SIZEOF_LONG 4
| #define SIZEOF_UNSIGNED_LONG 4
| #define SIZEOF_LONG_LONG 8
| #define SIZEOF_UNSIGNED_LONG_LONG 8
| #define SIZEOF_CHAR_P 4
| /* end confdefs.h.  */
| #include <sys/types.h>
| #include <inttypes.h>
| #include <stdint.h>
| #include <stddef.h>
| #include <unistd.h>
| #include <stdio.h>
| 
| int
| main ()
| {
| static int test_array [1 - 2 * !(((long int) (sizeof (size_t))) <= 1)];
| test_array [0] = 0
| 
|   ;
|   return 0;
| }
configure:18529: /opt/buildroot-gcc463/usr/bin/mipsel-linux-gcc -c -Os   -D_GNU_SOURCE -D_REENTRANT conftest.c >&5
conftest.c: In function 'main':
conftest.c:51:12: error: size of array 'test_array' is negative
configure:18529: $? = 1
configure: failed program was:
| /* confdefs.h */
| #define PACKAGE_NAME "Berkeley DB"
| #define PACKAGE_TARNAME "db-4.8.30"
| #define PACKAGE_VERSION "4.8.30"
| #define PACKAGE_STRING "Berkeley DB 4.8.30"
| #define PACKAGE_BUGREPORT "Oracle Technology Network Berkeley DB forum"
| #define PACKAGE_URL ""
| #define UMRW 1
| #define HAVE_UPGRADE_SUPPORT 1
| #define STDC_HEADERS 1
| #define HAVE_SYS_TYPES_H 1
| #define HAVE_SYS_STAT_H 1
| #define HAVE_STDLIB_H 1
| #define HAVE_STRING_H 1
| #define HAVE_MEMORY_H 1
| #define HAVE_STRINGS_H 1
| #define HAVE_INTTYPES_H 1
| #define HAVE_STDINT_H 1
| #define HAVE_UNISTD_H 1
| #define HAVE_DLFCN_H 1
| #define LT_OBJDIR ".libs/"
| #define HAVE_SYSTEM_INCLUDE_FILES 1
| #define TIME_WITH_SYS_TIME 1
| #define HAVE_DIRENT_H 1
| #define HAVE_SYS_SELECT_H 1
| #define HAVE_SYS_SOCKET_H 1
| #define HAVE_SYS_TIME_H 1
| #define HAVE_STRUCT_STAT_ST_BLKSIZE 1
| #define SIZEOF_CHAR 1
| #define SIZEOF_UNSIGNED_CHAR 1
| #define SIZEOF_SHORT 2
| #define SIZEOF_UNSIGNED_SHORT 2
| #define SIZEOF_INT 4
| #define SIZEOF_UNSIGNED_INT 4
| #define SIZEOF_LONG 4
| #define SIZEOF_UNSIGNED_LONG 4
| #define SIZEOF_LONG_LONG 8
| #define SIZEOF_UNSIGNED_LONG_LONG 8
| #define SIZEOF_CHAR_P 4
| /* end confdefs.h.  */
| #include <sys/types.h>
| #include <inttypes.h>
| #include <stdint.h>
| #include <stddef.h>
| #include <unistd.h>
| #include <stdio.h>
| 
| int
| main ()
| {
| static int test_array [1 - 2 * !(((long int) (sizeof (size_t))) <= 3)];
| test_array [0] = 0
| 
|   ;
|   return 0;
| }
configure:18529: /opt/buildroot-gcc463/usr/bin/mipsel-linux-gcc -c -Os   -D_GNU_SOURCE -D_REENTRANT conftest.c >&5
configure:18529: $? = 0
configure:18529: /opt/buildroot-gcc463/usr/bin/mipsel-linux-gcc -c -Os   -D_GNU_SOURCE -D_REENTRANT conftest.c >&5
configure:18529: $? = 0
configure:18529: /opt/buildroot-gcc463/usr/bin/mipsel-linux-gcc -c -Os   -D_GNU_SOURCE -D_REENTRANT conftest.c >&5
configure:18529: $? = 0
configure:18545: result: 4
configure:18556: checking for ssize_t
configure:18556: /opt/buildroot-gcc463/usr/bin/mipsel-linux-gcc -c -Os   -D_GNU_SOURCE -D_REENTRANT conftest.c >&5
configure:18556: $? = 0
configure:18556: /opt/buildroot-gcc463/usr/bin/mipsel-linux-gcc -c -Os   -D_GNU_SOURCE -D_REENTRANT conftest.c >&5
conftest.c: In function 'main':
conftest.c:52:22: error: expected expression before ')' token
configure:18556: $? = 1
configure: failed program was:
| /* confdefs.h */
| #define PACKAGE_NAME "Berkeley DB"
| #define PACKAGE_TARNAME "db-4.8.30"
| #define PACKAGE_VERSION "4.8.30"
| #define PACKAGE_STRING "Berkeley DB 4.8.30"
| #define PACKAGE_BUGREPORT "Oracle Technology Network Berkeley DB forum"
| #define PACKAGE_URL ""
| #define UMRW 1
| #define HAVE_UPGRADE_SUPPORT 1
| #define STDC_HEADERS 1
| #define HAVE_SYS_TYPES_H 1
| #define HAVE_SYS_STAT_H 1
| #define HAVE_STDLIB_H 1
| #define HAVE_STRING_H 1
| #define HAVE_MEMORY_H 1
| #define HAVE_STRINGS_H 1
| #define HAVE_INTTYPES_H 1
| #define HAVE_STDINT_H 1
| #define HAVE_UNISTD_H 1
| #define HAVE_DLFCN_H 1
| #define LT_OBJDIR ".libs/"
| #define HAVE_SYSTEM_INCLUDE_FILES 1
| #define TIME_WITH_SYS_TIME 1
| #define HAVE_DIRENT_H 1
| #define HAVE_SYS_SELECT_H 1
| #define HAVE_SYS_SOCKET_H 1
| #define HAVE_SYS_TIME_H 1
| #define HAVE_STRUCT_STAT_ST_BLKSIZE 1
| #define SIZEOF_CHAR 1
| #define SIZEOF_UNSIGNED_CHAR 1
| #define SIZEOF_SHORT 2
| #define SIZEOF_UNSIGNED_SHORT 2
| #define SIZEOF_INT 4
| #define SIZEOF_UNSIGNED_INT 4
| #define SIZEOF_LONG 4
| #define SIZEOF_UNSIGNED_LONG 4
| #define SIZEOF_LONG_LONG 8
| #define SIZEOF_UNSIGNED_LONG_LONG 8
| #define SIZEOF_CHAR_P 4
| #define SIZEOF_SIZE_T 4
| /* end confdefs.h.  */
| #include <sys/types.h>
| #include <inttypes.h>
| #include <stdint.h>
| #include <stddef.h>
| #include <unistd.h>
| #include <stdio.h>
| 
| int
| main ()
| {
| if (sizeof ((ssize_t)))
| 	    return 0;
|   ;
|   return 0;
| }
configure:18556: result: yes
configure:18584: checking for uintmax_t
configure:18584: /opt/buildroot-gcc463/usr/bin/mipsel-linux-gcc -c -Os   -D_GNU_SOURCE -D_REENTRANT conftest.c >&5
configure:18584: $? = 0
configure:18584: /opt/buildroot-gcc463/usr/bin/mipsel-linux-gcc -c -Os   -D_GNU_SOURCE -D_REENTRANT conftest.c >&5
conftest.c: In function 'main':
conftest.c:78:24: error: expected expression before ')' token
configure:18584: $? = 1
configure: failed program was:
| /* confdefs.h */
| #define PACKAGE_NAME "Berkeley DB"
| #define PACKAGE_TARNAME "db-4.8.30"
| #define PACKAGE_VERSION "4.8.30"
| #define PACKAGE_STRING "Berkeley DB 4.8.30"
| #define PACKAGE_BUGREPORT "Oracle Technology Network Berkeley DB forum"
| #define PACKAGE_URL ""
| #define UMRW 1
| #define HAVE_UPGRADE_SUPPORT 1
| #define STDC_HEADERS 1
| #define HAVE_SYS_TYPES_H 1
| #define HAVE_SYS_STAT_H 1
| #define HAVE_STDLIB_H 1
| #define HAVE_STRING_H 1
| #define HAVE_MEMORY_H 1
| #define HAVE_STRINGS_H 1
| #define HAVE_INTTYPES_H 1
| #define HAVE_STDINT_H 1
| #define HAVE_UNISTD_H 1
| #define HAVE_DLFCN_H 1
| #define LT_OBJDIR ".libs/"
| #define HAVE_SYSTEM_INCLUDE_FILES 1
| #define TIME_WITH_SYS_TIME 1
| #define HAVE_DIRENT_H 1
| #define HAVE_SYS_SELECT_H 1
| #define HAVE_SYS_SOCKET_H 1
| #define HAVE_SYS_TIME_H 1
| #define HAVE_STRUCT_STAT_ST_BLKSIZE 1
| #define SIZEOF_CHAR 1
| #define SIZEOF_UNSIGNED_CHAR 1
| #define SIZEOF_SHORT 2
| #define SIZEOF_UNSIGNED_SHORT 2
| #define SIZEOF_INT 4
| #define SIZEOF_UNSIGNED_INT 4
| #define SIZEOF_LONG 4
| #define SIZEOF_UNSIGNED_LONG 4
| #define SIZEOF_LONG_LONG 8
| #define SIZEOF_UNSIGNED_LONG_LONG 8
| #define SIZEOF_CHAR_P 4
| #define SIZEOF_SIZE_T 4
| /* end confdefs.h.  */
| #include <stdio.h>
| #ifdef HAVE_SYS_TYPES_H
| # include <sys/types.h>
| #endif
| #ifdef HAVE_SYS_STAT_H
| # include <sys/stat.h>
| #endif
| #ifdef STDC_HEADERS
| # include <stdlib.h>
| # include <stddef.h>
| #else
| # ifdef HAVE_STDLIB_H
| #  include <stdlib.h>
| # endif
| #endif
| #ifdef HAVE_STRING_H
| # if !defined STDC_HEADERS && defined HAVE_MEMORY_H
| #  include <memory.h>
| # endif
| # include <string.h>
| #endif
| #ifdef HAVE_STRINGS_H
| # include <strings.h>
| #endif
| #ifdef HAVE_INTTYPES_H
| # include <inttypes.h>
| #endif
| #ifdef HAVE_STDINT_H
| # include <stdint.h>
| #endif
| #ifdef HAVE_UNISTD_H
| # include <unistd.h>
| #endif
| int
| main ()
| {
| if (sizeof ((uintmax_t)))
| 	    return 0;
|   ;
|   return 0;
| }
configure:18584: result: yes
configure:18602: checking for uintptr_t
configure:18602: /opt/buildroot-gcc463/usr/bin/mipsel-linux-gcc -c -Os   -D_GNU_SOURCE -D_REENTRANT conftest.c >&5
configure:18602: $? = 0
configure:18602: /opt/buildroot-gcc463/usr/bin/mipsel-linux-gcc -c -Os   -D_GNU_SOURCE -D_REENTRANT conftest.c >&5
conftest.c: In function 'main':
conftest.c:78:24: error: expected expression before ')' token
configure:18602: $? = 1
configure: failed program was:
| /* confdefs.h */
| #define PACKAGE_NAME "Berkeley DB"
| #define PACKAGE_TARNAME "db-4.8.30"
| #define PACKAGE_VERSION "4.8.30"
| #define PACKAGE_STRING "Berkeley DB 4.8.30"
| #define PACKAGE_BUGREPORT "Oracle Technology Network Berkeley DB forum"
| #define PACKAGE_URL ""
| #define UMRW 1
| #define HAVE_UPGRADE_SUPPORT 1
| #define STDC_HEADERS 1
| #define HAVE_SYS_TYPES_H 1
| #define HAVE_SYS_STAT_H 1
| #define HAVE_STDLIB_H 1
| #define HAVE_STRING_H 1
| #define HAVE_MEMORY_H 1
| #define HAVE_STRINGS_H 1
| #define HAVE_INTTYPES_H 1
| #define HAVE_STDINT_H 1
| #define HAVE_UNISTD_H 1
| #define HAVE_DLFCN_H 1
| #define LT_OBJDIR ".libs/"
| #define HAVE_SYSTEM_INCLUDE_FILES 1
| #define TIME_WITH_SYS_TIME 1
| #define HAVE_DIRENT_H 1
| #define HAVE_SYS_SELECT_H 1
| #define HAVE_SYS_SOCKET_H 1
| #define HAVE_SYS_TIME_H 1
| #define HAVE_STRUCT_STAT_ST_BLKSIZE 1
| #define SIZEOF_CHAR 1
| #define SIZEOF_UNSIGNED_CHAR 1
| #define SIZEOF_SHORT 2
| #define SIZEOF_UNSIGNED_SHORT 2
| #define SIZEOF_INT 4
| #define SIZEOF_UNSIGNED_INT 4
| #define SIZEOF_LONG 4
| #define SIZEOF_UNSIGNED_LONG 4
| #define SIZEOF_LONG_LONG 8
| #define SIZEOF_UNSIGNED_LONG_LONG 8
| #define SIZEOF_CHAR_P 4
| #define SIZEOF_SIZE_T 4
| /* end confdefs.h.  */
| #include <stdio.h>
| #ifdef HAVE_SYS_TYPES_H
| # include <sys/types.h>
| #endif
| #ifdef HAVE_SYS_STAT_H
| # include <sys/stat.h>
| #endif
| #ifdef STDC_HEADERS
| # include <stdlib.h>
| # include <stddef.h>
| #else
| # ifdef HAVE_STDLIB_H
| #  include <stdlib.h>
| # endif
| #endif
| #ifdef HAVE_STRING_H
| # if !defined STDC_HEADERS && defined HAVE_MEMORY_H
| #  include <memory.h>
| # endif
| # include <string.h>
| #endif
| #ifdef HAVE_STRINGS_H
| # include <strings.h>
| #endif
| #ifdef HAVE_INTTYPES_H
| # include <inttypes.h>
| #endif
| #ifdef HAVE_STDINT_H
| # include <stdint.h>
| #endif
| #ifdef HAVE_UNISTD_H
| # include <unistd.h>
| #endif
| int
| main ()
| {
| if (sizeof ((uintptr_t)))
| 	    return 0;
|   ;
|   return 0;
| }
configure:18602: result: yes
configure:18627: checking for socklen_t
configure:18627: /opt/buildroot-gcc463/usr/bin/mipsel-linux-gcc -c -Os   -D_GNU_SOURCE -D_REENTRANT conftest.c >&5
configure:18627: $? = 0
configure:18627: /opt/buildroot-gcc463/usr/bin/mipsel-linux-gcc -c -Os   -D_GNU_SOURCE -D_REENTRANT conftest.c >&5
conftest.c: In function 'main':
conftest.c:55:24: error: expected expression before ')' token
configure:18627: $? = 1
configure: failed program was:
| /* confdefs.h */
| #define PACKAGE_NAME "Berkeley DB"
| #define PACKAGE_TARNAME "db-4.8.30"
| #define PACKAGE_VERSION "4.8.30"
| #define PACKAGE_STRING "Berkeley DB 4.8.30"
| #define PACKAGE_BUGREPORT "Oracle Technology Network Berkeley DB forum"
| #define PACKAGE_URL ""
| #define UMRW 1
| #define HAVE_UPGRADE_SUPPORT 1
| #define STDC_HEADERS 1
| #define HAVE_SYS_TYPES_H 1
| #define HAVE_SYS_STAT_H 1
| #define HAVE_STDLIB_H 1
| #define HAVE_STRING_H 1
| #define HAVE_MEMORY_H 1
| #define HAVE_STRINGS_H 1
| #define HAVE_INTTYPES_H 1
| #define HAVE_STDINT_H 1
| #define HAVE_UNISTD_H 1
| #define HAVE_DLFCN_H 1
| #define LT_OBJDIR ".libs/"
| #define HAVE_SYSTEM_INCLUDE_FILES 1
| #define TIME_WITH_SYS_TIME 1
| #define HAVE_DIRENT_H 1
| #define HAVE_SYS_SELECT_H 1
| #define HAVE_SYS_SOCKET_H 1
| #define HAVE_SYS_TIME_H 1
| #define HAVE_STRUCT_STAT_ST_BLKSIZE 1
| #define SIZEOF_CHAR 1
| #define SIZEOF_UNSIGNED_CHAR 1
| #define SIZEOF_SHORT 2
| #define SIZEOF_UNSIGNED_SHORT 2
| #define SIZEOF_INT 4
| #define SIZEOF_UNSIGNED_INT 4
| #define SIZEOF_LONG 4
| #define SIZEOF_UNSIGNED_LONG 4
| #define SIZEOF_LONG_LONG 8
| #define SIZEOF_UNSIGNED_LONG_LONG 8
| #define SIZEOF_CHAR_P 4
| #define SIZEOF_SIZE_T 4
| /* end confdefs.h.  */
| #include <sys/types.h>
| #include <inttypes.h>
| #include <stdint.h>
| #include <stddef.h>
| #include <unistd.h>
| #include <stdio.h>
| #ifdef HAVE_SYS_SOCKET_H
| #include <sys/socket.h>
| #endif
| 
| int
| main ()
| {
| if (sizeof ((socklen_t)))
| 	    return 0;
|   ;
|   return 0;
| }
configure:18627: result: yes
configure:18686: checking for ANSI C exit success/failure values
configure:18703: /opt/buildroot-gcc463/usr/bin/mipsel-linux-gcc -c -Os   -D_GNU_SOURCE -D_REENTRANT conftest.c >&5
configure:18703: $? = 0
configure:18710: result: yes
configure:18718: checking for getopt optreset variable
configure:18735: /opt/buildroot-gcc463/usr/bin/mipsel-linux-gcc -o conftest -Os   -D_GNU_SOURCE -D_REENTRANT  conftest.c  >&5
/tmp/ccKJyOC5.o: In function `main':
conftest.c:(.text.startup+0x8): undefined reference to `optreset'
collect2: ld returned 1 exit status
configure:18735: $? = 1
configure: failed program was:
| /* confdefs.h */
| #define PACKAGE_NAME "Berkeley DB"
| #define PACKAGE_TARNAME "db-4.8.30"
| #define PACKAGE_VERSION "4.8.30"
| #define PACKAGE_STRING "Berkeley DB 4.8.30"
| #define PACKAGE_BUGREPORT "Oracle Technology Network Berkeley DB forum"
| #define PACKAGE_URL ""
| #define UMRW 1
| #define HAVE_UPGRADE_SUPPORT 1
| #define STDC_HEADERS 1
| #define HAVE_SYS_TYPES_H 1
| #define HAVE_SYS_STAT_H 1
| #define HAVE_STDLIB_H 1
| #define HAVE_STRING_H 1
| #define HAVE_MEMORY_H 1
| #define HAVE_STRINGS_H 1
| #define HAVE_INTTYPES_H 1
| #define HAVE_STDINT_H 1
| #define HAVE_UNISTD_H 1
| #define HAVE_DLFCN_H 1
| #define LT_OBJDIR ".libs/"
| #define HAVE_SYSTEM_INCLUDE_FILES 1
| #define TIME_WITH_SYS_TIME 1
| #define HAVE_DIRENT_H 1
| #define HAVE_SYS_SELECT_H 1
| #define HAVE_SYS_SOCKET_H 1
| #define HAVE_SYS_TIME_H 1
| #define HAVE_STRUCT_STAT_ST_BLKSIZE 1
| #define SIZEOF_CHAR 1
| #define SIZEOF_UNSIGNED_CHAR 1
| #define SIZEOF_SHORT 2
| #define SIZEOF_UNSIGNED_SHORT 2
| #define SIZEOF_INT 4
| #define SIZEOF_UNSIGNED_INT 4
| #define SIZEOF_LONG 4
| #define SIZEOF_UNSIGNED_LONG 4
| #define SIZEOF_LONG_LONG 8
| #define SIZEOF_UNSIGNED_LONG_LONG 8
| #define SIZEOF_CHAR_P 4
| #define SIZEOF_SIZE_T 4
| #define HAVE_EXIT_SUCCESS 1
| /* end confdefs.h.  */
| #include <unistd.h>
| int
| main ()
| {
| extern int optreset; optreset = 1;
|   ;
|   return 0;
| }
configure:18743: result: no
configure:18759: checking for mutexes
configure:18840: /opt/buildroot-gcc463/usr/bin/mipsel-linux-gcc -o conftest -Os   -D_GNU_SOURCE -D_REENTRANT  conftest.c  -lpthread >&5
conftest.c: In function 'main':
conftest.c:53:2: warning: incompatible implicit declaration of built-in function 'exit' [enabled by default]
configure:18840: $? = 0
configure:19208: /opt/buildroot-gcc463/usr/bin/mipsel-linux-gcc -c -Os   -D_GNU_SOURCE -D_REENTRANT conftest.c >&5
conftest.c: In function 'main':
conftest.c:51:3: error: unknown type name 'FAIL'
conftest.c:51:11: error: expected '=', ',', ';', 'asm' or '__attribute__' before 'COMPILE'
configure:19208: $? = 1
configure: failed program was:
| /* confdefs.h */
| #define PACKAGE_NAME "Berkeley DB"
| #define PACKAGE_TARNAME "db-4.8.30"
| #define PACKAGE_VERSION "4.8.30"
| #define PACKAGE_STRING "Berkeley DB 4.8.30"
| #define PACKAGE_BUGREPORT "Oracle Technology Network Berkeley DB forum"
| #define PACKAGE_URL ""
| #define UMRW 1
| #define HAVE_UPGRADE_SUPPORT 1
| #define STDC_HEADERS 1
| #define HAVE_SYS_TYPES_H 1
| #define HAVE_SYS_STAT_H 1
| #define HAVE_STDLIB_H 1
| #define HAVE_STRING_H 1
| #define HAVE_MEMORY_H 1
| #define HAVE_STRINGS_H 1
| #define HAVE_INTTYPES_H 1
| #define HAVE_STDINT_H 1
| #define HAVE_UNISTD_H 1
| #define HAVE_DLFCN_H 1
| #define LT_OBJDIR ".libs/"
| #define HAVE_SYSTEM_INCLUDE_FILES 1
| #define TIME_WITH_SYS_TIME 1
| #define HAVE_DIRENT_H 1
| #define HAVE_SYS_SELECT_H 1
| #define HAVE_SYS_SOCKET_H 1
| #define HAVE_SYS_TIME_H 1
| #define HAVE_STRUCT_STAT_ST_BLKSIZE 1
| #define SIZEOF_CHAR 1
| #define SIZEOF_UNSIGNED_CHAR 1
| #define SIZEOF_SHORT 2
| #define SIZEOF_UNSIGNED_SHORT 2
| #define SIZEOF_INT 4
| #define SIZEOF_UNSIGNED_INT 4
| #define SIZEOF_LONG 4
| #define SIZEOF_UNSIGNED_LONG 4
| #define SIZEOF_LONG_LONG 8
| #define SIZEOF_UNSIGNED_LONG_LONG 8
| #define SIZEOF_CHAR_P 4
| #define SIZEOF_SIZE_T 4
| #define HAVE_EXIT_SUCCESS 1
| /* end confdefs.h.  */
| 
| int
| main ()
| {
| 
| 	#if (defined(i386) || defined(__i386__)) && defined(__GNUC__)
| 		exit(0);
| 	#else
| 		FAIL TO COMPILE/LINK
| 	#endif
| 
|   ;
|   return 0;
| }
configure:19231: /opt/buildroot-gcc463/usr/bin/mipsel-linux-gcc -c -Os   -D_GNU_SOURCE -D_REENTRANT conftest.c >&5
conftest.c: In function 'main':
conftest.c:51:3: error: unknown type name 'FAIL'
conftest.c:51:11: error: expected '=', ',', ';', 'asm' or '__attribute__' before 'COMPILE'
configure:19231: $? = 1
configure: failed program was:
| /* confdefs.h */
| #define PACKAGE_NAME "Berkeley DB"
| #define PACKAGE_TARNAME "db-4.8.30"
| #define PACKAGE_VERSION "4.8.30"
| #define PACKAGE_STRING "Berkeley DB 4.8.30"
| #define PACKAGE_BUGREPORT "Oracle Technology Network Berkeley DB forum"
| #define PACKAGE_URL ""
| #define UMRW 1
| #define HAVE_UPGRADE_SUPPORT 1
| #define STDC_HEADERS 1
| #define HAVE_SYS_TYPES_H 1
| #define HAVE_SYS_STAT_H 1
| #define HAVE_STDLIB_H 1
| #define HAVE_STRING_H 1
| #define HAVE_MEMORY_H 1
| #define HAVE_STRINGS_H 1
| #define HAVE_INTTYPES_H 1
| #define HAVE_STDINT_H 1
| #define HAVE_UNISTD_H 1
| #define HAVE_DLFCN_H 1
| #define LT_OBJDIR ".libs/"
| #define HAVE_SYSTEM_INCLUDE_FILES 1
| #define TIME_WITH_SYS_TIME 1
| #define HAVE_DIRENT_H 1
| #define HAVE_SYS_SELECT_H 1
| #define HAVE_SYS_SOCKET_H 1
| #define HAVE_SYS_TIME_H 1
| #define HAVE_STRUCT_STAT_ST_BLKSIZE 1
| #define SIZEOF_CHAR 1
| #define SIZEOF_UNSIGNED_CHAR 1
| #define SIZEOF_SHORT 2
| #define SIZEOF_UNSIGNED_SHORT 2
| #define SIZEOF_INT 4
| #define SIZEOF_UNSIGNED_INT 4
| #define SIZEOF_LONG 4
| #define SIZEOF_UNSIGNED_LONG 4
| #define SIZEOF_LONG_LONG 8
| #define SIZEOF_UNSIGNED_LONG_LONG 8
| #define SIZEOF_CHAR_P 4
| #define SIZEOF_SIZE_T 4
| #define HAVE_EXIT_SUCCESS 1
| /* end confdefs.h.  */
| 
| int
| main ()
| {
| 
| 	#if (defined(x86_64) || defined(__x86_64__)) && defined(__GNUC__)
| 		exit(0);
| 	#else
| 		FAIL TO COMPILE/LINK
| 	#endif
| 
|   ;
|   return 0;
| }
configure:19258: /opt/buildroot-gcc463/usr/bin/mipsel-linux-gcc -o conftest -Os   -D_GNU_SOURCE -D_REENTRANT  conftest.c  >&5
conftest.c:44:25: fatal error: sys/atomic.h: No such file or directory
compilation terminated.
configure:19258: $? = 1
configure: failed program was:
| /* confdefs.h */
| #define PACKAGE_NAME "Berkeley DB"
| #define PACKAGE_TARNAME "db-4.8.30"
| #define PACKAGE_VERSION "4.8.30"
| #define PACKAGE_STRING "Berkeley DB 4.8.30"
| #define PACKAGE_BUGREPORT "Oracle Technology Network Berkeley DB forum"
| #define PACKAGE_URL ""
| #define UMRW 1
| #define HAVE_UPGRADE_SUPPORT 1
| #define STDC_HEADERS 1
| #define HAVE_SYS_TYPES_H 1
| #define HAVE_SYS_STAT_H 1
| #define HAVE_STDLIB_H 1
| #define HAVE_STRING_H 1
| #define HAVE_MEMORY_H 1
| #define HAVE_STRINGS_H 1
| #define HAVE_INTTYPES_H 1
| #define HAVE_STDINT_H 1
| #define HAVE_UNISTD_H 1
| #define HAVE_DLFCN_H 1
| #define LT_OBJDIR ".libs/"
| #define HAVE_SYSTEM_INCLUDE_FILES 1
| #define TIME_WITH_SYS_TIME 1
| #define HAVE_DIRENT_H 1
| #define HAVE_SYS_SELECT_H 1
| #define HAVE_SYS_SOCKET_H 1
| #define HAVE_SYS_TIME_H 1
| #define HAVE_STRUCT_STAT_ST_BLKSIZE 1
| #define SIZEOF_CHAR 1
| #define SIZEOF_UNSIGNED_CHAR 1
| #define SIZEOF_SHORT 2
| #define SIZEOF_UNSIGNED_SHORT 2
| #define SIZEOF_INT 4
| #define SIZEOF_UNSIGNED_INT 4
| #define SIZEOF_LONG 4
| #define SIZEOF_UNSIGNED_LONG 4
| #define SIZEOF_LONG_LONG 8
| #define SIZEOF_UNSIGNED_LONG_LONG 8
| #define SIZEOF_CHAR_P 4
| #define SIZEOF_SIZE_T 4
| #define HAVE_EXIT_SUCCESS 1
| /* end confdefs.h.  */
| 
| 	#include <sys/atomic.h>
| 	#include <sys/machlock.h>
| int
| main ()
| {
| 
| 		typedef lock_t tsl_t;
| 		lock_t x;
| 		_lock_try(&x);
| 		_lock_clear(&x);
| 		membar_enter();
| 
|   ;
|   return 0;
| }
configure:19283: /opt/buildroot-gcc463/usr/bin/mipsel-linux-gcc -c -Os   -D_GNU_SOURCE -D_REENTRANT conftest.c >&5
conftest.c: In function 'main':
conftest.c:52:3: error: unknown type name 'FAIL'
conftest.c:52:11: error: expected '=', ',', ';', 'asm' or '__attribute__' before 'COMPILE'
configure:19283: $? = 1
configure: failed program was:
| /* confdefs.h */
| #define PACKAGE_NAME "Berkeley DB"
| #define PACKAGE_TARNAME "db-4.8.30"
| #define PACKAGE_VERSION "4.8.30"
| #define PACKAGE_STRING "Berkeley DB 4.8.30"
| #define PACKAGE_BUGREPORT "Oracle Technology Network Berkeley DB forum"
| #define PACKAGE_URL ""
| #define UMRW 1
| #define HAVE_UPGRADE_SUPPORT 1
| #define STDC_HEADERS 1
| #define HAVE_SYS_TYPES_H 1
| #define HAVE_SYS_STAT_H 1
| #define HAVE_STDLIB_H 1
| #define HAVE_STRING_H 1
| #define HAVE_MEMORY_H 1
| #define HAVE_STRINGS_H 1
| #define HAVE_INTTYPES_H 1
| #define HAVE_STDINT_H 1
| #define HAVE_UNISTD_H 1
| #define HAVE_DLFCN_H 1
| #define LT_OBJDIR ".libs/"
| #define HAVE_SYSTEM_INCLUDE_FILES 1
| #define TIME_WITH_SYS_TIME 1
| #define HAVE_DIRENT_H 1
| #define HAVE_SYS_SELECT_H 1
| #define HAVE_SYS_SOCKET_H 1
| #define HAVE_SYS_TIME_H 1
| #define HAVE_STRUCT_STAT_ST_BLKSIZE 1
| #define SIZEOF_CHAR 1
| #define SIZEOF_UNSIGNED_CHAR 1
| #define SIZEOF_SHORT 2
| #define SIZEOF_UNSIGNED_SHORT 2
| #define SIZEOF_INT 4
| #define SIZEOF_UNSIGNED_INT 4
| #define SIZEOF_LONG 4
| #define SIZEOF_UNSIGNED_LONG 4
| #define SIZEOF_LONG_LONG 8
| #define SIZEOF_UNSIGNED_LONG_LONG 8
| #define SIZEOF_CHAR_P 4
| #define SIZEOF_SIZE_T 4
| #define HAVE_EXIT_SUCCESS 1
| /* end confdefs.h.  */
| 
| int
| main ()
| {
| 
| 	#if defined(__sparc__) && defined(__GNUC__)
| 		asm volatile ("membar #StoreStore|#StoreLoad|#LoadStore");
| 		exit(0);
| 	#else
| 		FAIL TO COMPILE/LINK
| 	#endif
| 
|   ;
|   return 0;
| }
configure:19859: result: POSIX/pthreads/library
configure:20119: checking pthread.h usability
configure:20119: /opt/buildroot-gcc463/usr/bin/mipsel-linux-gcc -c -Os   -D_GNU_SOURCE -D_REENTRANT conftest.c >&5
configure:20119: $? = 0
configure:20119: result: yes
configure:20119: checking pthread.h presence
configure:20119: /opt/buildroot-gcc463/usr/bin/mipsel-linux-gcc -E  -D_GNU_SOURCE -D_REENTRANT conftest.c
configure:20119: $? = 0
configure:20119: result: yes
configure:20119: checking for pthread.h
configure:20119: result: yes
configure:20129: checking for main in -lpthread
configure:20148: /opt/buildroot-gcc463/usr/bin/mipsel-linux-gcc -o conftest -Os   -D_GNU_SOURCE -D_REENTRANT  conftest.c -lpthread   >&5
configure:20148: $? = 0
configure:20157: result: yes
configure:20192: /opt/buildroot-gcc463/usr/bin/mipsel-linux-gcc -c -Os   -D_GNU_SOURCE -D_REENTRANT conftest.c >&5
configure:20192: $? = 0
configure:20235: checking for atomic operations
configure:20272: /opt/buildroot-gcc463/usr/bin/mipsel-linux-gcc -c -Os   -D_GNU_SOURCE -D_REENTRANT conftest.c >&5
conftest.c: In function 'main':
conftest.c:57:3: error: unknown type name 'FAIL'
conftest.c:57:11: error: expected '=', ',', ';', 'asm' or '__attribute__' before 'COMPILE'
configure:20272: $? = 1
configure: failed program was:
| /* confdefs.h */
| #define PACKAGE_NAME "Berkeley DB"
| #define PACKAGE_TARNAME "db-4.8.30"
| #define PACKAGE_VERSION "4.8.30"
| #define PACKAGE_STRING "Berkeley DB 4.8.30"
| #define PACKAGE_BUGREPORT "Oracle Technology Network Berkeley DB forum"
| #define PACKAGE_URL ""
| #define UMRW 1
| #define HAVE_UPGRADE_SUPPORT 1
| #define STDC_HEADERS 1
| #define HAVE_SYS_TYPES_H 1
| #define HAVE_SYS_STAT_H 1
| #define HAVE_STDLIB_H 1
| #define HAVE_STRING_H 1
| #define HAVE_MEMORY_H 1
| #define HAVE_STRINGS_H 1
| #define HAVE_INTTYPES_H 1
| #define HAVE_STDINT_H 1
| #define HAVE_UNISTD_H 1
| #define HAVE_DLFCN_H 1
| #define LT_OBJDIR ".libs/"
| #define HAVE_SYSTEM_INCLUDE_FILES 1
| #define TIME_WITH_SYS_TIME 1
| #define HAVE_DIRENT_H 1
| #define HAVE_SYS_SELECT_H 1
| #define HAVE_SYS_SOCKET_H 1
| #define HAVE_SYS_TIME_H 1
| #define HAVE_STRUCT_STAT_ST_BLKSIZE 1
| #define SIZEOF_CHAR 1
| #define SIZEOF_UNSIGNED_CHAR 1
| #define SIZEOF_SHORT 2
| #define SIZEOF_UNSIGNED_SHORT 2
| #define SIZEOF_INT 4
| #define SIZEOF_UNSIGNED_INT 4
| #define SIZEOF_LONG 4
| #define SIZEOF_UNSIGNED_LONG 4
| #define SIZEOF_LONG_LONG 8
| #define SIZEOF_UNSIGNED_LONG_LONG 8
| #define SIZEOF_CHAR_P 4
| #define SIZEOF_SIZE_T 4
| #define HAVE_EXIT_SUCCESS 1
| #define HAVE_MUTEX_PTHREADS 1
| #define HAVE_MUTEX_SUPPORT 1
| #define HAVE_SHARED_LATCHES 1
| #define HAVE_SIMPLE_THREAD_TYPE 1
| /* end confdefs.h.  */
| 
| int
| main ()
| {
| 
| 	#if ((defined(i386) || defined(__i386__)) && defined(__GNUC__))
| 		exit(0);
| 	#elif ((defined(x86_64) || defined(__x86_64__)) && defined(__GNUC__))
| 		exit(0);
| 	#else
| 		FAIL TO COMPILE/LINK
| 	#endif
| 
|   ;
|   return 0;
| }
configure:20296: /opt/buildroot-gcc463/usr/bin/mipsel-linux-gcc -o conftest -Os   -D_GNU_SOURCE -D_REENTRANT  conftest.c  >&5
conftest.c:48:24: fatal error: sys/atomic.h: No such file or directory
compilation terminated.
configure:20296: $? = 1
configure: failed program was:
| /* confdefs.h */
| #define PACKAGE_NAME "Berkeley DB"
| #define PACKAGE_TARNAME "db-4.8.30"
| #define PACKAGE_VERSION "4.8.30"
| #define PACKAGE_STRING "Berkeley DB 4.8.30"
| #define PACKAGE_BUGREPORT "Oracle Technology Network Berkeley DB forum"
| #define PACKAGE_URL ""
| #define UMRW 1
| #define HAVE_UPGRADE_SUPPORT 1
| #define STDC_HEADERS 1
| #define HAVE_SYS_TYPES_H 1
| #define HAVE_SYS_STAT_H 1
| #define HAVE_STDLIB_H 1
| #define HAVE_STRING_H 1
| #define HAVE_MEMORY_H 1
| #define HAVE_STRINGS_H 1
| #define HAVE_INTTYPES_H 1
| #define HAVE_STDINT_H 1
| #define HAVE_UNISTD_H 1
| #define HAVE_DLFCN_H 1
| #define LT_OBJDIR ".libs/"
| #define HAVE_SYSTEM_INCLUDE_FILES 1
| #define TIME_WITH_SYS_TIME 1
| #define HAVE_DIRENT_H 1
| #define HAVE_SYS_SELECT_H 1
| #define HAVE_SYS_SOCKET_H 1
| #define HAVE_SYS_TIME_H 1
| #define HAVE_STRUCT_STAT_ST_BLKSIZE 1
| #define SIZEOF_CHAR 1
| #define SIZEOF_UNSIGNED_CHAR 1
| #define SIZEOF_SHORT 2
| #define SIZEOF_UNSIGNED_SHORT 2
| #define SIZEOF_INT 4
| #define SIZEOF_UNSIGNED_INT 4
| #define SIZEOF_LONG 4
| #define SIZEOF_UNSIGNED_LONG 4
| #define SIZEOF_LONG_LONG 8
| #define SIZEOF_UNSIGNED_LONG_LONG 8
| #define SIZEOF_CHAR_P 4
| #define SIZEOF_SIZE_T 4
| #define HAVE_EXIT_SUCCESS 1
| #define HAVE_MUTEX_PTHREADS 1
| #define HAVE_MUTEX_SUPPORT 1
| #define HAVE_SHARED_LATCHES 1
| #define HAVE_SIMPLE_THREAD_TYPE 1
| /* end confdefs.h.  */
| 
| #include <sys/atomic.h>
| int
| main ()
| {
| 
| 	volatile unsigned val = 1;
| 	exit (atomic_inc_uint_nv(&val) != 2 ||
| 	      atomic_dec_uint_nv(&val) != 1 ||
| 	      atomic_cas_32(&val, 1, 3) != 3);
| 
|   ;
|   return 0;
| }
configure:20304: result: no
configure:20337: checking for library containing sched_yield
configure:20368: /opt/buildroot-gcc463/usr/bin/mipsel-linux-gcc -o conftest -Os   -D_GNU_SOURCE -D_REENTRANT  conftest.c  -lpthread >&5
configure:20368: $? = 0
configure:20385: result: none required
configure:20395: checking for library containing fdatasync
configure:20426: /opt/buildroot-gcc463/usr/bin/mipsel-linux-gcc -o conftest -Os   -D_GNU_SOURCE -D_REENTRANT  conftest.c  -lpthread >&5
configure:20426: $? = 0
configure:20443: result: none required
configure:20452: checking for library containing getaddrinfo
configure:20483: /opt/buildroot-gcc463/usr/bin/mipsel-linux-gcc -o conftest -Os   -D_GNU_SOURCE -D_REENTRANT  conftest.c  -lpthread >&5
configure:20483: $? = 0
configure:20500: result: none required
configure:20508: checking for library containing hstrerror
configure:20539: /opt/buildroot-gcc463/usr/bin/mipsel-linux-gcc -o conftest -Os   -D_GNU_SOURCE -D_REENTRANT  conftest.c  -lpthread >&5
configure:20539: $? = 0
configure:20556: result: none required
configure:20571: checking for main in -lm
configure:20590: /opt/buildroot-gcc463/usr/bin/mipsel-linux-gcc -o conftest -Os   -D_GNU_SOURCE -D_REENTRANT  conftest.c -lm   -lpthread >&5
configure:20590: $? = 0
configure:20599: result: yes
configure:20606: checking for main in -lnsl
configure:20625: /opt/buildroot-gcc463/usr/bin/mipsel-linux-gcc -o conftest -Os   -D_GNU_SOURCE -D_REENTRANT  conftest.c -lnsl   -lpthread >&5
configure:20625: $? = 0
configure:20634: result: yes
configure:20641: checking for main in -lsocket
configure:20660: /opt/buildroot-gcc463/usr/bin/mipsel-linux-gcc -o conftest -Os   -D_GNU_SOURCE -D_REENTRANT  conftest.c -lsocket   -lpthread >&5
/opt/buildroot-gcc463/usr/lib/gcc/mipsel-buildroot-linux-uclibc/4.6.3/../../../../mipsel-buildroot-linux-uclibc/bin/ld: cannot find -lsocket
collect2: ld returned 1 exit status
configure:20660: $? = 1
configure: failed program was:
| /* confdefs.h */
| #define PACKAGE_NAME "Berkeley DB"
| #define PACKAGE_TARNAME "db-4.8.30"
| #define PACKAGE_VERSION "4.8.30"
| #define PACKAGE_STRING "Berkeley DB 4.8.30"
| #define PACKAGE_BUGREPORT "Oracle Technology Network Berkeley DB forum"
| #define PACKAGE_URL ""
| #define UMRW 1
| #define HAVE_UPGRADE_SUPPORT 1
| #define STDC_HEADERS 1
| #define HAVE_SYS_TYPES_H 1
| #define HAVE_SYS_STAT_H 1
| #define HAVE_STDLIB_H 1
| #define HAVE_STRING_H 1
| #define HAVE_MEMORY_H 1
| #define HAVE_STRINGS_H 1
| #define HAVE_INTTYPES_H 1
| #define HAVE_STDINT_H 1
| #define HAVE_UNISTD_H 1
| #define HAVE_DLFCN_H 1
| #define LT_OBJDIR ".libs/"
| #define HAVE_SYSTEM_INCLUDE_FILES 1
| #define TIME_WITH_SYS_TIME 1
| #define HAVE_DIRENT_H 1
| #define HAVE_SYS_SELECT_H 1
| #define HAVE_SYS_SOCKET_H 1
| #define HAVE_SYS_TIME_H 1
| #define HAVE_STRUCT_STAT_ST_BLKSIZE 1
| #define SIZEOF_CHAR 1
| #define SIZEOF_UNSIGNED_CHAR 1
| #define SIZEOF_SHORT 2
| #define SIZEOF_UNSIGNED_SHORT 2
| #define SIZEOF_INT 4
| #define SIZEOF_UNSIGNED_INT 4
| #define SIZEOF_LONG 4
| #define SIZEOF_UNSIGNED_LONG 4
| #define SIZEOF_LONG_LONG 8
| #define SIZEOF_UNSIGNED_LONG_LONG 8
| #define SIZEOF_CHAR_P 4
| #define SIZEOF_SIZE_T 4
| #define HAVE_EXIT_SUCCESS 1
| #define HAVE_MUTEX_PTHREADS 1
| #define HAVE_MUTEX_SUPPORT 1
| #define HAVE_SHARED_LATCHES 1
| #define HAVE_SIMPLE_THREAD_TYPE 1
| /* end confdefs.h.  */
| 
| 
| int
| main ()
| {
| return main ();
|   ;
|   return 0;
| }
configure:20669: result: no
configure:20689: checking for abort
configure:20689: /opt/buildroot-gcc463/usr/bin/mipsel-linux-gcc -o conftest -Os   -D_GNU_SOURCE -D_REENTRANT  conftest.c  -lpthread >&5
conftest.c:70:6: warning: conflicting types for built-in function 'abort' [enabled by default]
configure:20689: $? = 0
configure:20689: result: yes
configure:20689: checking for atoi
configure:20689: /opt/buildroot-gcc463/usr/bin/mipsel-linux-gcc -o conftest -Os   -D_GNU_SOURCE -D_REENTRANT  conftest.c  -lpthread >&5
configure:20689: $? = 0
configure:20689: result: yes
configure:20689: checking for atol
configure:20689: /opt/buildroot-gcc463/usr/bin/mipsel-linux-gcc -o conftest -Os   -D_GNU_SOURCE -D_REENTRANT  conftest.c  -lpthread >&5
configure:20689: $? = 0
configure:20689: result: yes
configure:20689: checking for getcwd
configure:20689: /opt/buildroot-gcc463/usr/bin/mipsel-linux-gcc -o conftest -Os   -D_GNU_SOURCE -D_REENTRANT  conftest.c  -lpthread >&5
configure:20689: $? = 0
configure:20689: result: yes
configure:20689: checking for getenv
configure:20689: /opt/buildroot-gcc463/usr/bin/mipsel-linux-gcc -o conftest -Os   -D_GNU_SOURCE -D_REENTRANT  conftest.c  -lpthread >&5
configure:20689: $? = 0
configure:20689: result: yes
configure:20689: checking for getopt
configure:20689: /opt/buildroot-gcc463/usr/bin/mipsel-linux-gcc -o conftest -Os   -D_GNU_SOURCE -D_REENTRANT  conftest.c  -lpthread >&5
configure:20689: $? = 0
configure:20689: result: yes
configure:20689: checking for isalpha
configure:20689: /opt/buildroot-gcc463/usr/bin/mipsel-linux-gcc -o conftest -Os   -D_GNU_SOURCE -D_REENTRANT  conftest.c  -lpthread >&5
conftest.c:76:6: warning: conflicting types for built-in function 'isalpha' [enabled by default]
configure:20689: $? = 0
configure:20689: result: yes
configure:20689: checking for isdigit
configure:20689: /opt/buildroot-gcc463/usr/bin/mipsel-linux-gcc -o conftest -Os   -D_GNU_SOURCE -D_REENTRANT  conftest.c  -lpthread >&5
conftest.c:77:6: warning: conflicting types for built-in function 'isdigit' [enabled by default]
configure:20689: $? = 0
configure:20689: result: yes
configure:20689: checking for isprint
configure:20689: /opt/buildroot-gcc463/usr/bin/mipsel-linux-gcc -o conftest -Os   -D_GNU_SOURCE -D_REENTRANT  conftest.c  -lpthread >&5
conftest.c:78:6: warning: conflicting types for built-in function 'isprint' [enabled by default]
configure:20689: $? = 0
configure:20689: result: yes
configure:20689: checking for isspace
configure:20689: /opt/buildroot-gcc463/usr/bin/mipsel-linux-gcc -o conftest -Os   -D_GNU_SOURCE -D_REENTRANT  conftest.c  -lpthread >&5
conftest.c:79:6: warning: conflicting types for built-in function 'isspace' [enabled by default]
configure:20689: $? = 0
configure:20689: result: yes
configure:20689: checking for memcmp
configure:20689: /opt/buildroot-gcc463/usr/bin/mipsel-linux-gcc -o conftest -Os   -D_GNU_SOURCE -D_REENTRANT  conftest.c  -lpthread >&5
conftest.c:80:6: warning: conflicting types for built-in function 'memcmp' [enabled by default]
configure:20689: $? = 0
configure:20689: result: yes
configure:20689: checking for memcpy
configure:20689: /opt/buildroot-gcc463/usr/bin/mipsel-linux-gcc -o conftest -Os   -D_GNU_SOURCE -D_REENTRANT  conftest.c  -lpthread >&5
conftest.c:81:6: warning: conflicting types for built-in function 'memcpy' [enabled by default]
configure:20689: $? = 0
configure:20689: result: yes
configure:20689: checking for memmove
configure:20689: /opt/buildroot-gcc463/usr/bin/mipsel-linux-gcc -o conftest -Os   -D_GNU_SOURCE -D_REENTRANT  conftest.c  -lpthread >&5
conftest.c:82:6: warning: conflicting types for built-in function 'memmove' [enabled by default]
configure:20689: $? = 0
configure:20689: result: yes
configure:20689: checking for printf
configure:20689: /opt/buildroot-gcc463/usr/bin/mipsel-linux-gcc -o conftest -Os   -D_GNU_SOURCE -D_REENTRANT  conftest.c  -lpthread >&5
conftest.c:83:6: warning: conflicting types for built-in function 'printf' [enabled by default]
configure:20689: $? = 0
configure:20689: result: yes
configure:20689: checking for qsort
configure:20689: /opt/buildroot-gcc463/usr/bin/mipsel-linux-gcc -o conftest -Os   -D_GNU_SOURCE -D_REENTRANT  conftest.c  -lpthread >&5
configure:20689: $? = 0
configure:20689: result: yes
configure:20689: checking for raise
configure:20689: /opt/buildroot-gcc463/usr/bin/mipsel-linux-gcc -o conftest -Os   -D_GNU_SOURCE -D_REENTRANT  conftest.c  -lpthread >&5
configure:20689: $? = 0
configure:20689: result: yes
configure:20689: checking for rand
configure:20689: /opt/buildroot-gcc463/usr/bin/mipsel-linux-gcc -o conftest -Os   -D_GNU_SOURCE -D_REENTRANT  conftest.c  -lpthread >&5
configure:20689: $? = 0
configure:20689: result: yes
configure:20689: checking for strcasecmp
configure:20689: /opt/buildroot-gcc463/usr/bin/mipsel-linux-gcc -o conftest -Os   -D_GNU_SOURCE -D_REENTRANT  conftest.c  -lpthread >&5
conftest.c:87:6: warning: conflicting types for built-in function 'strcasecmp' [enabled by default]
configure:20689: $? = 0
configure:20689: result: yes
configure:20689: checking for strcat
configure:20689: /opt/buildroot-gcc463/usr/bin/mipsel-linux-gcc -o conftest -Os   -D_GNU_SOURCE -D_REENTRANT  conftest.c  -lpthread >&5
conftest.c:88:6: warning: conflicting types for built-in function 'strcat' [enabled by default]
configure:20689: $? = 0
configure:20689: result: yes
configure:20689: checking for strchr
configure:20689: /opt/buildroot-gcc463/usr/bin/mipsel-linux-gcc -o conftest -Os   -D_GNU_SOURCE -D_REENTRANT  conftest.c  -lpthread >&5
conftest.c:89:6: warning: conflicting types for built-in function 'strchr' [enabled by default]
configure:20689: $? = 0
configure:20689: result: yes
configure:20689: checking for strdup
configure:20689: /opt/buildroot-gcc463/usr/bin/mipsel-linux-gcc -o conftest -Os   -D_GNU_SOURCE -D_REENTRANT  conftest.c  -lpthread >&5
conftest.c:90:6: warning: conflicting types for built-in function 'strdup' [enabled by default]
configure:20689: $? = 0
configure:20689: result: yes
configure:20689: checking for strerror
configure:20689: /opt/buildroot-gcc463/usr/bin/mipsel-linux-gcc -o conftest -Os   -D_GNU_SOURCE -D_REENTRANT  conftest.c  -lpthread >&5
configure:20689: $? = 0
configure:20689: result: yes
configure:20689: checking for strncat
configure:20689: /opt/buildroot-gcc463/usr/bin/mipsel-linux-gcc -o conftest -Os   -D_GNU_SOURCE -D_REENTRANT  conftest.c  -lpthread >&5
conftest.c:92:6: warning: conflicting types for built-in function 'strncat' [enabled by default]
configure:20689: $? = 0
configure:20689: result: yes
configure:20689: checking for strncmp
configure:20689: /opt/buildroot-gcc463/usr/bin/mipsel-linux-gcc -o conftest -Os   -D_GNU_SOURCE -D_REENTRANT  conftest.c  -lpthread >&5
conftest.c:93:6: warning: conflicting types for built-in function 'strncmp' [enabled by default]
configure:20689: $? = 0
configure:20689: result: yes
configure:20689: checking for strrchr
configure:20689: /opt/buildroot-gcc463/usr/bin/mipsel-linux-gcc -o conftest -Os   -D_GNU_SOURCE -D_REENTRANT  conftest.c  -lpthread >&5
conftest.c:94:6: warning: conflicting types for built-in function 'strrchr' [enabled by default]
configure:20689: $? = 0
configure:20689: result: yes
configure:20689: checking for strsep
configure:20689: /opt/buildroot-gcc463/usr/bin/mipsel-linux-gcc -o conftest -Os   -D_GNU_SOURCE -D_REENTRANT  conftest.c  -lpthread >&5
configure:20689: $? = 0
configure:20689: result: yes
configure:20689: checking for strtol
configure:20689: /opt/buildroot-gcc463/usr/bin/mipsel-linux-gcc -o conftest -Os   -D_GNU_SOURCE -D_REENTRANT  conftest.c  -lpthread >&5
configure:20689: $? = 0
configure:20689: result: yes
configure:20689: checking for strtoul
configure:20689: /opt/buildroot-gcc463/usr/bin/mipsel-linux-gcc -o conftest -Os   -D_GNU_SOURCE -D_REENTRANT  conftest.c  -lpthread >&5
configure:20689: $? = 0
configure:20689: result: yes
configure:20717: checking for _fstati64
configure:20717: /opt/buildroot-gcc463/usr/bin/mipsel-linux-gcc -o conftest -Os   -D_GNU_SOURCE -D_REENTRANT  conftest.c  -lpthread >&5
/tmp/ccXiHnSQ.o: In function `main':
conftest.c:(.text.startup+0x8): undefined reference to `_fstati64'
conftest.c:(.text.startup+0x18): undefined reference to `_fstati64'
collect2: ld returned 1 exit status
configure:20717: $? = 1
configure: failed program was:
| /* confdefs.h */
| #define PACKAGE_NAME "Berkeley DB"
| #define PACKAGE_TARNAME "db-4.8.30"
| #define PACKAGE_VERSION "4.8.30"
| #define PACKAGE_STRING "Berkeley DB 4.8.30"
| #define PACKAGE_BUGREPORT "Oracle Technology Network Berkeley DB forum"
| #define PACKAGE_URL ""
| #define UMRW 1
| #define HAVE_UPGRADE_SUPPORT 1
| #define STDC_HEADERS 1
| #define HAVE_SYS_TYPES_H 1
| #define HAVE_SYS_STAT_H 1
| #define HAVE_STDLIB_H 1
| #define HAVE_STRING_H 1
| #define HAVE_MEMORY_H 1
| #define HAVE_STRINGS_H 1
| #define HAVE_INTTYPES_H 1
| #define HAVE_STDINT_H 1
| #define HAVE_UNISTD_H 1
| #define HAVE_DLFCN_H 1
| #define LT_OBJDIR ".libs/"
| #define HAVE_SYSTEM_INCLUDE_FILES 1
| #define TIME_WITH_SYS_TIME 1
| #define HAVE_DIRENT_H 1
| #define HAVE_SYS_SELECT_H 1
| #define HAVE_SYS_SOCKET_H 1
| #define HAVE_SYS_TIME_H 1
| #define HAVE_STRUCT_STAT_ST_BLKSIZE 1
| #define SIZEOF_CHAR 1
| #define SIZEOF_UNSIGNED_CHAR 1
| #define SIZEOF_SHORT 2
| #define SIZEOF_UNSIGNED_SHORT 2
| #define SIZEOF_INT 4
| #define SIZEOF_UNSIGNED_INT 4
| #define SIZEOF_LONG 4
| #define SIZEOF_UNSIGNED_LONG 4
| #define SIZEOF_LONG_LONG 8
| #define SIZEOF_UNSIGNED_LONG_LONG 8
| #define SIZEOF_CHAR_P 4
| #define SIZEOF_SIZE_T 4
| #define HAVE_EXIT_SUCCESS 1
| #define HAVE_MUTEX_PTHREADS 1
| #define HAVE_MUTEX_SUPPORT 1
| #define HAVE_SHARED_LATCHES 1
| #define HAVE_SIMPLE_THREAD_TYPE 1
| #define HAVE_ABORT 1
| #define HAVE_ATOI 1
| #define HAVE_ATOL 1
| #define HAVE_GETCWD 1
| #define HAVE_GETENV 1
| #define HAVE_GETOPT 1
| #define HAVE_ISALPHA 1
| #define HAVE_ISDIGIT 1
| #define HAVE_ISPRINT 1
| #define HAVE_ISSPACE 1
| #define HAVE_MEMCMP 1
| #define HAVE_MEMCPY 1
| #define HAVE_MEMMOVE 1
| #define HAVE_PRINTF 1
| #define HAVE_QSORT 1
| #define HAVE_RAISE 1
| #define HAVE_RAND 1
| #define HAVE_STRCASECMP 1
| #define HAVE_STRCAT 1
| #define HAVE_STRCHR 1
| #define HAVE_STRDUP 1
| #define HAVE_STRERROR 1
| #define HAVE_STRNCAT 1
| #define HAVE_STRNCMP 1
| #define HAVE_STRRCHR 1
| #define HAVE_STRSEP 1
| #define HAVE_STRTOL 1
| #define HAVE_STRTOUL 1
| /* end confdefs.h.  */
| /* Define _fstati64 to an innocuous variant, in case <limits.h> declares _fstati64.
|    For example, HP-UX 11i <limits.h> declares gettimeofday.  */
| #define _fstati64 innocuous__fstati64
| 
| /* System header to define __stub macros and hopefully few prototypes,
|     which can conflict with char _fstati64 (); below.
|     Prefer <limits.h> to <assert.h> if __STDC__ is defined, since
|     <limits.h> exists even on freestanding compilers.  */
| 
| #ifdef __STDC__
| # include <limits.h>
| #else
| # include <assert.h>
| #endif
| 
| #undef _fstati64
| 
| /* Override any GCC internal prototype to avoid an error.
|    Use char because int might match the return type of a GCC
|    builtin and then its argument prototype would still apply.  */
| #ifdef __cplusplus
| extern "C"
| #endif
| char _fstati64 ();
| /* The GNU C library defines this for functions which it implements
|     to always fail with ENOSYS.  Some functions are actually named
|     something starting with __ and the normal name is an alias.  */
| #if defined __stub__fstati64 || defined __stub____fstati64
| choke me
| #endif
| 
| int
| main ()
| {
| return _fstati64 ();
|   ;
|   return 0;
| }
configure:20717: result: no
configure:20717: checking for backtrace
configure:20717: /opt/buildroot-gcc463/usr/bin/mipsel-linux-gcc -o conftest -Os   -D_GNU_SOURCE -D_REENTRANT  conftest.c  -lpthread >&5
/tmp/cc7P5WVX.o: In function `main':
conftest.c:(.text.startup+0x8): undefined reference to `backtrace'
conftest.c:(.text.startup+0x18): undefined reference to `backtrace'
collect2: ld returned 1 exit status
configure:20717: $? = 1
configure: failed program was:
| /* confdefs.h */
| #define PACKAGE_NAME "Berkeley DB"
| #define PACKAGE_TARNAME "db-4.8.30"
| #define PACKAGE_VERSION "4.8.30"
| #define PACKAGE_STRING "Berkeley DB 4.8.30"
| #define PACKAGE_BUGREPORT "Oracle Technology Network Berkeley DB forum"
| #define PACKAGE_URL ""
| #define UMRW 1
| #define HAVE_UPGRADE_SUPPORT 1
| #define STDC_HEADERS 1
| #define HAVE_SYS_TYPES_H 1
| #define HAVE_SYS_STAT_H 1
| #define HAVE_STDLIB_H 1
| #define HAVE_STRING_H 1
| #define HAVE_MEMORY_H 1
| #define HAVE_STRINGS_H 1
| #define HAVE_INTTYPES_H 1
| #define HAVE_STDINT_H 1
| #define HAVE_UNISTD_H 1
| #define HAVE_DLFCN_H 1
| #define LT_OBJDIR ".libs/"
| #define HAVE_SYSTEM_INCLUDE_FILES 1
| #define TIME_WITH_SYS_TIME 1
| #define HAVE_DIRENT_H 1
| #define HAVE_SYS_SELECT_H 1
| #define HAVE_SYS_SOCKET_H 1
| #define HAVE_SYS_TIME_H 1
| #define HAVE_STRUCT_STAT_ST_BLKSIZE 1
| #define SIZEOF_CHAR 1
| #define SIZEOF_UNSIGNED_CHAR 1
| #define SIZEOF_SHORT 2
| #define SIZEOF_UNSIGNED_SHORT 2
| #define SIZEOF_INT 4
| #define SIZEOF_UNSIGNED_INT 4
| #define SIZEOF_LONG 4
| #define SIZEOF_UNSIGNED_LONG 4
| #define SIZEOF_LONG_LONG 8
| #define SIZEOF_UNSIGNED_LONG_LONG 8
| #define SIZEOF_CHAR_P 4
| #define SIZEOF_SIZE_T 4
| #define HAVE_EXIT_SUCCESS 1
| #define HAVE_MUTEX_PTHREADS 1
| #define HAVE_MUTEX_SUPPORT 1
| #define HAVE_SHARED_LATCHES 1
| #define HAVE_SIMPLE_THREAD_TYPE 1
| #define HAVE_ABORT 1
| #define HAVE_ATOI 1
| #define HAVE_ATOL 1
| #define HAVE_GETCWD 1
| #define HAVE_GETENV 1
| #define HAVE_GETOPT 1
| #define HAVE_ISALPHA 1
| #define HAVE_ISDIGIT 1
| #define HAVE_ISPRINT 1
| #define HAVE_ISSPACE 1
| #define HAVE_MEMCMP 1
| #define HAVE_MEMCPY 1
| #define HAVE_MEMMOVE 1
| #define HAVE_PRINTF 1
| #define HAVE_QSORT 1
| #define HAVE_RAISE 1
| #define HAVE_RAND 1
| #define HAVE_STRCASECMP 1
| #define HAVE_STRCAT 1
| #define HAVE_STRCHR 1
| #define HAVE_STRDUP 1
| #define HAVE_STRERROR 1
| #define HAVE_STRNCAT 1
| #define HAVE_STRNCMP 1
| #define HAVE_STRRCHR 1
| #define HAVE_STRSEP 1
| #define HAVE_STRTOL 1
| #define HAVE_STRTOUL 1
| /* end confdefs.h.  */
| /* Define backtrace to an innocuous variant, in case <limits.h> declares backtrace.
|    For example, HP-UX 11i <limits.h> declares gettimeofday.  */
| #define backtrace innocuous_backtrace
| 
| /* System header to define __stub macros and hopefully few prototypes,
|     which can conflict with char backtrace (); below.
|     Prefer <limits.h> to <assert.h> if __STDC__ is defined, since
|     <limits.h> exists even on freestanding compilers.  */
| 
| #ifdef __STDC__
| # include <limits.h>
| #else
| # include <assert.h>
| #endif
| 
| #undef backtrace
| 
| /* Override any GCC internal prototype to avoid an error.
|    Use char because int might match the return type of a GCC
|    builtin and then its argument prototype would still apply.  */
| #ifdef __cplusplus
| extern "C"
| #endif
| char backtrace ();
| /* The GNU C library defines this for functions which it implements
|     to always fail with ENOSYS.  Some functions are actually named
|     something starting with __ and the normal name is an alias.  */
| #if defined __stub_backtrace || defined __stub___backtrace
| choke me
| #endif
| 
| int
| main ()
| {
| return backtrace ();
|   ;
|   return 0;
| }
configure:20717: result: no
configure:20717: checking for backtrace_symbols
configure:20717: /opt/buildroot-gcc463/usr/bin/mipsel-linux-gcc -o conftest -Os   -D_GNU_SOURCE -D_REENTRANT  conftest.c  -lpthread >&5
/tmp/cc1kwF8Y.o: In function `main':
conftest.c:(.text.startup+0x8): undefined reference to `backtrace_symbols'
conftest.c:(.text.startup+0x18): undefined reference to `backtrace_symbols'
collect2: ld returned 1 exit status
configure:20717: $? = 1
configure: failed program was:
| /* confdefs.h */
| #define PACKAGE_NAME "Berkeley DB"
| #define PACKAGE_TARNAME "db-4.8.30"
| #define PACKAGE_VERSION "4.8.30"
| #define PACKAGE_STRING "Berkeley DB 4.8.30"
| #define PACKAGE_BUGREPORT "Oracle Technology Network Berkeley DB forum"
| #define PACKAGE_URL ""
| #define UMRW 1
| #define HAVE_UPGRADE_SUPPORT 1
| #define STDC_HEADERS 1
| #define HAVE_SYS_TYPES_H 1
| #define HAVE_SYS_STAT_H 1
| #define HAVE_STDLIB_H 1
| #define HAVE_STRING_H 1
| #define HAVE_MEMORY_H 1
| #define HAVE_STRINGS_H 1
| #define HAVE_INTTYPES_H 1
| #define HAVE_STDINT_H 1
| #define HAVE_UNISTD_H 1
| #define HAVE_DLFCN_H 1
| #define LT_OBJDIR ".libs/"
| #define HAVE_SYSTEM_INCLUDE_FILES 1
| #define TIME_WITH_SYS_TIME 1
| #define HAVE_DIRENT_H 1
| #define HAVE_SYS_SELECT_H 1
| #define HAVE_SYS_SOCKET_H 1
| #define HAVE_SYS_TIME_H 1
| #define HAVE_STRUCT_STAT_ST_BLKSIZE 1
| #define SIZEOF_CHAR 1
| #define SIZEOF_UNSIGNED_CHAR 1
| #define SIZEOF_SHORT 2
| #define SIZEOF_UNSIGNED_SHORT 2
| #define SIZEOF_INT 4
| #define SIZEOF_UNSIGNED_INT 4
| #define SIZEOF_LONG 4
| #define SIZEOF_UNSIGNED_LONG 4
| #define SIZEOF_LONG_LONG 8
| #define SIZEOF_UNSIGNED_LONG_LONG 8
| #define SIZEOF_CHAR_P 4
| #define SIZEOF_SIZE_T 4
| #define HAVE_EXIT_SUCCESS 1
| #define HAVE_MUTEX_PTHREADS 1
| #define HAVE_MUTEX_SUPPORT 1
| #define HAVE_SHARED_LATCHES 1
| #define HAVE_SIMPLE_THREAD_TYPE 1
| #define HAVE_ABORT 1
| #define HAVE_ATOI 1
| #define HAVE_ATOL 1
| #define HAVE_GETCWD 1
| #define HAVE_GETENV 1
| #define HAVE_GETOPT 1
| #define HAVE_ISALPHA 1
| #define HAVE_ISDIGIT 1
| #define HAVE_ISPRINT 1
| #define HAVE_ISSPACE 1
| #define HAVE_MEMCMP 1
| #define HAVE_MEMCPY 1
| #define HAVE_MEMMOVE 1
| #define HAVE_PRINTF 1
| #define HAVE_QSORT 1
| #define HAVE_RAISE 1
| #define HAVE_RAND 1
| #define HAVE_STRCASECMP 1
| #define HAVE_STRCAT 1
| #define HAVE_STRCHR 1
| #define HAVE_STRDUP 1
| #define HAVE_STRERROR 1
| #define HAVE_STRNCAT 1
| #define HAVE_STRNCMP 1
| #define HAVE_STRRCHR 1
| #define HAVE_STRSEP 1
| #define HAVE_STRTOL 1
| #define HAVE_STRTOUL 1
| /* end confdefs.h.  */
| /* Define backtrace_symbols to an innocuous variant, in case <limits.h> declares backtrace_symbols.
|    For example, HP-UX 11i <limits.h> declares gettimeofday.  */
| #define backtrace_symbols innocuous_backtrace_symbols
| 
| /* System header to define __stub macros and hopefully few prototypes,
|     which can conflict with char backtrace_symbols (); below.
|     Prefer <limits.h> to <assert.h> if __STDC__ is defined, since
|     <limits.h> exists even on freestanding compilers.  */
| 
| #ifdef __STDC__
| # include <limits.h>
| #else
| # include <assert.h>
| #endif
| 
| #undef backtrace_symbols
| 
| /* Override any GCC internal prototype to avoid an error.
|    Use char because int might match the return type of a GCC
|    builtin and then its argument prototype would still apply.  */
| #ifdef __cplusplus
| extern "C"
| #endif
| char backtrace_symbols ();
| /* The GNU C library defines this for functions which it implements
|     to always fail with ENOSYS.  Some functions are actually named
|     something starting with __ and the normal name is an alias.  */
| #if defined __stub_backtrace_symbols || defined __stub___backtrace_symbols
| choke me
| #endif
| 
| int
| main ()
| {
| return backtrace_symbols ();
|   ;
|   return 0;
| }
configure:20717: result: no
configure:20717: checking for directio
configure:20717: /opt/buildroot-gcc463/usr/bin/mipsel-linux-gcc -o conftest -Os   -D_GNU_SOURCE -D_REENTRANT  conftest.c  -lpthread >&5
/tmp/ccgkMcWW.o: In function `main':
conftest.c:(.text.startup+0x8): undefined reference to `directio'
conftest.c:(.text.startup+0x18): undefined reference to `directio'
collect2: ld returned 1 exit status
configure:20717: $? = 1
configure: failed program was:
| /* confdefs.h */
| #define PACKAGE_NAME "Berkeley DB"
| #define PACKAGE_TARNAME "db-4.8.30"
| #define PACKAGE_VERSION "4.8.30"
| #define PACKAGE_STRING "Berkeley DB 4.8.30"
| #define PACKAGE_BUGREPORT "Oracle Technology Network Berkeley DB forum"
| #define PACKAGE_URL ""
| #define UMRW 1
| #define HAVE_UPGRADE_SUPPORT 1
| #define STDC_HEADERS 1
| #define HAVE_SYS_TYPES_H 1
| #define HAVE_SYS_STAT_H 1
| #define HAVE_STDLIB_H 1
| #define HAVE_STRING_H 1
| #define HAVE_MEMORY_H 1
| #define HAVE_STRINGS_H 1
| #define HAVE_INTTYPES_H 1
| #define HAVE_STDINT_H 1
| #define HAVE_UNISTD_H 1
| #define HAVE_DLFCN_H 1
| #define LT_OBJDIR ".libs/"
| #define HAVE_SYSTEM_INCLUDE_FILES 1
| #define TIME_WITH_SYS_TIME 1
| #define HAVE_DIRENT_H 1
| #define HAVE_SYS_SELECT_H 1
| #define HAVE_SYS_SOCKET_H 1
| #define HAVE_SYS_TIME_H 1
| #define HAVE_STRUCT_STAT_ST_BLKSIZE 1
| #define SIZEOF_CHAR 1
| #define SIZEOF_UNSIGNED_CHAR 1
| #define SIZEOF_SHORT 2
| #define SIZEOF_UNSIGNED_SHORT 2
| #define SIZEOF_INT 4
| #define SIZEOF_UNSIGNED_INT 4
| #define SIZEOF_LONG 4
| #define SIZEOF_UNSIGNED_LONG 4
| #define SIZEOF_LONG_LONG 8
| #define SIZEOF_UNSIGNED_LONG_LONG 8
| #define SIZEOF_CHAR_P 4
| #define SIZEOF_SIZE_T 4
| #define HAVE_EXIT_SUCCESS 1
| #define HAVE_MUTEX_PTHREADS 1
| #define HAVE_MUTEX_SUPPORT 1
| #define HAVE_SHARED_LATCHES 1
| #define HAVE_SIMPLE_THREAD_TYPE 1
| #define HAVE_ABORT 1
| #define HAVE_ATOI 1
| #define HAVE_ATOL 1
| #define HAVE_GETCWD 1
| #define HAVE_GETENV 1
| #define HAVE_GETOPT 1
| #define HAVE_ISALPHA 1
| #define HAVE_ISDIGIT 1
| #define HAVE_ISPRINT 1
| #define HAVE_ISSPACE 1
| #define HAVE_MEMCMP 1
| #define HAVE_MEMCPY 1
| #define HAVE_MEMMOVE 1
| #define HAVE_PRINTF 1
| #define HAVE_QSORT 1
| #define HAVE_RAISE 1
| #define HAVE_RAND 1
| #define HAVE_STRCASECMP 1
| #define HAVE_STRCAT 1
| #define HAVE_STRCHR 1
| #define HAVE_STRDUP 1
| #define HAVE_STRERROR 1
| #define HAVE_STRNCAT 1
| #define HAVE_STRNCMP 1
| #define HAVE_STRRCHR 1
| #define HAVE_STRSEP 1
| #define HAVE_STRTOL 1
| #define HAVE_STRTOUL 1
| /* end confdefs.h.  */
| /* Define directio to an innocuous variant, in case <limits.h> declares directio.
|    For example, HP-UX 11i <limits.h> declares gettimeofday.  */
| #define directio innocuous_directio
| 
| /* System header to define __stub macros and hopefully few prototypes,
|     which can conflict with char directio (); below.
|     Prefer <limits.h> to <assert.h> if __STDC__ is defined, since
|     <limits.h> exists even on freestanding compilers.  */
| 
| #ifdef __STDC__
| # include <limits.h>
| #else
| # include <assert.h>
| #endif
| 
| #undef directio
| 
| /* Override any GCC internal prototype to avoid an error.
|    Use char because int might match the return type of a GCC
|    builtin and then its argument prototype would still apply.  */
| #ifdef __cplusplus
| extern "C"
| #endif
| char directio ();
| /* The GNU C library defines this for functions which it implements
|     to always fail with ENOSYS.  Some functions are actually named
|     something starting with __ and the normal name is an alias.  */
| #if defined __stub_directio || defined __stub___directio
| choke me
| #endif
| 
| int
| main ()
| {
| return directio ();
|   ;
|   return 0;
| }
configure:20717: result: no
configure:20717: checking for fchmod
configure:20717: /opt/buildroot-gcc463/usr/bin/mipsel-linux-gcc -o conftest -Os   -D_GNU_SOURCE -D_REENTRANT  conftest.c  -lpthread >&5
configure:20717: $? = 0
configure:20717: result: yes
configure:20717: checking for fclose
configure:20717: /opt/buildroot-gcc463/usr/bin/mipsel-linux-gcc -o conftest -Os   -D_GNU_SOURCE -D_REENTRANT  conftest.c  -lpthread >&5
configure:20717: $? = 0
configure:20717: result: yes
configure:20717: checking for fcntl
configure:20717: /opt/buildroot-gcc463/usr/bin/mipsel-linux-gcc -o conftest -Os   -D_GNU_SOURCE -D_REENTRANT  conftest.c  -lpthread >&5
configure:20717: $? = 0
configure:20717: result: yes
configure:20717: checking for fdatasync
configure:20717: /opt/buildroot-gcc463/usr/bin/mipsel-linux-gcc -o conftest -Os   -D_GNU_SOURCE -D_REENTRANT  conftest.c  -lpthread >&5
configure:20717: $? = 0
configure:20717: result: yes
configure:20717: checking for fgetc
configure:20717: /opt/buildroot-gcc463/usr/bin/mipsel-linux-gcc -o conftest -Os   -D_GNU_SOURCE -D_REENTRANT  conftest.c  -lpthread >&5
configure:20717: $? = 0
configure:20717: result: yes
configure:20717: checking for fgets
configure:20717: /opt/buildroot-gcc463/usr/bin/mipsel-linux-gcc -o conftest -Os   -D_GNU_SOURCE -D_REENTRANT  conftest.c  -lpthread >&5
configure:20717: $? = 0
configure:20717: result: yes
configure:20717: checking for fopen
configure:20717: /opt/buildroot-gcc463/usr/bin/mipsel-linux-gcc -o conftest -Os   -D_GNU_SOURCE -D_REENTRANT  conftest.c  -lpthread >&5
configure:20717: $? = 0
configure:20717: result: yes
configure:20717: checking for fwrite
configure:20717: /opt/buildroot-gcc463/usr/bin/mipsel-linux-gcc -o conftest -Os   -D_GNU_SOURCE -D_REENTRANT  conftest.c  -lpthread >&5
conftest.c:105:6: warning: conflicting types for built-in function 'fwrite' [enabled by default]
configure:20717: $? = 0
configure:20717: result: yes
configure:20717: checking for getgid
configure:20717: /opt/buildroot-gcc463/usr/bin/mipsel-linux-gcc -o conftest -Os   -D_GNU_SOURCE -D_REENTRANT  conftest.c  -lpthread >&5
configure:20717: $? = 0
configure:20717: result: yes
configure:20717: checking for getrusage
configure:20717: /opt/buildroot-gcc463/usr/bin/mipsel-linux-gcc -o conftest -Os   -D_GNU_SOURCE -D_REENTRANT  conftest.c  -lpthread >&5
configure:20717: $? = 0
configure:20717: result: yes
configure:20717: checking for getuid
configure:20717: /opt/buildroot-gcc463/usr/bin/mipsel-linux-gcc -o conftest -Os   -D_GNU_SOURCE -D_REENTRANT  conftest.c  -lpthread >&5
configure:20717: $? = 0
configure:20717: result: yes
configure:20717: checking for hstrerror
configure:20717: /opt/buildroot-gcc463/usr/bin/mipsel-linux-gcc -o conftest -Os   -D_GNU_SOURCE -D_REENTRANT  conftest.c  -lpthread >&5
configure:20717: $? = 0
configure:20717: result: yes
configure:20717: checking for mprotect
configure:20717: /opt/buildroot-gcc463/usr/bin/mipsel-linux-gcc -o conftest -Os   -D_GNU_SOURCE -D_REENTRANT  conftest.c  -lpthread >&5
configure:20717: $? = 0
configure:20717: result: yes
configure:20717: checking for pstat_getdynamic
configure:20717: /opt/buildroot-gcc463/usr/bin/mipsel-linux-gcc -o conftest -Os   -D_GNU_SOURCE -D_REENTRANT  conftest.c  -lpthread >&5
/tmp/ccaHVRxM.o: In function `main':
conftest.c:(.text.startup+0x8): undefined reference to `pstat_getdynamic'
conftest.c:(.text.startup+0x18): undefined reference to `pstat_getdynamic'
collect2: ld returned 1 exit status
configure:20717: $? = 1
configure: failed program was:
| /* confdefs.h */
| #define PACKAGE_NAME "Berkeley DB"
| #define PACKAGE_TARNAME "db-4.8.30"
| #define PACKAGE_VERSION "4.8.30"
| #define PACKAGE_STRING "Berkeley DB 4.8.30"
| #define PACKAGE_BUGREPORT "Oracle Technology Network Berkeley DB forum"
| #define PACKAGE_URL ""
| #define UMRW 1
| #define HAVE_UPGRADE_SUPPORT 1
| #define STDC_HEADERS 1
| #define HAVE_SYS_TYPES_H 1
| #define HAVE_SYS_STAT_H 1
| #define HAVE_STDLIB_H 1
| #define HAVE_STRING_H 1
| #define HAVE_MEMORY_H 1
| #define HAVE_STRINGS_H 1
| #define HAVE_INTTYPES_H 1
| #define HAVE_STDINT_H 1
| #define HAVE_UNISTD_H 1
| #define HAVE_DLFCN_H 1
| #define LT_OBJDIR ".libs/"
| #define HAVE_SYSTEM_INCLUDE_FILES 1
| #define TIME_WITH_SYS_TIME 1
| #define HAVE_DIRENT_H 1
| #define HAVE_SYS_SELECT_H 1
| #define HAVE_SYS_SOCKET_H 1
| #define HAVE_SYS_TIME_H 1
| #define HAVE_STRUCT_STAT_ST_BLKSIZE 1
| #define SIZEOF_CHAR 1
| #define SIZEOF_UNSIGNED_CHAR 1
| #define SIZEOF_SHORT 2
| #define SIZEOF_UNSIGNED_SHORT 2
| #define SIZEOF_INT 4
| #define SIZEOF_UNSIGNED_INT 4
| #define SIZEOF_LONG 4
| #define SIZEOF_UNSIGNED_LONG 4
| #define SIZEOF_LONG_LONG 8
| #define SIZEOF_UNSIGNED_LONG_LONG 8
| #define SIZEOF_CHAR_P 4
| #define SIZEOF_SIZE_T 4
| #define HAVE_EXIT_SUCCESS 1
| #define HAVE_MUTEX_PTHREADS 1
| #define HAVE_MUTEX_SUPPORT 1
| #define HAVE_SHARED_LATCHES 1
| #define HAVE_SIMPLE_THREAD_TYPE 1
| #define HAVE_ABORT 1
| #define HAVE_ATOI 1
| #define HAVE_ATOL 1
| #define HAVE_GETCWD 1
| #define HAVE_GETENV 1
| #define HAVE_GETOPT 1
| #define HAVE_ISALPHA 1
| #define HAVE_ISDIGIT 1
| #define HAVE_ISPRINT 1
| #define HAVE_ISSPACE 1
| #define HAVE_MEMCMP 1
| #define HAVE_MEMCPY 1
| #define HAVE_MEMMOVE 1
| #define HAVE_PRINTF 1
| #define HAVE_QSORT 1
| #define HAVE_RAISE 1
| #define HAVE_RAND 1
| #define HAVE_STRCASECMP 1
| #define HAVE_STRCAT 1
| #define HAVE_STRCHR 1
| #define HAVE_STRDUP 1
| #define HAVE_STRERROR 1
| #define HAVE_STRNCAT 1
| #define HAVE_STRNCMP 1
| #define HAVE_STRRCHR 1
| #define HAVE_STRSEP 1
| #define HAVE_STRTOL 1
| #define HAVE_STRTOUL 1
| #define HAVE_FCHMOD 1
| #define HAVE_FCLOSE 1
| #define HAVE_FCNTL 1
| #define HAVE_FDATASYNC 1
| #define HAVE_FGETC 1
| #define HAVE_FGETS 1
| #define HAVE_FOPEN 1
| #define HAVE_FWRITE 1
| #define HAVE_GETGID 1
| #define HAVE_GETRUSAGE 1
| #define HAVE_GETUID 1
| #define HAVE_HSTRERROR 1
| #define HAVE_MPROTECT 1
| /* end confdefs.h.  */
| /* Define pstat_getdynamic to an innocuous variant, in case <limits.h> declares pstat_getdynamic.
|    For example, HP-UX 11i <limits.h> declares gettimeofday.  */
| #define pstat_getdynamic innocuous_pstat_getdynamic
| 
| /* System header to define __stub macros and hopefully few prototypes,
|     which can conflict with char pstat_getdynamic (); below.
|     Prefer <limits.h> to <assert.h> if __STDC__ is defined, since
|     <limits.h> exists even on freestanding compilers.  */
| 
| #ifdef __STDC__
| # include <limits.h>
| #else
| # include <assert.h>
| #endif
| 
| #undef pstat_getdynamic
| 
| /* Override any GCC internal prototype to avoid an error.
|    Use char because int might match the return type of a GCC
|    builtin and then its argument prototype would still apply.  */
| #ifdef __cplusplus
| extern "C"
| #endif
| char pstat_getdynamic ();
| /* The GNU C library defines this for functions which it implements
|     to always fail with ENOSYS.  Some functions are actually named
|     something starting with __ and the normal name is an alias.  */
| #if defined __stub_pstat_getdynamic || defined __stub___pstat_getdynamic
| choke me
| #endif
| 
| int
| main ()
| {
| return pstat_getdynamic ();
|   ;
|   return 0;
| }
configure:20717: result: no
configure:20717: checking for pthread_self
configure:20717: /opt/buildroot-gcc463/usr/bin/mipsel-linux-gcc -o conftest -Os   -D_GNU_SOURCE -D_REENTRANT  conftest.c  -lpthread >&5
configure:20717: $? = 0
configure:20717: result: yes
configure:20717: checking for pthread_yield
configure:20717: /opt/buildroot-gcc463/usr/bin/mipsel-linux-gcc -o conftest -Os   -D_GNU_SOURCE -D_REENTRANT  conftest.c  -lpthread >&5
/tmp/ccWYwNvW.o: In function `main':
conftest.c:(.text.startup+0x8): undefined reference to `pthread_yield'
conftest.c:(.text.startup+0x18): undefined reference to `pthread_yield'
collect2: ld returned 1 exit status
configure:20717: $? = 1
configure: failed program was:
| /* confdefs.h */
| #define PACKAGE_NAME "Berkeley DB"
| #define PACKAGE_TARNAME "db-4.8.30"
| #define PACKAGE_VERSION "4.8.30"
| #define PACKAGE_STRING "Berkeley DB 4.8.30"
| #define PACKAGE_BUGREPORT "Oracle Technology Network Berkeley DB forum"
| #define PACKAGE_URL ""
| #define UMRW 1
| #define HAVE_UPGRADE_SUPPORT 1
| #define STDC_HEADERS 1
| #define HAVE_SYS_TYPES_H 1
| #define HAVE_SYS_STAT_H 1
| #define HAVE_STDLIB_H 1
| #define HAVE_STRING_H 1
| #define HAVE_MEMORY_H 1
| #define HAVE_STRINGS_H 1
| #define HAVE_INTTYPES_H 1
| #define HAVE_STDINT_H 1
| #define HAVE_UNISTD_H 1
| #define HAVE_DLFCN_H 1
| #define LT_OBJDIR ".libs/"
| #define HAVE_SYSTEM_INCLUDE_FILES 1
| #define TIME_WITH_SYS_TIME 1
| #define HAVE_DIRENT_H 1
| #define HAVE_SYS_SELECT_H 1
| #define HAVE_SYS_SOCKET_H 1
| #define HAVE_SYS_TIME_H 1
| #define HAVE_STRUCT_STAT_ST_BLKSIZE 1
| #define SIZEOF_CHAR 1
| #define SIZEOF_UNSIGNED_CHAR 1
| #define SIZEOF_SHORT 2
| #define SIZEOF_UNSIGNED_SHORT 2
| #define SIZEOF_INT 4
| #define SIZEOF_UNSIGNED_INT 4
| #define SIZEOF_LONG 4
| #define SIZEOF_UNSIGNED_LONG 4
| #define SIZEOF_LONG_LONG 8
| #define SIZEOF_UNSIGNED_LONG_LONG 8
| #define SIZEOF_CHAR_P 4
| #define SIZEOF_SIZE_T 4
| #define HAVE_EXIT_SUCCESS 1
| #define HAVE_MUTEX_PTHREADS 1
| #define HAVE_MUTEX_SUPPORT 1
| #define HAVE_SHARED_LATCHES 1
| #define HAVE_SIMPLE_THREAD_TYPE 1
| #define HAVE_ABORT 1
| #define HAVE_ATOI 1
| #define HAVE_ATOL 1
| #define HAVE_GETCWD 1
| #define HAVE_GETENV 1
| #define HAVE_GETOPT 1
| #define HAVE_ISALPHA 1
| #define HAVE_ISDIGIT 1
| #define HAVE_ISPRINT 1
| #define HAVE_ISSPACE 1
| #define HAVE_MEMCMP 1
| #define HAVE_MEMCPY 1
| #define HAVE_MEMMOVE 1
| #define HAVE_PRINTF 1
| #define HAVE_QSORT 1
| #define HAVE_RAISE 1
| #define HAVE_RAND 1
| #define HAVE_STRCASECMP 1
| #define HAVE_STRCAT 1
| #define HAVE_STRCHR 1
| #define HAVE_STRDUP 1
| #define HAVE_STRERROR 1
| #define HAVE_STRNCAT 1
| #define HAVE_STRNCMP 1
| #define HAVE_STRRCHR 1
| #define HAVE_STRSEP 1
| #define HAVE_STRTOL 1
| #define HAVE_STRTOUL 1
| #define HAVE_FCHMOD 1
| #define HAVE_FCLOSE 1
| #define HAVE_FCNTL 1
| #define HAVE_FDATASYNC 1
| #define HAVE_FGETC 1
| #define HAVE_FGETS 1
| #define HAVE_FOPEN 1
| #define HAVE_FWRITE 1
| #define HAVE_GETGID 1
| #define HAVE_GETRUSAGE 1
| #define HAVE_GETUID 1
| #define HAVE_HSTRERROR 1
| #define HAVE_MPROTECT 1
| #define HAVE_PTHREAD_SELF 1
| /* end confdefs.h.  */
| /* Define pthread_yield to an innocuous variant, in case <limits.h> declares pthread_yield.
|    For example, HP-UX 11i <limits.h> declares gettimeofday.  */
| #define pthread_yield innocuous_pthread_yield
| 
| /* System header to define __stub macros and hopefully few prototypes,
|     which can conflict with char pthread_yield (); below.
|     Prefer <limits.h> to <assert.h> if __STDC__ is defined, since
|     <limits.h> exists even on freestanding compilers.  */
| 
| #ifdef __STDC__
| # include <limits.h>
| #else
| # include <assert.h>
| #endif
| 
| #undef pthread_yield
| 
| /* Override any GCC internal prototype to avoid an error.
|    Use char because int might match the return type of a GCC
|    builtin and then its argument prototype would still apply.  */
| #ifdef __cplusplus
| extern "C"
| #endif
| char pthread_yield ();
| /* The GNU C library defines this for functions which it implements
|     to always fail with ENOSYS.  Some functions are actually named
|     something starting with __ and the normal name is an alias.  */
| #if defined __stub_pthread_yield || defined __stub___pthread_yield
| choke me
| #endif
| 
| int
| main ()
| {
| return pthread_yield ();
|   ;
|   return 0;
| }
configure:20717: result: no
configure:20717: checking for random
configure:20717: /opt/buildroot-gcc463/usr/bin/mipsel-linux-gcc -o conftest -Os   -D_GNU_SOURCE -D_REENTRANT  conftest.c  -lpthread >&5
configure:20717: $? = 0
configure:20717: result: yes
configure:20717: checking for sched_yield
configure:20717: /opt/buildroot-gcc463/usr/bin/mipsel-linux-gcc -o conftest -Os   -D_GNU_SOURCE -D_REENTRANT  conftest.c  -lpthread >&5
configure:20717: $? = 0
configure:20717: result: yes
configure:20717: checking for select
configure:20717: /opt/buildroot-gcc463/usr/bin/mipsel-linux-gcc -o conftest -Os   -D_GNU_SOURCE -D_REENTRANT  conftest.c  -lpthread >&5
configure:20717: $? = 0
configure:20717: result: yes
configure:20717: checking for setgid
configure:20717: /opt/buildroot-gcc463/usr/bin/mipsel-linux-gcc -o conftest -Os   -D_GNU_SOURCE -D_REENTRANT  conftest.c  -lpthread >&5
configure:20717: $? = 0
configure:20717: result: yes
configure:20717: checking for setuid
configure:20717: /opt/buildroot-gcc463/usr/bin/mipsel-linux-gcc -o conftest -Os   -D_GNU_SOURCE -D_REENTRANT  conftest.c  -lpthread >&5
configure:20717: $? = 0
configure:20717: result: yes
configure:20717: checking for sigaction
configure:20717: /opt/buildroot-gcc463/usr/bin/mipsel-linux-gcc -o conftest -Os   -D_GNU_SOURCE -D_REENTRANT  conftest.c  -lpthread >&5
configure:20717: $? = 0
configure:20717: result: yes
configure:20717: checking for snprintf
configure:20717: /opt/buildroot-gcc463/usr/bin/mipsel-linux-gcc -o conftest -Os   -D_GNU_SOURCE -D_REENTRANT  conftest.c  -lpthread >&5
conftest.c:118:6: warning: conflicting types for built-in function 'snprintf' [enabled by default]
configure:20717: $? = 0
configure:20717: result: yes
configure:20717: checking for stat
configure:20717: /opt/buildroot-gcc463/usr/bin/mipsel-linux-gcc -o conftest -Os   -D_GNU_SOURCE -D_REENTRANT  conftest.c  -lpthread >&5
configure:20717: $? = 0
configure:20717: result: yes
configure:20717: checking for sysconf
configure:20717: /opt/buildroot-gcc463/usr/bin/mipsel-linux-gcc -o conftest -Os   -D_GNU_SOURCE -D_REENTRANT  conftest.c  -lpthread >&5
configure:20717: $? = 0
configure:20717: result: yes
configure:20717: checking for vsnprintf
configure:20717: /opt/buildroot-gcc463/usr/bin/mipsel-linux-gcc -o conftest -Os   -D_GNU_SOURCE -D_REENTRANT  conftest.c  -lpthread >&5
conftest.c:121:6: warning: conflicting types for built-in function 'vsnprintf' [enabled by default]
configure:20717: $? = 0
configure:20717: result: yes
configure:20717: checking for yield
configure:20717: /opt/buildroot-gcc463/usr/bin/mipsel-linux-gcc -o conftest -Os   -D_GNU_SOURCE -D_REENTRANT  conftest.c  -lpthread >&5
/tmp/ccsGfrgu.o: In function `main':
conftest.c:(.text.startup+0x8): undefined reference to `yield'
conftest.c:(.text.startup+0x18): undefined reference to `yield'
collect2: ld returned 1 exit status
configure:20717: $? = 1
configure: failed program was:
| /* confdefs.h */
| #define PACKAGE_NAME "Berkeley DB"
| #define PACKAGE_TARNAME "db-4.8.30"
| #define PACKAGE_VERSION "4.8.30"
| #define PACKAGE_STRING "Berkeley DB 4.8.30"
| #define PACKAGE_BUGREPORT "Oracle Technology Network Berkeley DB forum"
| #define PACKAGE_URL ""
| #define UMRW 1
| #define HAVE_UPGRADE_SUPPORT 1
| #define STDC_HEADERS 1
| #define HAVE_SYS_TYPES_H 1
| #define HAVE_SYS_STAT_H 1
| #define HAVE_STDLIB_H 1
| #define HAVE_STRING_H 1
| #define HAVE_MEMORY_H 1
| #define HAVE_STRINGS_H 1
| #define HAVE_INTTYPES_H 1
| #define HAVE_STDINT_H 1
| #define HAVE_UNISTD_H 1
| #define HAVE_DLFCN_H 1
| #define LT_OBJDIR ".libs/"
| #define HAVE_SYSTEM_INCLUDE_FILES 1
| #define TIME_WITH_SYS_TIME 1
| #define HAVE_DIRENT_H 1
| #define HAVE_SYS_SELECT_H 1
| #define HAVE_SYS_SOCKET_H 1
| #define HAVE_SYS_TIME_H 1
| #define HAVE_STRUCT_STAT_ST_BLKSIZE 1
| #define SIZEOF_CHAR 1
| #define SIZEOF_UNSIGNED_CHAR 1
| #define SIZEOF_SHORT 2
| #define SIZEOF_UNSIGNED_SHORT 2
| #define SIZEOF_INT 4
| #define SIZEOF_UNSIGNED_INT 4
| #define SIZEOF_LONG 4
| #define SIZEOF_UNSIGNED_LONG 4
| #define SIZEOF_LONG_LONG 8
| #define SIZEOF_UNSIGNED_LONG_LONG 8
| #define SIZEOF_CHAR_P 4
| #define SIZEOF_SIZE_T 4
| #define HAVE_EXIT_SUCCESS 1
| #define HAVE_MUTEX_PTHREADS 1
| #define HAVE_MUTEX_SUPPORT 1
| #define HAVE_SHARED_LATCHES 1
| #define HAVE_SIMPLE_THREAD_TYPE 1
| #define HAVE_ABORT 1
| #define HAVE_ATOI 1
| #define HAVE_ATOL 1
| #define HAVE_GETCWD 1
| #define HAVE_GETENV 1
| #define HAVE_GETOPT 1
| #define HAVE_ISALPHA 1
| #define HAVE_ISDIGIT 1
| #define HAVE_ISPRINT 1
| #define HAVE_ISSPACE 1
| #define HAVE_MEMCMP 1
| #define HAVE_MEMCPY 1
| #define HAVE_MEMMOVE 1
| #define HAVE_PRINTF 1
| #define HAVE_QSORT 1
| #define HAVE_RAISE 1
| #define HAVE_RAND 1
| #define HAVE_STRCASECMP 1
| #define HAVE_STRCAT 1
| #define HAVE_STRCHR 1
| #define HAVE_STRDUP 1
| #define HAVE_STRERROR 1
| #define HAVE_STRNCAT 1
| #define HAVE_STRNCMP 1
| #define HAVE_STRRCHR 1
| #define HAVE_STRSEP 1
| #define HAVE_STRTOL 1
| #define HAVE_STRTOUL 1
| #define HAVE_FCHMOD 1
| #define HAVE_FCLOSE 1
| #define HAVE_FCNTL 1
| #define HAVE_FDATASYNC 1
| #define HAVE_FGETC 1
| #define HAVE_FGETS 1
| #define HAVE_FOPEN 1
| #define HAVE_FWRITE 1
| #define HAVE_GETGID 1
| #define HAVE_GETRUSAGE 1
| #define HAVE_GETUID 1
| #define HAVE_HSTRERROR 1
| #define HAVE_MPROTECT 1
| #define HAVE_PTHREAD_SELF 1
| #define HAVE_RANDOM 1
| #define HAVE_SCHED_YIELD 1
| #define HAVE_SELECT 1
| #define HAVE_SETGID 1
| #define HAVE_SETUID 1
| #define HAVE_SIGACTION 1
| #define HAVE_SNPRINTF 1
| #define HAVE_STAT 1
| #define HAVE_SYSCONF 1
| #define HAVE_VSNPRINTF 1
| /* end confdefs.h.  */
| /* Define yield to an innocuous variant, in case <limits.h> declares yield.
|    For example, HP-UX 11i <limits.h> declares gettimeofday.  */
| #define yield innocuous_yield
| 
| /* System header to define __stub macros and hopefully few prototypes,
|     which can conflict with char yield (); below.
|     Prefer <limits.h> to <assert.h> if __STDC__ is defined, since
|     <limits.h> exists even on freestanding compilers.  */
| 
| #ifdef __STDC__
| # include <limits.h>
| #else
| # include <assert.h>
| #endif
| 
| #undef yield
| 
| /* Override any GCC internal prototype to avoid an error.
|    Use char because int might match the return type of a GCC
|    builtin and then its argument prototype would still apply.  */
| #ifdef __cplusplus
| extern "C"
| #endif
| char yield ();
| /* The GNU C library defines this for functions which it implements
|     to always fail with ENOSYS.  Some functions are actually named
|     something starting with __ and the normal name is an alias.  */
| #if defined __stub_yield || defined __stub___yield
| choke me
| #endif
| 
| int
| main ()
| {
| return yield ();
|   ;
|   return 0;
| }
configure:20717: result: no
configure:20733: checking for gettimeofday
configure:20733: /opt/buildroot-gcc463/usr/bin/mipsel-linux-gcc -o conftest -Os   -D_GNU_SOURCE -D_REENTRANT  conftest.c  -lpthread >&5
configure:20733: $? = 0
configure:20733: result: yes
configure:20733: checking for localtime
configure:20733: /opt/buildroot-gcc463/usr/bin/mipsel-linux-gcc -o conftest -Os   -D_GNU_SOURCE -D_REENTRANT  conftest.c  -lpthread >&5
configure:20733: $? = 0
configure:20733: result: yes
configure:20733: checking for time
configure:20733: /opt/buildroot-gcc463/usr/bin/mipsel-linux-gcc -o conftest -Os   -D_GNU_SOURCE -D_REENTRANT  conftest.c  -lpthread >&5
configure:20733: $? = 0
configure:20733: result: yes
configure:20733: checking for strftime
configure:20733: /opt/buildroot-gcc463/usr/bin/mipsel-linux-gcc -o conftest -Os   -D_GNU_SOURCE -D_REENTRANT  conftest.c  -lpthread >&5
conftest.c:125:6: warning: conflicting types for built-in function 'strftime' [enabled by default]
configure:20733: $? = 0
configure:20733: result: yes
configure:20752: checking for clock_gettime
configure:20752: /opt/buildroot-gcc463/usr/bin/mipsel-linux-gcc -o conftest -Os   -D_GNU_SOURCE -D_REENTRANT  conftest.c  -lpthread >&5
configure:20752: $? = 0
configure:20752: result: yes
configure:20767: checking for clock_gettime monotonic clock
configure:20789: /opt/buildroot-gcc463/usr/bin/mipsel-linux-gcc -o conftest -Os   -D_GNU_SOURCE -D_REENTRANT  conftest.c  -lpthread >&5
conftest.c: In function 'main':
conftest.c:111:15: error: 'CLOCK_MONOTONIC' undeclared (first use in this function)
conftest.c:111:15: note: each undeclared identifier is reported only once for each function it appears in
configure:20789: $? = 1
configure: failed program was:
| /* confdefs.h */
| #define PACKAGE_NAME "Berkeley DB"
| #define PACKAGE_TARNAME "db-4.8.30"
| #define PACKAGE_VERSION "4.8.30"
| #define PACKAGE_STRING "Berkeley DB 4.8.30"
| #define PACKAGE_BUGREPORT "Oracle Technology Network Berkeley DB forum"
| #define PACKAGE_URL ""
| #define UMRW 1
| #define HAVE_UPGRADE_SUPPORT 1
| #define STDC_HEADERS 1
| #define HAVE_SYS_TYPES_H 1
| #define HAVE_SYS_STAT_H 1
| #define HAVE_STDLIB_H 1
| #define HAVE_STRING_H 1
| #define HAVE_MEMORY_H 1
| #define HAVE_STRINGS_H 1
| #define HAVE_INTTYPES_H 1
| #define HAVE_STDINT_H 1
| #define HAVE_UNISTD_H 1
| #define HAVE_DLFCN_H 1
| #define LT_OBJDIR ".libs/"
| #define HAVE_SYSTEM_INCLUDE_FILES 1
| #define TIME_WITH_SYS_TIME 1
| #define HAVE_DIRENT_H 1
| #define HAVE_SYS_SELECT_H 1
| #define HAVE_SYS_SOCKET_H 1
| #define HAVE_SYS_TIME_H 1
| #define HAVE_STRUCT_STAT_ST_BLKSIZE 1
| #define SIZEOF_CHAR 1
| #define SIZEOF_UNSIGNED_CHAR 1
| #define SIZEOF_SHORT 2
| #define SIZEOF_UNSIGNED_SHORT 2
| #define SIZEOF_INT 4
| #define SIZEOF_UNSIGNED_INT 4
| #define SIZEOF_LONG 4
| #define SIZEOF_UNSIGNED_LONG 4
| #define SIZEOF_LONG_LONG 8
| #define SIZEOF_UNSIGNED_LONG_LONG 8
| #define SIZEOF_CHAR_P 4
| #define SIZEOF_SIZE_T 4
| #define HAVE_EXIT_SUCCESS 1
| #define HAVE_MUTEX_PTHREADS 1
| #define HAVE_MUTEX_SUPPORT 1
| #define HAVE_SHARED_LATCHES 1
| #define HAVE_SIMPLE_THREAD_TYPE 1
| #define HAVE_ABORT 1
| #define HAVE_ATOI 1
| #define HAVE_ATOL 1
| #define HAVE_GETCWD 1
| #define HAVE_GETENV 1
| #define HAVE_GETOPT 1
| #define HAVE_ISALPHA 1
| #define HAVE_ISDIGIT 1
| #define HAVE_ISPRINT 1
| #define HAVE_ISSPACE 1
| #define HAVE_MEMCMP 1
| #define HAVE_MEMCPY 1
| #define HAVE_MEMMOVE 1
| #define HAVE_PRINTF 1
| #define HAVE_QSORT 1
| #define HAVE_RAISE 1
| #define HAVE_RAND 1
| #define HAVE_STRCASECMP 1
| #define HAVE_STRCAT 1
| #define HAVE_STRCHR 1
| #define HAVE_STRDUP 1
| #define HAVE_STRERROR 1
| #define HAVE_STRNCAT 1
| #define HAVE_STRNCMP 1
| #define HAVE_STRRCHR 1
| #define HAVE_STRSEP 1
| #define HAVE_STRTOL 1
| #define HAVE_STRTOUL 1
| #define HAVE_FCHMOD 1
| #define HAVE_FCLOSE 1
| #define HAVE_FCNTL 1
| #define HAVE_FDATASYNC 1
| #define HAVE_FGETC 1
| #define HAVE_FGETS 1
| #define HAVE_FOPEN 1
| #define HAVE_FWRITE 1
| #define HAVE_GETGID 1
| #define HAVE_GETRUSAGE 1
| #define HAVE_GETUID 1
| #define HAVE_HSTRERROR 1
| #define HAVE_MPROTECT 1
| #define HAVE_PTHREAD_SELF 1
| #define HAVE_RANDOM 1
| #define HAVE_SCHED_YIELD 1
| #define HAVE_SELECT 1
| #define HAVE_SETGID 1
| #define HAVE_SETUID 1
| #define HAVE_SIGACTION 1
| #define HAVE_SNPRINTF 1
| #define HAVE_STAT 1
| #define HAVE_SYSCONF 1
| #define HAVE_VSNPRINTF 1
| #define HAVE_GETTIMEOFDAY 1
| #define HAVE_LOCALTIME 1
| #define HAVE_TIME 1
| #define HAVE_STRFTIME 1
| #define HAVE_CLOCK_GETTIME 1
| /* end confdefs.h.  */
| 
| #include <sys/time.h>
| int
| main ()
| {
| 
| struct timespec t;
| clock_gettime(CLOCK_MONOTONIC, &t);
| 
|   ;
|   return 0;
| }
configure:20817: result: no
configure:20833: checking for ctime_r
configure:20833: /opt/buildroot-gcc463/usr/bin/mipsel-linux-gcc -o conftest -Os   -D_GNU_SOURCE -D_REENTRANT  conftest.c  -lpthread >&5
configure:20833: $? = 0
configure:20833: result: yes
configure:20843: checking for 2 or 3 argument version of ctime_r
configure:20863: /opt/buildroot-gcc463/usr/bin/mipsel-linux-gcc -o conftest -Os   -D_GNU_SOURCE -D_REENTRANT  conftest.c  -lpthread >&5
conftest.c: In function 'main':
conftest.c:111:2: error: too many arguments to function 'ctime_r'
/opt/buildroot-gcc463/usr/mipsel-buildroot-linux-uclibc/sysroot/usr/include/time.h:277:14: note: declared here
configure:20863: $? = 1
configure: failed program was:
| /* confdefs.h */
| #define PACKAGE_NAME "Berkeley DB"
| #define PACKAGE_TARNAME "db-4.8.30"
| #define PACKAGE_VERSION "4.8.30"
| #define PACKAGE_STRING "Berkeley DB 4.8.30"
| #define PACKAGE_BUGREPORT "Oracle Technology Network Berkeley DB forum"
| #define PACKAGE_URL ""
| #define UMRW 1
| #define HAVE_UPGRADE_SUPPORT 1
| #define STDC_HEADERS 1
| #define HAVE_SYS_TYPES_H 1
| #define HAVE_SYS_STAT_H 1
| #define HAVE_STDLIB_H 1
| #define HAVE_STRING_H 1
| #define HAVE_MEMORY_H 1
| #define HAVE_STRINGS_H 1
| #define HAVE_INTTYPES_H 1
| #define HAVE_STDINT_H 1
| #define HAVE_UNISTD_H 1
| #define HAVE_DLFCN_H 1
| #define LT_OBJDIR ".libs/"
| #define HAVE_SYSTEM_INCLUDE_FILES 1
| #define TIME_WITH_SYS_TIME 1
| #define HAVE_DIRENT_H 1
| #define HAVE_SYS_SELECT_H 1
| #define HAVE_SYS_SOCKET_H 1
| #define HAVE_SYS_TIME_H 1
| #define HAVE_STRUCT_STAT_ST_BLKSIZE 1
| #define SIZEOF_CHAR 1
| #define SIZEOF_UNSIGNED_CHAR 1
| #define SIZEOF_SHORT 2
| #define SIZEOF_UNSIGNED_SHORT 2
| #define SIZEOF_INT 4
| #define SIZEOF_UNSIGNED_INT 4
| #define SIZEOF_LONG 4
| #define SIZEOF_UNSIGNED_LONG 4
| #define SIZEOF_LONG_LONG 8
| #define SIZEOF_UNSIGNED_LONG_LONG 8
| #define SIZEOF_CHAR_P 4
| #define SIZEOF_SIZE_T 4
| #define HAVE_EXIT_SUCCESS 1
| #define HAVE_MUTEX_PTHREADS 1
| #define HAVE_MUTEX_SUPPORT 1
| #define HAVE_SHARED_LATCHES 1
| #define HAVE_SIMPLE_THREAD_TYPE 1
| #define HAVE_ABORT 1
| #define HAVE_ATOI 1
| #define HAVE_ATOL 1
| #define HAVE_GETCWD 1
| #define HAVE_GETENV 1
| #define HAVE_GETOPT 1
| #define HAVE_ISALPHA 1
| #define HAVE_ISDIGIT 1
| #define HAVE_ISPRINT 1
| #define HAVE_ISSPACE 1
| #define HAVE_MEMCMP 1
| #define HAVE_MEMCPY 1
| #define HAVE_MEMMOVE 1
| #define HAVE_PRINTF 1
| #define HAVE_QSORT 1
| #define HAVE_RAISE 1
| #define HAVE_RAND 1
| #define HAVE_STRCASECMP 1
| #define HAVE_STRCAT 1
| #define HAVE_STRCHR 1
| #define HAVE_STRDUP 1
| #define HAVE_STRERROR 1
| #define HAVE_STRNCAT 1
| #define HAVE_STRNCMP 1
| #define HAVE_STRRCHR 1
| #define HAVE_STRSEP 1
| #define HAVE_STRTOL 1
| #define HAVE_STRTOUL 1
| #define HAVE_FCHMOD 1
| #define HAVE_FCLOSE 1
| #define HAVE_FCNTL 1
| #define HAVE_FDATASYNC 1
| #define HAVE_FGETC 1
| #define HAVE_FGETS 1
| #define HAVE_FOPEN 1
| #define HAVE_FWRITE 1
| #define HAVE_GETGID 1
| #define HAVE_GETRUSAGE 1
| #define HAVE_GETUID 1
| #define HAVE_HSTRERROR 1
| #define HAVE_MPROTECT 1
| #define HAVE_PTHREAD_SELF 1
| #define HAVE_RANDOM 1
| #define HAVE_SCHED_YIELD 1
| #define HAVE_SELECT 1
| #define HAVE_SETGID 1
| #define HAVE_SETUID 1
| #define HAVE_SIGACTION 1
| #define HAVE_SNPRINTF 1
| #define HAVE_STAT 1
| #define HAVE_SYSCONF 1
| #define HAVE_VSNPRINTF 1
| #define HAVE_GETTIMEOFDAY 1
| #define HAVE_LOCALTIME 1
| #define HAVE_TIME 1
| #define HAVE_STRFTIME 1
| #define HAVE_CLOCK_GETTIME 1
| #define HAVE_CTIME_R 1
| /* end confdefs.h.  */
| 
| #include <time.h>
| int
| main ()
| {
| 
| 	ctime_r(NULL, NULL, 100);
| 
|   ;
|   return 0;
| }
configure:20871: result: 2-argument
configure:20892: checking for ftruncate
configure:20892: /opt/buildroot-gcc463/usr/bin/mipsel-linux-gcc -o conftest -Os   -D_GNU_SOURCE -D_REENTRANT  conftest.c  -lpthread >&5
configure:20892: $? = 0
configure:20892: result: yes
configure:20914: checking for pread
configure:20914: /opt/buildroot-gcc463/usr/bin/mipsel-linux-gcc -o conftest -Os   -D_GNU_SOURCE -D_REENTRANT  conftest.c  -lpthread >&5
configure:20914: $? = 0
configure:20914: result: yes
configure:20914: checking for pwrite
configure:20914: /opt/buildroot-gcc463/usr/bin/mipsel-linux-gcc -o conftest -Os   -D_GNU_SOURCE -D_REENTRANT  conftest.c  -lpthread >&5
configure:20914: $? = 0
configure:20914: result: yes
configure:20928: checking for getaddrinfo
configure:20949: /opt/buildroot-gcc463/usr/bin/mipsel-linux-gcc -o conftest -Os   -D_GNU_SOURCE -D_REENTRANT  conftest.c  -lpthread >&5
configure:20949: $? = 0
configure:20957: result: yes
configure:20967: checking for fcntl/F_SETFD
configure:20988: /opt/buildroot-gcc463/usr/bin/mipsel-linux-gcc -o conftest -Os   -D_GNU_SOURCE -D_REENTRANT  conftest.c  -lpthread >&5
configure:20988: $? = 0
configure:20996: result: yes
configure:21065: checking for special C compiler options needed for large files
configure:21110: result: no
configure:21116: checking for _FILE_OFFSET_BITS value needed for large files
configure:21141: /opt/buildroot-gcc463/usr/bin/mipsel-linux-gcc -c -Os   -D_GNU_SOURCE -D_REENTRANT conftest.c >&5
conftest.c:116:3: warning: left shift count >= width of type [enabled by default]
conftest.c:116:3: warning: left shift count >= width of type [enabled by default]
conftest.c:117:10: warning: left shift count >= width of type [enabled by default]
conftest.c:117:10: warning: left shift count >= width of type [enabled by default]
conftest.c:116:7: error: size of array 'off_t_is_large' is negative
conftest.c:118:9: warning: variably modified 'off_t_is_large' at file scope [enabled by default]
configure:21141: $? = 1
configure: failed program was:
| /* confdefs.h */
| #define PACKAGE_NAME "Berkeley DB"
| #define PACKAGE_TARNAME "db-4.8.30"
| #define PACKAGE_VERSION "4.8.30"
| #define PACKAGE_STRING "Berkeley DB 4.8.30"
| #define PACKAGE_BUGREPORT "Oracle Technology Network Berkeley DB forum"
| #define PACKAGE_URL ""
| #define UMRW 1
| #define HAVE_UPGRADE_SUPPORT 1
| #define STDC_HEADERS 1
| #define HAVE_SYS_TYPES_H 1
| #define HAVE_SYS_STAT_H 1
| #define HAVE_STDLIB_H 1
| #define HAVE_STRING_H 1
| #define HAVE_MEMORY_H 1
| #define HAVE_STRINGS_H 1
| #define HAVE_INTTYPES_H 1
| #define HAVE_STDINT_H 1
| #define HAVE_UNISTD_H 1
| #define HAVE_DLFCN_H 1
| #define LT_OBJDIR ".libs/"
| #define HAVE_SYSTEM_INCLUDE_FILES 1
| #define TIME_WITH_SYS_TIME 1
| #define HAVE_DIRENT_H 1
| #define HAVE_SYS_SELECT_H 1
| #define HAVE_SYS_SOCKET_H 1
| #define HAVE_SYS_TIME_H 1
| #define HAVE_STRUCT_STAT_ST_BLKSIZE 1
| #define SIZEOF_CHAR 1
| #define SIZEOF_UNSIGNED_CHAR 1
| #define SIZEOF_SHORT 2
| #define SIZEOF_UNSIGNED_SHORT 2
| #define SIZEOF_INT 4
| #define SIZEOF_UNSIGNED_INT 4
| #define SIZEOF_LONG 4
| #define SIZEOF_UNSIGNED_LONG 4
| #define SIZEOF_LONG_LONG 8
| #define SIZEOF_UNSIGNED_LONG_LONG 8
| #define SIZEOF_CHAR_P 4
| #define SIZEOF_SIZE_T 4
| #define HAVE_EXIT_SUCCESS 1
| #define HAVE_MUTEX_PTHREADS 1
| #define HAVE_MUTEX_SUPPORT 1
| #define HAVE_SHARED_LATCHES 1
| #define HAVE_SIMPLE_THREAD_TYPE 1
| #define HAVE_ABORT 1
| #define HAVE_ATOI 1
| #define HAVE_ATOL 1
| #define HAVE_GETCWD 1
| #define HAVE_GETENV 1
| #define HAVE_GETOPT 1
| #define HAVE_ISALPHA 1
| #define HAVE_ISDIGIT 1
| #define HAVE_ISPRINT 1
| #define HAVE_ISSPACE 1
| #define HAVE_MEMCMP 1
| #define HAVE_MEMCPY 1
| #define HAVE_MEMMOVE 1
| #define HAVE_PRINTF 1
| #define HAVE_QSORT 1
| #define HAVE_RAISE 1
| #define HAVE_RAND 1
| #define HAVE_STRCASECMP 1
| #define HAVE_STRCAT 1
| #define HAVE_STRCHR 1
| #define HAVE_STRDUP 1
| #define HAVE_STRERROR 1
| #define HAVE_STRNCAT 1
| #define HAVE_STRNCMP 1
| #define HAVE_STRRCHR 1
| #define HAVE_STRSEP 1
| #define HAVE_STRTOL 1
| #define HAVE_STRTOUL 1
| #define HAVE_FCHMOD 1
| #define HAVE_FCLOSE 1
| #define HAVE_FCNTL 1
| #define HAVE_FDATASYNC 1
| #define HAVE_FGETC 1
| #define HAVE_FGETS 1
| #define HAVE_FOPEN 1
| #define HAVE_FWRITE 1
| #define HAVE_GETGID 1
| #define HAVE_GETRUSAGE 1
| #define HAVE_GETUID 1
| #define HAVE_HSTRERROR 1
| #define HAVE_MPROTECT 1
| #define HAVE_PTHREAD_SELF 1
| #define HAVE_RANDOM 1
| #define HAVE_SCHED_YIELD 1
| #define HAVE_SELECT 1
| #define HAVE_SETGID 1
| #define HAVE_SETUID 1
| #define HAVE_SIGACTION 1
| #define HAVE_SNPRINTF 1
| #define HAVE_STAT 1
| #define HAVE_SYSCONF 1
| #define HAVE_VSNPRINTF 1
| #define HAVE_GETTIMEOFDAY 1
| #define HAVE_LOCALTIME 1
| #define HAVE_TIME 1
| #define HAVE_STRFTIME 1
| #define HAVE_CLOCK_GETTIME 1
| #define HAVE_CTIME_R 1
| #define HAVE_FTRUNCATE 1
| #define HAVE_PREAD 1
| #define HAVE_PWRITE 1
| #define HAVE_GETADDRINFO 1
| #define HAVE_FCNTL_F_SETFD 1
| /* end confdefs.h.  */
| #include <sys/types.h>
|  /* Check that off_t can represent 2**63 - 1 correctly.
|     We can't simply define LARGE_OFF_T to be 9223372036854775807,
|     since some C++ compilers masquerading as C compilers
|     incorrectly reject 9223372036854775807.  */
| #define LARGE_OFF_T (((off_t) 1 << 62) - 1 + ((off_t) 1 << 62))
|   int off_t_is_large[(LARGE_OFF_T % 2147483629 == 721
| 		       && LARGE_OFF_T % 2147483647 == 1)
| 		      ? 1 : -1];
| int
| main ()
| {
| 
|   ;
|   return 0;
| }
configure:21165: /opt/buildroot-gcc463/usr/bin/mipsel-linux-gcc -c -Os   -D_GNU_SOURCE -D_REENTRANT conftest.c >&5
configure:21165: $? = 0
configure:21173: result: 64
configure:21297: checking for mlock
configure:21297: /opt/buildroot-gcc463/usr/bin/mipsel-linux-gcc -o conftest -Os   -D_GNU_SOURCE -D_REENTRANT  conftest.c  -lpthread >&5
configure:21297: $? = 0
configure:21297: result: yes
configure:21297: checking for munlock
configure:21297: /opt/buildroot-gcc463/usr/bin/mipsel-linux-gcc -o conftest -Os   -D_GNU_SOURCE -D_REENTRANT  conftest.c  -lpthread >&5
configure:21297: $? = 0
configure:21297: result: yes
configure:21310: checking for mmap
configure:21310: /opt/buildroot-gcc463/usr/bin/mipsel-linux-gcc -o conftest -Os   -D_GNU_SOURCE -D_REENTRANT  conftest.c  -lpthread >&5
configure:21310: $? = 0
configure:21310: result: yes
configure:21310: checking for munmap
configure:21310: /opt/buildroot-gcc463/usr/bin/mipsel-linux-gcc -o conftest -Os   -D_GNU_SOURCE -D_REENTRANT  conftest.c  -lpthread >&5
configure:21310: $? = 0
configure:21310: result: yes
configure:21337: checking for shmget
configure:21337: /opt/buildroot-gcc463/usr/bin/mipsel-linux-gcc -o conftest -Os   -D_GNU_SOURCE -D_REENTRANT  conftest.c  -lpthread >&5
configure:21337: $? = 0
configure:21337: result: yes
configure:21350: checking for shmctl
configure:21373: /opt/buildroot-gcc463/usr/bin/mipsel-linux-gcc -o conftest -Os   -D_GNU_SOURCE -D_REENTRANT  conftest.c  -lpthread >&5
configure:21373: $? = 0
configure:21381: result: yes
configure:21613: checking for 64-bit integral type support for sequences
configure:21681: /opt/buildroot-gcc463/usr/bin/mipsel-linux-gcc -o conftest -Os   -D_GNU_SOURCE -D_REENTRANT  conftest.c  -lpthread >&5
conftest.c: In function 'main':
conftest.c:128:10: warning: incompatible implicit declaration of built-in function 'snprintf' [enabled by default]
configure:21681: $? = 0
configure:21730: result: yes
configure:22106: creating ./config.status

## ---------------------- ##
## Running config.status. ##
## ---------------------- ##

This file was extended by Berkeley DB config.status 4.8.30, which was
generated by GNU Autoconf 2.65.  Invocation command line was

  CONFIG_FILES    = 
  CONFIG_HEADERS  = 
  CONFIG_LINKS    = 
  CONFIG_COMMANDS = 
  $ ./config.status 

on wireless

config.status:1286: creating Makefile
config.status:1286: creating db_cxx.h
config.status:1286: creating db_int.h
config.status:1286: creating clib_port.h
config.status:1286: creating include.tcl
config.status:1286: creating db.h
config.status:1286: creating db_config.h
config.status:1445: db_config.h is unchanged
config.status:1459: executing libtool commands

## ---------------- ##
## Cache variables. ##
## ---------------- ##

ac_cv_build=i686-redhat-linux-gnu
ac_cv_c_compiler_gnu=yes
ac_cv_c_const=yes
ac_cv_c_inline=inline
ac_cv_cxx_compiler_gnu=no
ac_cv_env_CCC_set=
ac_cv_env_CCC_value=
ac_cv_env_CC_set=set
ac_cv_env_CC_value=/opt/buildroot-gcc463/usr/bin/mipsel-linux-gcc
ac_cv_env_CFLAGS_set=set
ac_cv_env_CFLAGS_value=-Os
ac_cv_env_CPPFLAGS_set=
ac_cv_env_CPPFLAGS_value=
ac_cv_env_CPP_set=
ac_cv_env_CPP_value=
ac_cv_env_CXXCPP_set=
ac_cv_env_CXXCPP_value=
ac_cv_env_CXXFLAGS_set=
ac_cv_env_CXXFLAGS_value=
ac_cv_env_CXX_set=set
ac_cv_env_CXX_value='"/opt/buildroot-gcc463/usr/bin"/mipsel-linux-g++ '
ac_cv_env_LDFLAGS_set=
ac_cv_env_LDFLAGS_value=
ac_cv_env_LIBS_set=
ac_cv_env_LIBS_value=
ac_cv_env_build_alias_set=set
ac_cv_env_build_alias_value=i686-redhat-linux
ac_cv_env_host_alias_set=set
ac_cv_env_host_alias_value=mipsel-linux
ac_cv_env_target_alias_set=set
ac_cv_env_target_alias_value=@touch
ac_cv_func__fstati64=no
ac_cv_func_abort=yes
ac_cv_func_atoi=yes
ac_cv_func_atol=yes
ac_cv_func_backtrace=no
ac_cv_func_backtrace_symbols=no
ac_cv_func_clock_gettime=yes
ac_cv_func_ctime_r=yes
ac_cv_func_directio=no
ac_cv_func_fchmod=yes
ac_cv_func_fclose=yes
ac_cv_func_fcntl=yes
ac_cv_func_fdatasync=yes
ac_cv_func_fgetc=yes
ac_cv_func_fgets=yes
ac_cv_func_fopen=yes
ac_cv_func_ftruncate=yes
ac_cv_func_fwrite=yes
ac_cv_func_getcwd=yes
ac_cv_func_getenv=yes
ac_cv_func_getgid=yes
ac_cv_func_getopt=yes
ac_cv_func_getrusage=yes
ac_cv_func_gettimeofday=yes
ac_cv_func_getuid=yes
ac_cv_func_hstrerror=yes
ac_cv_func_isalpha=yes
ac_cv_func_isdigit=yes
ac_cv_func_isprint=yes
ac_cv_func_isspace=yes
ac_cv_func_localtime=yes
ac_cv_func_memcmp=yes
ac_cv_func_memcpy=yes
ac_cv_func_memmove=yes
ac_cv_func_mlock=yes
ac_cv_func_mmap=yes
ac_cv_func_mprotect=yes
ac_cv_func_munlock=yes
ac_cv_func_munmap=yes
ac_cv_func_pread=yes
ac_cv_func_printf=yes
ac_cv_func_pstat_getdynamic=no
ac_cv_func_pthread_self=yes
ac_cv_func_pthread_yield=no
ac_cv_func_pwrite=yes
ac_cv_func_qsort=yes
ac_cv_func_raise=yes
ac_cv_func_rand=yes
ac_cv_func_random=yes
ac_cv_func_sched_yield=yes
ac_cv_func_select=yes
ac_cv_func_setgid=yes
ac_cv_func_setuid=yes
ac_cv_func_shmget=yes
ac_cv_func_sigaction=yes
ac_cv_func_snprintf=yes
ac_cv_func_stat=yes
ac_cv_func_strcasecmp=yes
ac_cv_func_strcat=yes
ac_cv_func_strchr=yes
ac_cv_func_strdup=yes
ac_cv_func_strerror=yes
ac_cv_func_strftime=yes
ac_cv_func_strncat=yes
ac_cv_func_strncmp=yes
ac_cv_func_strrchr=yes
ac_cv_func_strsep=yes
ac_cv_func_strtol=yes
ac_cv_func_strtoul=yes
ac_cv_func_sysconf=yes
ac_cv_func_time=yes
ac_cv_func_vsnprintf=yes
ac_cv_func_yield=no
ac_cv_header_dirent_dirent_h=yes
ac_cv_header_dlfcn_h=yes
ac_cv_header_execinfo_h=no
ac_cv_header_inttypes_h=yes
ac_cv_header_memory_h=yes
ac_cv_header_pthread_h=yes
ac_cv_header_stat_broken=no
ac_cv_header_stdc=yes
ac_cv_header_stddef_h=yes
ac_cv_header_stdint_h=yes
ac_cv_header_stdlib_h=yes
ac_cv_header_string_h=yes
ac_cv_header_strings_h=yes
ac_cv_header_sys_select_h=yes
ac_cv_header_sys_socket_h=yes
ac_cv_header_sys_stat_h=yes
ac_cv_header_sys_time_h=yes
ac_cv_header_sys_types_h=yes
ac_cv_header_time=yes
ac_cv_header_unistd_h=yes
ac_cv_host=mipsel-unknown-linux-gnu
ac_cv_lib_m=ac_cv_lib_m_main
ac_cv_lib_m_main=yes
ac_cv_lib_nsl=ac_cv_lib_nsl_main
ac_cv_lib_nsl_main=yes
ac_cv_lib_pthread=ac_cv_lib_pthread_main
ac_cv_lib_pthread_main=yes
ac_cv_lib_socket=ac_cv_lib_socket_main
ac_cv_lib_socket_main=no
ac_cv_member_struct_stat_st_blksize=yes
ac_cv_objext=o
ac_cv_path_EGREP='/bin/grep -E'
ac_cv_path_FGREP='/bin/grep -F'
ac_cv_path_GREP=/bin/grep
ac_cv_path_SED=/bin/sed
ac_cv_path_ac_pt_db_cv_path_sh=/bin/sh
ac_cv_path_install='/usr/bin/install -c'
ac_cv_prog_AR='"/opt/buildroot-gcc463/usr/bin"/mipsel-linux-ar'
ac_cv_prog_CC=/opt/buildroot-gcc463/usr/bin/mipsel-linux-gcc
ac_cv_prog_CPP='/opt/buildroot-gcc463/usr/bin/mipsel-linux-gcc -E'
ac_cv_prog_CXXCPP=/lib/cpp
ac_cv_prog_RANLIB='"/opt/buildroot-gcc463/usr/bin"/mipsel-linux-ranlib'
ac_cv_prog_STRIP='"/opt/buildroot-gcc463/usr/bin"/mipsel-linux-strip'
ac_cv_prog_ac_ct_CHMOD=chmod
ac_cv_prog_ac_ct_CP=cp
ac_cv_prog_ac_ct_DUMPBIN='link -dump -symbols'
ac_cv_prog_ac_ct_LN=ln
ac_cv_prog_ac_ct_MKDIR=mkdir
ac_cv_prog_ac_ct_OBJDUMP=objdump
ac_cv_prog_ac_ct_RM=rm
ac_cv_prog_cc_c89=
ac_cv_prog_cc_g=yes
ac_cv_prog_cxx_g=no
ac_cv_search_fdatasync='none required'
ac_cv_search_getaddrinfo='none required'
ac_cv_search_hstrerror='none required'
ac_cv_search_opendir='none required'
ac_cv_search_sched_yield='none required'
ac_cv_sizeof_char=1
ac_cv_sizeof_char_p=4
ac_cv_sizeof_int=4
ac_cv_sizeof_long=4
ac_cv_sizeof_long_long=8
ac_cv_sizeof_short=2
ac_cv_sizeof_size_t=4
ac_cv_sizeof_unsigned_char=1
ac_cv_sizeof_unsigned_int=4
ac_cv_sizeof_unsigned_long=4
ac_cv_sizeof_unsigned_long_long=8
ac_cv_sizeof_unsigned_short=2
ac_cv_sys_file_offset_bits=64
ac_cv_sys_largefile_CC=no
ac_cv_type_FILE_p=yes
ac_cv_type_int16_t=yes
ac_cv_type_int32_t=yes
ac_cv_type_int64_t=yes
ac_cv_type_off_t=yes
ac_cv_type_pid_t=yes
ac_cv_type_size_t=yes
ac_cv_type_socklen_t=yes
ac_cv_type_ssize_t=yes
ac_cv_type_time_t=yes
ac_cv_type_u_char=yes
ac_cv_type_u_int16_t=yes
ac_cv_type_u_int32_t=yes
ac_cv_type_u_int64_t=yes
ac_cv_type_u_int8_t=yes
ac_cv_type_u_int=yes
ac_cv_type_u_long=yes
ac_cv_type_u_short=yes
ac_cv_type_uintmax_t=yes
ac_cv_type_uintptr_t=yes
ac_pt_db_cv_path_sh=/bin/sh
db_cv_atomic=no
db_cv_build_atomicsupport=yes
db_cv_build_compression=yes
db_cv_build_cryptography=no
db_cv_build_hash=no
db_cv_build_mutexsupport=yes
db_cv_build_partition=yes
db_cv_build_queue=no
db_cv_build_replication=no
db_cv_build_sequence=yes
db_cv_build_statistics=no
db_cv_build_verify=no
db_cv_clock_monotonic=no
db_cv_compat185=no
db_cv_ctime_r_3arg=2-argument
db_cv_cxx=no
db_cv_debug=no
db_cv_debug_rop=no
db_cv_debug_wop=no
db_cv_diagnostic=no
db_cv_dump185=no
db_cv_exit_defines=yes
db_cv_fcntl_f_setfd=yes
db_cv_gcc_2_96=no
db_cv_getaddrinfo=yes
db_cv_java=no
db_cv_mingw=no
db_cv_mutex=POSIX/pthreads/library
db_cv_o_direct=no
db_cv_optreset=no
db_cv_path_sh=/bin/sh
db_cv_posixmutexes=yes
db_cv_rpc=no
db_cv_seq_fmt='"%lld"'
db_cv_seq_type='long long'
db_cv_seq_ufmt='"%llu"'
db_cv_shmctl_shm_lock=yes
db_cv_smallbuild=no
db_cv_stl=no
db_cv_tcl=no
db_cv_test=no
db_cv_uimutexes=no
db_cv_umrw=yes
db_cv_uniquename=no
lt_cv_deplibs_check_method=pass_all
lt_cv_file_magic_cmd='$MAGIC_CMD'
lt_cv_file_magic_test_file=
lt_cv_ld_reload_flag=-r
lt_cv_nm_interface='BSD nm'
lt_cv_objdir=.libs
lt_cv_path_LD=/opt/buildroot-gcc463/usr/bin/mipsel-linux-ld
lt_cv_path_LDCXX=
lt_cv_path_NM=no
lt_cv_prog_compiler_c_o=yes
lt_cv_prog_compiler_c_o_CXX=no
lt_cv_prog_compiler_pic_works=yes
lt_cv_prog_compiler_pic_works_CXX=no
lt_cv_prog_compiler_rtti_exceptions=no
lt_cv_prog_compiler_static_works=yes
lt_cv_prog_compiler_static_works_CXX=no
lt_cv_prog_gnu_ld=yes
lt_cv_prog_gnu_ldcxx=
lt_cv_sys_global_symbol_pipe=
lt_cv_sys_global_symbol_to_c_name_address='sed -n -e '\''s/^: \([^ ]*\) $/  {\"\1\", (void *) 0},/p'\'' -e '\''s/^[BCDEGRST]* \([^ ]*\) \([^ ]*\)$/  {"\2", (void *) \&\2},/p'\'''
lt_cv_sys_global_symbol_to_c_name_address_lib_prefix='sed -n -e '\''s/^: \([^ ]*\) $/  {\"\1\", (void *) 0},/p'\'' -e '\''s/^[BCDEGRST]* \([^ ]*\) \(lib[^ ]*\)$/  {"\2", (void *) \&\2},/p'\'' -e '\''s/^[BCDEGRST]* \([^ ]*\) \([^ ]*\)$/  {"lib\2", (void *) \&\2},/p'\'''
lt_cv_sys_global_symbol_to_cdecl=
lt_cv_sys_max_cmd_len=1966080

## ----------------- ##
## Output variables. ##
## ----------------- ##

ADDITIONAL_INCS=''
ADDITIONAL_LANG=''
ADDITIONAL_OBJS='mut_pthread.lo  $(BTREE_OBJS) hash_stub.lo qam_stub.lo rep_stub.lo repmgr_stub.lo db_vrfy_stub.lo $(LOCK_OBJS) $(MUTEX_OBJS)'
ADDITIONAL_PROGS=''
AR='"/opt/buildroot-gcc463/usr/bin"/mipsel-linux-ar'
BUILD_TARGET='library_build'
CC='/opt/buildroot-gcc463/usr/bin/mipsel-linux-gcc'
CCC='CXX'
CFLAGS='-Os '
CHMOD='chmod'
CONFIGURATION_ARGS=''
CONFIGURATION_PATH=''
CP='cp'
CPP='/opt/buildroot-gcc463/usr/bin/mipsel-linux-gcc -E'
CPPFLAGS=' -D_GNU_SOURCE -D_REENTRANT'
CRYPTO_OBJS='crypto_stub.lo'
CXX='"/opt/buildroot-gcc463/usr/bin"/mipsel-linux-g++ '
CXXCPP='/lib/cpp'
CXXFLAGS='-Os'
DB_CONST=''
DB_PROTO1='#undef __P'
DB_PROTO2='#define	__P(protos)	protos'
DB_VERSION_MAJOR='4'
DB_VERSION_MINOR='8'
DB_VERSION_PATCH='30'
DB_VERSION_STRING='"Berkeley DB 4.8.30: (April  9, 2010)"'
DB_VERSION_UNIQUE_NAME=''
DEFAULT_LIB='$(libso_target)'
DEFAULT_LIB_CXX=''
DEFAULT_LIB_STL=''
DEFS='-DHAVE_CONFIG_H'
DSYMUTIL=''
DUMPBIN='link -dump -symbols'
ECHO_C=''
ECHO_N='-n'
ECHO_T=''
EGREP='/bin/grep -E'
EXEEXT=''
FGREP='/bin/grep -F'
FILE_t_decl=''
GREP='/bin/grep'
INSTALLER='$(LIBTOOL) --mode=install cp -p'
INSTALL_DATA='${INSTALL} -m 644'
INSTALL_LIBS='$(libso_target) $(libdb)'
INSTALL_PROGRAM='${INSTALL}'
INSTALL_SCRIPT='${INSTALL}'
INSTALL_TARGET='library_install'
INT64_FMT='#define	INT64_FMT	"%lld"'
JAR=''
JAVA=''
JAVAC='nojavac'
JAVACFLAGS=''
JMODSUFFIX='.so'
KILL=''
LD='/opt/buildroot-gcc463/usr/bin/mipsel-linux-ld'
LDFLAGS=''
LIBCSO_LIBS=''
LIBJSO_LIBS=''
LIBOBJS=''
LIBS=' -lpthread'
LIBSO_LIBS=' -lpthread'
LIBTOOL='./libtool'
LIBTSO_LIBS=''
LIBTSO_MODSUFFIX='.so'
LIBTSO_MODULE='-module'
LIBXSO_LIBS=''
LIPO=''
LN='ln'
LN_S='ln -s'
LTLIBOBJS=''
MAKEFILE_CC='$(LIBTOOL) --mode=compile /opt/buildroot-gcc463/usr/bin/mipsel-linux-gcc'
MAKEFILE_CCLINK='$(LIBTOOL) --mode=link /opt/buildroot-gcc463/usr/bin/mipsel-linux-gcc'
MAKEFILE_CXX='$(LIBTOOL) --mode=compile nocxx'
MAKEFILE_CXXLINK='$(LIBTOOL) --mode=link nocxx'
MAKEFILE_SOLINK='$(LIBTOOL) --mode=link /opt/buildroot-gcc463/usr/bin/mipsel-linux-gcc -avoid-version'
MAKEFILE_XSOLINK='$(LIBTOOL) --mode=link nocxx -avoid-version'
MKDIR='mkdir'
MODSUFFIX='.so'
NM='link -dump -symbols'
NMEDIT=''
OBJDUMP='objdump'
OBJEXT='o'
OSDIR='os'
OTOOL64=''
OTOOL=''
PACKAGE_BUGREPORT='Oracle Technology Network Berkeley DB forum'
PACKAGE_NAME='Berkeley DB'
PACKAGE_STRING='Berkeley DB 4.8.30'
PACKAGE_TARNAME='db-4.8.30'
PACKAGE_URL=''
PACKAGE_VERSION='4.8.30'
PATH_SEPARATOR='/'
POSTLINK='$(LIBTOOL) --mode=execute true'
RANLIB='"/opt/buildroot-gcc463/usr/bin"/mipsel-linux-ranlib'
REPLACEMENT_OBJS=''
RM='rm -f'
RPCGEN=''
RPC_CLIENT_OBJS=''
RPC_SERVER_H=''
SED='/bin/sed'
SHELL='/bin/sh'
SOFLAGS='-rpath $(libdir)'
SOSUFFIX='.so'
STRIP='"/opt/buildroot-gcc463/usr/bin"/mipsel-linux-strip'
SWIGCFLAGS=''
TCL_BIN_DIR=''
TCL_INCLUDE_SPEC=''
TCL_LIB_FILE=''
TCL_SRC_DIR=''
TCL_TCLSH=''
TEST_LIBS=' -lm -lnsl'
TLS_decl=''
TLS_defn=''
UINT64_FMT='#define	UINT64_FMT	"%llu"'
WSTRING_decl=''
_ACJNI_JAVAC=''
ac_ct_CC=''
ac_ct_CXX=''
ac_ct_DUMPBIN='link -dump -symbols'
bindir='${exec_prefix}/bin'
build='i686-redhat-linux-gnu'
build_alias='i686-redhat-linux'
build_cpu='i686'
build_os='linux-gnu'
build_vendor='redhat'
cxx_have_stdheaders=''
datadir='${datarootdir}'
datarootdir='${prefix}/share'
db_cv_path_sh='/bin/sh'
db_int_def=''
db_seq_decl='typedef int64_t db_seq_t;'
db_threadid_t_decl='typedef pthread_t db_threadid_t;'
docdir='${datarootdir}/doc/${PACKAGE_TARNAME}'
dvidir='${docdir}'
exec_prefix='${prefix}'
host='mipsel-unknown-linux-gnu'
host_alias='mipsel-linux'
host_cpu='mipsel'
host_os='linux-gnu'
host_vendor='unknown'
htmldir='${docdir}'
includedir='${prefix}/include'
infodir='${datarootdir}/info'
int16_decl=''
int32_decl=''
int64_decl=''
inttypes_h_decl='#include <inttypes.h>'
libdir='${exec_prefix}/lib'
libexecdir='${exec_prefix}/libexec'
localedir='${datarootdir}/locale'
localstatedir='${prefix}/var'
lt_ECHO='echo'
mandir='${datarootdir}/man'
o='.lo'
off_t_decl=''
oldincludedir='/usr/include'
pdfdir='${docdir}'
pid_t_decl=''
platform_footer=''
platform_header=''
prefix='/usr/local/BerkeleyDB.4.8'
program_transform_name='s,x,x,'
psdir='${docdir}'
sbindir='${exec_prefix}/sbin'
sharedstatedir='${prefix}/com'
size_t_decl=''
ssize_t_decl=''
stddef_h_decl='#include <stddef.h>'
stdint_h_decl='#include <stdint.h>'
sysconfdir='${prefix}/etc'
target_alias='@touch'
thread_h_decl='#include <pthread.h>'
time_t_decl=''
u_char_decl=''
u_int16_decl=''
u_int32_decl=''
u_int64_decl=''
u_int8_decl=''
u_int_decl=''
u_long_decl=''
u_short_decl=''
uintmax_t_decl=''
uintptr_t_decl=''
unistd_h_decl='#include <unistd.h>'
uudecode=''

## ----------- ##
## confdefs.h. ##
## ----------- ##

/* confdefs.h */
#define PACKAGE_NAME "Berkeley DB"
#define PACKAGE_TARNAME "db-4.8.30"
#define PACKAGE_VERSION "4.8.30"
#define PACKAGE_STRING "Berkeley DB 4.8.30"
#define PACKAGE_BUGREPORT "Oracle Technology Network Berkeley DB forum"
#define PACKAGE_URL ""
#define UMRW 1
#define HAVE_UPGRADE_SUPPORT 1
#define STDC_HEADERS 1
#define HAVE_SYS_TYPES_H 1
#define HAVE_SYS_STAT_H 1
#define HAVE_STDLIB_H 1
#define HAVE_STRING_H 1
#define HAVE_MEMORY_H 1
#define HAVE_STRINGS_H 1
#define HAVE_INTTYPES_H 1
#define HAVE_STDINT_H 1
#define HAVE_UNISTD_H 1
#define HAVE_DLFCN_H 1
#define LT_OBJDIR ".libs/"
#define HAVE_SYSTEM_INCLUDE_FILES 1
#define TIME_WITH_SYS_TIME 1
#define HAVE_DIRENT_H 1
#define HAVE_SYS_SELECT_H 1
#define HAVE_SYS_SOCKET_H 1
#define HAVE_SYS_TIME_H 1
#define HAVE_STRUCT_STAT_ST_BLKSIZE 1
#define SIZEOF_CHAR 1
#define SIZEOF_UNSIGNED_CHAR 1
#define SIZEOF_SHORT 2
#define SIZEOF_UNSIGNED_SHORT 2
#define SIZEOF_INT 4
#define SIZEOF_UNSIGNED_INT 4
#define SIZEOF_LONG 4
#define SIZEOF_UNSIGNED_LONG 4
#define SIZEOF_LONG_LONG 8
#define SIZEOF_UNSIGNED_LONG_LONG 8
#define SIZEOF_CHAR_P 4
#define SIZEOF_SIZE_T 4
#define HAVE_EXIT_SUCCESS 1
#define HAVE_MUTEX_PTHREADS 1
#define HAVE_MUTEX_SUPPORT 1
#define HAVE_SHARED_LATCHES 1
#define HAVE_SIMPLE_THREAD_TYPE 1
#define HAVE_ABORT 1
#define HAVE_ATOI 1
#define HAVE_ATOL 1
#define HAVE_GETCWD 1
#define HAVE_GETENV 1
#define HAVE_GETOPT 1
#define HAVE_ISALPHA 1
#define HAVE_ISDIGIT 1
#define HAVE_ISPRINT 1
#define HAVE_ISSPACE 1
#define HAVE_MEMCMP 1
#define HAVE_MEMCPY 1
#define HAVE_MEMMOVE 1
#define HAVE_PRINTF 1
#define HAVE_QSORT 1
#define HAVE_RAISE 1
#define HAVE_RAND 1
#define HAVE_STRCASECMP 1
#define HAVE_STRCAT 1
#define HAVE_STRCHR 1
#define HAVE_STRDUP 1
#define HAVE_STRERROR 1
#define HAVE_STRNCAT 1
#define HAVE_STRNCMP 1
#define HAVE_STRRCHR 1
#define HAVE_STRSEP 1
#define HAVE_STRTOL 1
#define HAVE_STRTOUL 1
#define HAVE_FCHMOD 1
#define HAVE_FCLOSE 1
#define HAVE_FCNTL 1
#define HAVE_FDATASYNC 1
#define HAVE_FGETC 1
#define HAVE_FGETS 1
#define HAVE_FOPEN 1
#define HAVE_FWRITE 1
#define HAVE_GETGID 1
#define HAVE_GETRUSAGE 1
#define HAVE_GETUID 1
#define HAVE_HSTRERROR 1
#define HAVE_MPROTECT 1
#define HAVE_PTHREAD_SELF 1
#define HAVE_RANDOM 1
#define HAVE_SCHED_YIELD 1
#define HAVE_SELECT 1
#define HAVE_SETGID 1
#define HAVE_SETUID 1
#define HAVE_SIGACTION 1
#define HAVE_SNPRINTF 1
#define HAVE_STAT 1
#define HAVE_SYSCONF 1
#define HAVE_VSNPRINTF 1
#define HAVE_GETTIMEOFDAY 1
#define HAVE_LOCALTIME 1
#define HAVE_TIME 1
#define HAVE_STRFTIME 1
#define HAVE_CLOCK_GETTIME 1
#define HAVE_CTIME_R 1
#define HAVE_FTRUNCATE 1
#define HAVE_PREAD 1
#define HAVE_PWRITE 1
#define HAVE_GETADDRINFO 1
#define HAVE_FCNTL_F_SETFD 1
#define _FILE_OFFSET_BITS 64
#define HAVE_MLOCK 1
#define HAVE_MUNLOCK 1
#define HAVE_MMAP 1
#define HAVE_MUNMAP 1
#define HAVE_SHMGET 1
#define HAVE_SHMCTL_SHM_LOCK 1
#define HAVE_64BIT_TYPES 1
#define HAVE_COMPRESSION 1
#define HAVE_PARTITION 1

configure: exit 0
